ARM GAS  C:\Users\teru\AppData\Local\Temp\ccMOYsQ0.s 			page 1


   1              		.syntax unified
   2              		.cpu cortex-m3
   3              		.fpu softvfp
   4              		.eabi_attribute 20, 1
   5              		.eabi_attribute 21, 1
   6              		.eabi_attribute 23, 3
   7              		.eabi_attribute 24, 1
   8              		.eabi_attribute 25, 1
   9              		.eabi_attribute 26, 1
  10              		.eabi_attribute 30, 1
  11              		.eabi_attribute 34, 1
  12              		.eabi_attribute 18, 4
  13              		.thumb
  14              		.syntax unified
  15              		.file	"clip.c"
  16              		.text
  17              	.Ltext0:
  18              		.cfi_sections	.debug_frame
  19              		.section	.text.clip1516_rad,"ax",%progbits
  20              		.align	2
  21              		.global	clip1516_rad
  22              		.thumb
  23              		.thumb_func
  24              		.type	clip1516_rad, %function
  25              	clip1516_rad:
  26              	.LFB5:
  27              		.file 1 "clip.c"
   1:clip.c        **** #include "clip.h"
   2:clip.c        **** #include <math.h>
   3:clip.c        **** 
   4:clip.c        **** q1516_t clip1516_rad(q1516_t x){
  28              		.loc 1 4 0
  29              		.cfi_startproc
  30              		@ args = 0, pretend = 0, frame = 0
  31              		@ frame_needed = 0, uses_anonymous_args = 0
  32              		@ link register save eliminated.
  33              	.LVL0:
   5:clip.c        ****     const static q1516_t m2pi = 2*M_PI*(1<<16);  
   6:clip.c        ****     return x%m2pi;
  34              		.loc 1 6 0
  35 0000 044B     		ldr	r3, .L2
  36 0002 83FB0032 		smull	r3, r2, r3, r0
  37 0006 C317     		asrs	r3, r0, #31
  38 0008 C3EB6243 		rsb	r3, r3, r2, asr #17
   7:clip.c        **** }
  39              		.loc 1 7 0
  40 000c 024A     		ldr	r2, .L2+4
  41 000e 02FB1300 		mls	r0, r2, r3, r0
  42              	.LVL1:
  43 0012 7047     		bx	lr
  44              	.L3:
  45              		.align	2
  46              	.L2:
  47 0014 83CC7C51 		.word	1367133315
  48 0018 7E480600 		.word	411774
  49              		.cfi_endproc
  50              	.LFE5:
ARM GAS  C:\Users\teru\AppData\Local\Temp\ccMOYsQ0.s 			page 2


  51              		.size	clip1516_rad, .-clip1516_rad
  52              		.section	.text.clip1516_pi4,"ax",%progbits
  53              		.align	2
  54              		.global	clip1516_pi4
  55              		.thumb
  56              		.thumb_func
  57              		.type	clip1516_pi4, %function
  58              	clip1516_pi4:
  59              	.LFB6:
   8:clip.c        **** 
   9:clip.c        **** q1516_t clip1516_pi4(q1516_t x){
  60              		.loc 1 9 0
  61              		.cfi_startproc
  62              		@ args = 0, pretend = 0, frame = 0
  63              		@ frame_needed = 0, uses_anonymous_args = 0
  64              		@ link register save eliminated.
  65              	.LVL2:
  10:clip.c        ****     const static q1516_t m1pi2 = M_PI_2*(1<<16);  
  11:clip.c        ****     q1516_t tmp=x%m1pi2;
  66              		.loc 1 11 0
  67 0000 084B     		ldr	r3, .L7
  68 0002 83FB0032 		smull	r3, r2, r3, r0
  69 0006 C317     		asrs	r3, r0, #31
  70 0008 C3EBE233 		rsb	r3, r3, r2, asr #15
  71 000c 064A     		ldr	r2, .L7+4
  72 000e 02FB1303 		mls	r3, r2, r3, r0
  73              	.LVL3:
  12:clip.c        ****     if (tmp<0){
  74              		.loc 1 12 0
  75 0012 002B     		cmp	r3, #0
  76 0014 03DA     		bge	.L6
  13:clip.c        ****         return tmp+m1pi2;
  77              		.loc 1 13 0
  78 0016 03F5C930 		add	r0, r3, #102912
  79              	.LVL4:
  80 001a 1F30     		adds	r0, r0, #31
  81 001c 7047     		bx	lr
  82              	.LVL5:
  83              	.L6:
  14:clip.c        ****     }
  15:clip.c        ****     return tmp;
  84              		.loc 1 15 0
  85 001e 1846     		mov	r0, r3
  86              	.LVL6:
  16:clip.c        **** }...
  87              		.loc 1 16 0
  88 0020 7047     		bx	lr
  89              	.L8:
  90 0022 00BF     		.align	2
  91              	.L7:
  92 0024 73E67C51 		.word	1367139955
  93 0028 1F920100 		.word	102943
  94              		.cfi_endproc
  95              	.LFE6:
  96              		.size	clip1516_pi4, .-clip1516_pi4
  97              		.text
  98              	.Letext0:
ARM GAS  C:\Users\teru\AppData\Local\Temp\ccMOYsQ0.s 			page 3


  99              		.file 2 "c:\\program files (x86)\\cypress\\psoc creator\\4.2\\psoc creator\\import\\gnu\\arm\\5.4.
 100              		.file 3 "c:\\program files (x86)\\cypress\\psoc creator\\4.2\\psoc creator\\import\\gnu\\arm\\5.4.
 101              		.file 4 "dsptype.h"
 102              		.section	.debug_info,"",%progbits
 103              	.Ldebug_info0:
 104 0000 26010000 		.4byte	0x126
 105 0004 0400     		.2byte	0x4
 106 0006 00000000 		.4byte	.Ldebug_abbrev0
 107 000a 04       		.byte	0x4
 108 000b 01       		.uleb128 0x1
 109 000c BF000000 		.4byte	.LASF19
 110 0010 0C       		.byte	0xc
 111 0011 A7010000 		.4byte	.LASF20
 112 0015 7F000000 		.4byte	.LASF21
 113 0019 00000000 		.4byte	.Ldebug_ranges0+0
 114 001d 00000000 		.4byte	0
 115 0021 00000000 		.4byte	.Ldebug_line0
 116 0025 02       		.uleb128 0x2
 117 0026 01       		.byte	0x1
 118 0027 06       		.byte	0x6
 119 0028 85010000 		.4byte	.LASF0
 120 002c 02       		.uleb128 0x2
 121 002d 01       		.byte	0x1
 122 002e 08       		.byte	0x8
 123 002f 1B000000 		.4byte	.LASF1
 124 0033 02       		.uleb128 0x2
 125 0034 02       		.byte	0x2
 126 0035 05       		.byte	0x5
 127 0036 AE010000 		.4byte	.LASF2
 128 003a 02       		.uleb128 0x2
 129 003b 02       		.byte	0x2
 130 003c 07       		.byte	0x7
 131 003d 72010000 		.4byte	.LASF3
 132 0041 03       		.uleb128 0x3
 133 0042 91010000 		.4byte	.LASF9
 134 0046 02       		.byte	0x2
 135 0047 3F       		.byte	0x3f
 136 0048 4C000000 		.4byte	0x4c
 137 004c 02       		.uleb128 0x2
 138 004d 04       		.byte	0x4
 139 004e 05       		.byte	0x5
 140 004f 62010000 		.4byte	.LASF4
 141 0053 02       		.uleb128 0x2
 142 0054 04       		.byte	0x4
 143 0055 07       		.byte	0x7
 144 0056 43000000 		.4byte	.LASF5
 145 005a 02       		.uleb128 0x2
 146 005b 08       		.byte	0x8
 147 005c 05       		.byte	0x5
 148 005d 00000000 		.4byte	.LASF6
 149 0061 02       		.uleb128 0x2
 150 0062 08       		.byte	0x8
 151 0063 07       		.byte	0x7
 152 0064 5D000000 		.4byte	.LASF7
 153 0068 04       		.uleb128 0x4
 154 0069 04       		.byte	0x4
 155 006a 05       		.byte	0x5
ARM GAS  C:\Users\teru\AppData\Local\Temp\ccMOYsQ0.s 			page 4


 156 006b 696E7400 		.ascii	"int\000"
 157 006f 02       		.uleb128 0x2
 158 0070 04       		.byte	0x4
 159 0071 07       		.byte	0x7
 160 0072 0E000000 		.4byte	.LASF8
 161 0076 03       		.uleb128 0x3
 162 0077 B8010000 		.4byte	.LASF10
 163 007b 03       		.byte	0x3
 164 007c 2C       		.byte	0x2c
 165 007d 41000000 		.4byte	0x41
 166 0081 03       		.uleb128 0x3
 167 0082 55000000 		.4byte	.LASF11
 168 0086 04       		.byte	0x4
 169 0087 05       		.byte	0x5
 170 0088 76000000 		.4byte	0x76
 171 008c 02       		.uleb128 0x2
 172 008d 08       		.byte	0x8
 173 008e 04       		.byte	0x4
 174 008f 9B010000 		.4byte	.LASF12
 175 0093 02       		.uleb128 0x2
 176 0094 04       		.byte	0x4
 177 0095 07       		.byte	0x7
 178 0096 C6010000 		.4byte	.LASF13
 179 009a 02       		.uleb128 0x2
 180 009b 01       		.byte	0x1
 181 009c 08       		.byte	0x8
 182 009d 5D010000 		.4byte	.LASF14
 183 00a1 02       		.uleb128 0x2
 184 00a2 08       		.byte	0x8
 185 00a3 04       		.byte	0x4
 186 00a4 6B010000 		.4byte	.LASF15
 187 00a8 02       		.uleb128 0x2
 188 00a9 04       		.byte	0x4
 189 00aa 04       		.byte	0x4
 190 00ab 74000000 		.4byte	.LASF16
 191 00af 05       		.uleb128 0x5
 192 00b0 36000000 		.4byte	.LASF22
 193 00b4 01       		.byte	0x1
 194 00b5 04       		.byte	0x4
 195 00b6 81000000 		.4byte	0x81
 196 00ba 00000000 		.4byte	.LFB5
 197 00be 1C000000 		.4byte	.LFE5-.LFB5
 198 00c2 01       		.uleb128 0x1
 199 00c3 9C       		.byte	0x9c
 200 00c4 E5000000 		.4byte	0xe5
 201 00c8 06       		.uleb128 0x6
 202 00c9 7800     		.ascii	"x\000"
 203 00cb 01       		.byte	0x1
 204 00cc 04       		.byte	0x4
 205 00cd 81000000 		.4byte	0x81
 206 00d1 00000000 		.4byte	.LLST0
 207 00d5 07       		.uleb128 0x7
 208 00d6 7A000000 		.4byte	.LASF17
 209 00da 01       		.byte	0x1
 210 00db 05       		.byte	0x5
 211 00dc E5000000 		.4byte	0xe5
 212 00e0 7E480600 		.4byte	0x6487e
ARM GAS  C:\Users\teru\AppData\Local\Temp\ccMOYsQ0.s 			page 5


 213 00e4 00       		.byte	0
 214 00e5 08       		.uleb128 0x8
 215 00e6 81000000 		.4byte	0x81
 216 00ea 09       		.uleb128 0x9
 217 00eb 29000000 		.4byte	.LASF23
 218 00ef 01       		.byte	0x1
 219 00f0 09       		.byte	0x9
 220 00f1 81000000 		.4byte	0x81
 221 00f5 00000000 		.4byte	.LFB6
 222 00f9 2C000000 		.4byte	.LFE6-.LFB6
 223 00fd 01       		.uleb128 0x1
 224 00fe 9C       		.byte	0x9c
 225 00ff 06       		.uleb128 0x6
 226 0100 7800     		.ascii	"x\000"
 227 0102 01       		.byte	0x1
 228 0103 09       		.byte	0x9
 229 0104 81000000 		.4byte	0x81
 230 0108 21000000 		.4byte	.LLST1
 231 010c 07       		.uleb128 0x7
 232 010d C0010000 		.4byte	.LASF18
 233 0111 01       		.byte	0x1
 234 0112 0A       		.byte	0xa
 235 0113 E5000000 		.4byte	0xe5
 236 0117 1F920100 		.4byte	0x1921f
 237 011b 0A       		.uleb128 0xa
 238 011c 746D7000 		.ascii	"tmp\000"
 239 0120 01       		.byte	0x1
 240 0121 0B       		.byte	0xb
 241 0122 81000000 		.4byte	0x81
 242 0126 01       		.uleb128 0x1
 243 0127 53       		.byte	0x53
 244 0128 00       		.byte	0
 245 0129 00       		.byte	0
 246              		.section	.debug_abbrev,"",%progbits
 247              	.Ldebug_abbrev0:
 248 0000 01       		.uleb128 0x1
 249 0001 11       		.uleb128 0x11
 250 0002 01       		.byte	0x1
 251 0003 25       		.uleb128 0x25
 252 0004 0E       		.uleb128 0xe
 253 0005 13       		.uleb128 0x13
 254 0006 0B       		.uleb128 0xb
 255 0007 03       		.uleb128 0x3
 256 0008 0E       		.uleb128 0xe
 257 0009 1B       		.uleb128 0x1b
 258 000a 0E       		.uleb128 0xe
 259 000b 55       		.uleb128 0x55
 260 000c 17       		.uleb128 0x17
 261 000d 11       		.uleb128 0x11
 262 000e 01       		.uleb128 0x1
 263 000f 10       		.uleb128 0x10
 264 0010 17       		.uleb128 0x17
 265 0011 00       		.byte	0
 266 0012 00       		.byte	0
 267 0013 02       		.uleb128 0x2
 268 0014 24       		.uleb128 0x24
 269 0015 00       		.byte	0
ARM GAS  C:\Users\teru\AppData\Local\Temp\ccMOYsQ0.s 			page 6


 270 0016 0B       		.uleb128 0xb
 271 0017 0B       		.uleb128 0xb
 272 0018 3E       		.uleb128 0x3e
 273 0019 0B       		.uleb128 0xb
 274 001a 03       		.uleb128 0x3
 275 001b 0E       		.uleb128 0xe
 276 001c 00       		.byte	0
 277 001d 00       		.byte	0
 278 001e 03       		.uleb128 0x3
 279 001f 16       		.uleb128 0x16
 280 0020 00       		.byte	0
 281 0021 03       		.uleb128 0x3
 282 0022 0E       		.uleb128 0xe
 283 0023 3A       		.uleb128 0x3a
 284 0024 0B       		.uleb128 0xb
 285 0025 3B       		.uleb128 0x3b
 286 0026 0B       		.uleb128 0xb
 287 0027 49       		.uleb128 0x49
 288 0028 13       		.uleb128 0x13
 289 0029 00       		.byte	0
 290 002a 00       		.byte	0
 291 002b 04       		.uleb128 0x4
 292 002c 24       		.uleb128 0x24
 293 002d 00       		.byte	0
 294 002e 0B       		.uleb128 0xb
 295 002f 0B       		.uleb128 0xb
 296 0030 3E       		.uleb128 0x3e
 297 0031 0B       		.uleb128 0xb
 298 0032 03       		.uleb128 0x3
 299 0033 08       		.uleb128 0x8
 300 0034 00       		.byte	0
 301 0035 00       		.byte	0
 302 0036 05       		.uleb128 0x5
 303 0037 2E       		.uleb128 0x2e
 304 0038 01       		.byte	0x1
 305 0039 3F       		.uleb128 0x3f
 306 003a 19       		.uleb128 0x19
 307 003b 03       		.uleb128 0x3
 308 003c 0E       		.uleb128 0xe
 309 003d 3A       		.uleb128 0x3a
 310 003e 0B       		.uleb128 0xb
 311 003f 3B       		.uleb128 0x3b
 312 0040 0B       		.uleb128 0xb
 313 0041 27       		.uleb128 0x27
 314 0042 19       		.uleb128 0x19
 315 0043 49       		.uleb128 0x49
 316 0044 13       		.uleb128 0x13
 317 0045 11       		.uleb128 0x11
 318 0046 01       		.uleb128 0x1
 319 0047 12       		.uleb128 0x12
 320 0048 06       		.uleb128 0x6
 321 0049 40       		.uleb128 0x40
 322 004a 18       		.uleb128 0x18
 323 004b 9742     		.uleb128 0x2117
 324 004d 19       		.uleb128 0x19
 325 004e 01       		.uleb128 0x1
 326 004f 13       		.uleb128 0x13
ARM GAS  C:\Users\teru\AppData\Local\Temp\ccMOYsQ0.s 			page 7


 327 0050 00       		.byte	0
 328 0051 00       		.byte	0
 329 0052 06       		.uleb128 0x6
 330 0053 05       		.uleb128 0x5
 331 0054 00       		.byte	0
 332 0055 03       		.uleb128 0x3
 333 0056 08       		.uleb128 0x8
 334 0057 3A       		.uleb128 0x3a
 335 0058 0B       		.uleb128 0xb
 336 0059 3B       		.uleb128 0x3b
 337 005a 0B       		.uleb128 0xb
 338 005b 49       		.uleb128 0x49
 339 005c 13       		.uleb128 0x13
 340 005d 02       		.uleb128 0x2
 341 005e 17       		.uleb128 0x17
 342 005f 00       		.byte	0
 343 0060 00       		.byte	0
 344 0061 07       		.uleb128 0x7
 345 0062 34       		.uleb128 0x34
 346 0063 00       		.byte	0
 347 0064 03       		.uleb128 0x3
 348 0065 0E       		.uleb128 0xe
 349 0066 3A       		.uleb128 0x3a
 350 0067 0B       		.uleb128 0xb
 351 0068 3B       		.uleb128 0x3b
 352 0069 0B       		.uleb128 0xb
 353 006a 49       		.uleb128 0x49
 354 006b 13       		.uleb128 0x13
 355 006c 1C       		.uleb128 0x1c
 356 006d 06       		.uleb128 0x6
 357 006e 00       		.byte	0
 358 006f 00       		.byte	0
 359 0070 08       		.uleb128 0x8
 360 0071 26       		.uleb128 0x26
 361 0072 00       		.byte	0
 362 0073 49       		.uleb128 0x49
 363 0074 13       		.uleb128 0x13
 364 0075 00       		.byte	0
 365 0076 00       		.byte	0
 366 0077 09       		.uleb128 0x9
 367 0078 2E       		.uleb128 0x2e
 368 0079 01       		.byte	0x1
 369 007a 3F       		.uleb128 0x3f
 370 007b 19       		.uleb128 0x19
 371 007c 03       		.uleb128 0x3
 372 007d 0E       		.uleb128 0xe
 373 007e 3A       		.uleb128 0x3a
 374 007f 0B       		.uleb128 0xb
 375 0080 3B       		.uleb128 0x3b
 376 0081 0B       		.uleb128 0xb
 377 0082 27       		.uleb128 0x27
 378 0083 19       		.uleb128 0x19
 379 0084 49       		.uleb128 0x49
 380 0085 13       		.uleb128 0x13
 381 0086 11       		.uleb128 0x11
 382 0087 01       		.uleb128 0x1
 383 0088 12       		.uleb128 0x12
ARM GAS  C:\Users\teru\AppData\Local\Temp\ccMOYsQ0.s 			page 8


 384 0089 06       		.uleb128 0x6
 385 008a 40       		.uleb128 0x40
 386 008b 18       		.uleb128 0x18
 387 008c 9742     		.uleb128 0x2117
 388 008e 19       		.uleb128 0x19
 389 008f 00       		.byte	0
 390 0090 00       		.byte	0
 391 0091 0A       		.uleb128 0xa
 392 0092 34       		.uleb128 0x34
 393 0093 00       		.byte	0
 394 0094 03       		.uleb128 0x3
 395 0095 08       		.uleb128 0x8
 396 0096 3A       		.uleb128 0x3a
 397 0097 0B       		.uleb128 0xb
 398 0098 3B       		.uleb128 0x3b
 399 0099 0B       		.uleb128 0xb
 400 009a 49       		.uleb128 0x49
 401 009b 13       		.uleb128 0x13
 402 009c 02       		.uleb128 0x2
 403 009d 18       		.uleb128 0x18
 404 009e 00       		.byte	0
 405 009f 00       		.byte	0
 406 00a0 00       		.byte	0
 407              		.section	.debug_loc,"",%progbits
 408              	.Ldebug_loc0:
 409              	.LLST0:
 410 0000 00000000 		.4byte	.LVL0
 411 0004 12000000 		.4byte	.LVL1
 412 0008 0100     		.2byte	0x1
 413 000a 50       		.byte	0x50
 414 000b 12000000 		.4byte	.LVL1
 415 000f 1C000000 		.4byte	.LFE5
 416 0013 0400     		.2byte	0x4
 417 0015 F3       		.byte	0xf3
 418 0016 01       		.uleb128 0x1
 419 0017 50       		.byte	0x50
 420 0018 9F       		.byte	0x9f
 421 0019 00000000 		.4byte	0
 422 001d 00000000 		.4byte	0
 423              	.LLST1:
 424 0021 00000000 		.4byte	.LVL2
 425 0025 1A000000 		.4byte	.LVL4
 426 0029 0100     		.2byte	0x1
 427 002b 50       		.byte	0x50
 428 002c 1A000000 		.4byte	.LVL4
 429 0030 1E000000 		.4byte	.LVL5
 430 0034 0400     		.2byte	0x4
 431 0036 F3       		.byte	0xf3
 432 0037 01       		.uleb128 0x1
 433 0038 50       		.byte	0x50
 434 0039 9F       		.byte	0x9f
 435 003a 1E000000 		.4byte	.LVL5
 436 003e 20000000 		.4byte	.LVL6
 437 0042 0100     		.2byte	0x1
 438 0044 50       		.byte	0x50
 439 0045 20000000 		.4byte	.LVL6
 440 0049 2C000000 		.4byte	.LFE6
ARM GAS  C:\Users\teru\AppData\Local\Temp\ccMOYsQ0.s 			page 9


 441 004d 0400     		.2byte	0x4
 442 004f F3       		.byte	0xf3
 443 0050 01       		.uleb128 0x1
 444 0051 50       		.byte	0x50
 445 0052 9F       		.byte	0x9f
 446 0053 00000000 		.4byte	0
 447 0057 00000000 		.4byte	0
 448              		.section	.debug_aranges,"",%progbits
 449 0000 24000000 		.4byte	0x24
 450 0004 0200     		.2byte	0x2
 451 0006 00000000 		.4byte	.Ldebug_info0
 452 000a 04       		.byte	0x4
 453 000b 00       		.byte	0
 454 000c 0000     		.2byte	0
 455 000e 0000     		.2byte	0
 456 0010 00000000 		.4byte	.LFB5
 457 0014 1C000000 		.4byte	.LFE5-.LFB5
 458 0018 00000000 		.4byte	.LFB6
 459 001c 2C000000 		.4byte	.LFE6-.LFB6
 460 0020 00000000 		.4byte	0
 461 0024 00000000 		.4byte	0
 462              		.section	.debug_ranges,"",%progbits
 463              	.Ldebug_ranges0:
 464 0000 00000000 		.4byte	.LFB5
 465 0004 1C000000 		.4byte	.LFE5
 466 0008 00000000 		.4byte	.LFB6
 467 000c 2C000000 		.4byte	.LFE6
 468 0010 00000000 		.4byte	0
 469 0014 00000000 		.4byte	0
 470              		.section	.debug_line,"",%progbits
 471              	.Ldebug_line0:
 472 0000 4E010000 		.section	.debug_str,"MS",%progbits,1
 472      02002701 
 472      00000201 
 472      FB0E0D00 
 472      01010101 
 473              	.LASF6:
 474 0000 6C6F6E67 		.ascii	"long long int\000"
 474      206C6F6E 
 474      6720696E 
 474      7400
 475              	.LASF8:
 476 000e 756E7369 		.ascii	"unsigned int\000"
 476      676E6564 
 476      20696E74 
 476      00
 477              	.LASF1:
 478 001b 756E7369 		.ascii	"unsigned char\000"
 478      676E6564 
 478      20636861 
 478      7200
 479              	.LASF23:
 480 0029 636C6970 		.ascii	"clip1516_pi4\000"
 480      31353136 
 480      5F706934 
 480      00
 481              	.LASF22:
ARM GAS  C:\Users\teru\AppData\Local\Temp\ccMOYsQ0.s 			page 10


 482 0036 636C6970 		.ascii	"clip1516_rad\000"
 482      31353136 
 482      5F726164 
 482      00
 483              	.LASF5:
 484 0043 6C6F6E67 		.ascii	"long unsigned int\000"
 484      20756E73 
 484      69676E65 
 484      6420696E 
 484      7400
 485              	.LASF11:
 486 0055 71313531 		.ascii	"q1516_t\000"
 486      365F7400 
 487              	.LASF7:
 488 005d 6C6F6E67 		.ascii	"long long unsigned int\000"
 488      206C6F6E 
 488      6720756E 
 488      7369676E 
 488      65642069 
 489              	.LASF16:
 490 0074 666C6F61 		.ascii	"float\000"
 490      7400
 491              	.LASF17:
 492 007a 6D327069 		.ascii	"m2pi\000"
 492      00
 493              	.LASF21:
 494 007f 443A5C75 		.ascii	"D:\\user\\teru\\Documents\\PSoC Creator\\BlackBeans"
 494      7365725C 
 494      74657275 
 494      5C446F63 
 494      756D656E 
 495 00ad 5C426C61 		.ascii	"\\BlackBeans.cydsn\000"
 495      636B4265 
 495      616E732E 
 495      63796473 
 495      6E00
 496              	.LASF19:
 497 00bf 474E5520 		.ascii	"GNU C11 5.4.1 20160609 (release) [ARM/embedded-5-br"
 497      43313120 
 497      352E342E 
 497      31203230 
 497      31363036 
 498 00f2 616E6368 		.ascii	"anch revision 237715] -mcpu=cortex-m3 -mthumb -g -O"
 498      20726576 
 498      6973696F 
 498      6E203233 
 498      37373135 
 499 0125 67202D66 		.ascii	"g -funsigned-char -ffunction-sections -ffat-lto-obj"
 499      756E7369 
 499      676E6564 
 499      2D636861 
 499      72202D66 
 500 0158 65637473 		.ascii	"ects\000"
 500      00
 501              	.LASF14:
 502 015d 63686172 		.ascii	"char\000"
 502      00
ARM GAS  C:\Users\teru\AppData\Local\Temp\ccMOYsQ0.s 			page 11


 503              	.LASF4:
 504 0162 6C6F6E67 		.ascii	"long int\000"
 504      20696E74 
 504      00
 505              	.LASF15:
 506 016b 646F7562 		.ascii	"double\000"
 506      6C6500
 507              	.LASF3:
 508 0172 73686F72 		.ascii	"short unsigned int\000"
 508      7420756E 
 508      7369676E 
 508      65642069 
 508      6E7400
 509              	.LASF0:
 510 0185 7369676E 		.ascii	"signed char\000"
 510      65642063 
 510      68617200 
 511              	.LASF9:
 512 0191 5F5F696E 		.ascii	"__int32_t\000"
 512      7433325F 
 512      7400
 513              	.LASF12:
 514 019b 6C6F6E67 		.ascii	"long double\000"
 514      20646F75 
 514      626C6500 
 515              	.LASF20:
 516 01a7 636C6970 		.ascii	"clip.c\000"
 516      2E6300
 517              	.LASF2:
 518 01ae 73686F72 		.ascii	"short int\000"
 518      7420696E 
 518      7400
 519              	.LASF10:
 520 01b8 696E7433 		.ascii	"int32_t\000"
 520      325F7400 
 521              	.LASF18:
 522 01c0 6D317069 		.ascii	"m1pi2\000"
 522      3200
 523              	.LASF13:
 524 01c6 73697A65 		.ascii	"sizetype\000"
 524      74797065 
 524      00
 525              		.ident	"GCC: (GNU Tools for ARM Embedded Processors) 5.4.1 20160609 (release) [ARM/embedded-5-bran
