ARM GAS  C:\Users\teru\AppData\Local\Temp\cce9PNNc.s 			page 1


   1              		.syntax unified
   2              		.cpu cortex-m3
   3              		.fpu softvfp
   4              		.eabi_attribute 20, 1
   5              		.eabi_attribute 21, 1
   6              		.eabi_attribute 23, 3
   7              		.eabi_attribute 24, 1
   8              		.eabi_attribute 25, 1
   9              		.eabi_attribute 26, 1
  10              		.eabi_attribute 30, 1
  11              		.eabi_attribute 34, 1
  12              		.eabi_attribute 18, 4
  13              		.thumb
  14              		.syntax unified
  15              		.file	"control.c"
  16              		.text
  17              	.Ltext0:
  18              		.cfi_sections	.debug_frame
  19              		.section	.text._Z9pidc_initP4pidclll,"ax",%progbits
  20              		.align	2
  21              		.global	_Z9pidc_initP4pidclll
  22              		.thumb
  23              		.thumb_func
  24              		.type	_Z9pidc_initP4pidclll, %function
  25              	_Z9pidc_initP4pidclll:
  26              		.fnstart
  27              	.LFB7:
  28              		.file 1 "control.c"
   1:control.c     **** #include "control.h"
   2:control.c     **** #include <assert.h>
   3:control.c     **** #include <string.h>
   4:control.c     **** #include "clip.h"
   5:control.c     **** #include "dspmath.h"
   6:control.c     **** #include <stdlib.h>
   7:control.c     **** void pidc_init(pidc_t* obj,q1516_t p,q1516_t i,q1516_t d){
  29              		.loc 1 7 0
  30              		.cfi_startproc
  31              		@ args = 0, pretend = 0, frame = 0
  32              		@ frame_needed = 0, uses_anonymous_args = 0
  33              	.LVL0:
  34 0000 10B5     		push	{r4, lr}
  35              		.save {r4, lr}
  36              		.cfi_def_cfa_offset 8
  37              		.cfi_offset 4, -8
  38              		.cfi_offset 14, -4
   8:control.c     ****     assert(obj);   
  39              		.loc 1 8 0
  40 0002 28B9     		cbnz	r0, .L2
  41              		.loc 1 8 0 is_stmt 0 discriminator 1
  42 0004 074B     		ldr	r3, .L4
  43              	.LVL1:
  44 0006 084A     		ldr	r2, .L4+4
  45              	.LVL2:
  46 0008 0821     		movs	r1, #8
  47              	.LVL3:
  48 000a 0848     		ldr	r0, .L4+8
  49              	.LVL4:
ARM GAS  C:\Users\teru\AppData\Local\Temp\cce9PNNc.s 			page 2


  50 000c FFF7FEFF 		bl	__assert_func
  51              	.LVL5:
  52              	.L2:
  53 0010 0446     		mov	r4, r0
   9:control.c     ****     //パラメータ初期化
  10:control.c     ****     memset(obj,0,sizeof(pidc_t));
  54              		.loc 1 10 0 is_stmt 1
  55 0012 0020     		movs	r0, #0
  56              	.LVL6:
  57 0014 E060     		str	r0, [r4, #12]	@ unaligned
  58 0016 2061     		str	r0, [r4, #16]	@ unaligned
  59 0018 6061     		str	r0, [r4, #20]	@ unaligned
  11:control.c     ****     obj->p=p;
  60              		.loc 1 11 0
  61 001a 2160     		str	r1, [r4]
  12:control.c     ****     obj->i=i;
  62              		.loc 1 12 0
  63 001c 6260     		str	r2, [r4, #4]
  13:control.c     ****     obj->d=d;
  64              		.loc 1 13 0
  65 001e A360     		str	r3, [r4, #8]
  66 0020 10BD     		pop	{r4, pc}
  67              	.LVL7:
  68              	.L5:
  69 0022 00BF     		.align	2
  70              	.L4:
  71 0024 00000000 		.word	.LC0
  72 0028 00000000 		.word	.LANCHOR0
  73 002c 04000000 		.word	.LC1
  74              		.cfi_endproc
  75              	.LFE7:
  76              		.fnend
  77              		.size	_Z9pidc_initP4pidclll, .-_Z9pidc_initP4pidclll
  78              		.section	.text._Z12pidc_controlP4pidcl,"ax",%progbits
  79              		.align	2
  80              		.global	_Z12pidc_controlP4pidcl
  81              		.thumb
  82              		.thumb_func
  83              		.type	_Z12pidc_controlP4pidcl, %function
  84              	_Z12pidc_controlP4pidcl:
  85              		.fnstart
  86              	.LFB8:
  14:control.c     **** }
  15:control.c     **** 
  16:control.c     **** 
  17:control.c     **** q1516_t pidc_control(pidc_t* obj,q1516_t error){
  87              		.loc 1 17 0
  88              		.cfi_startproc
  89              		@ args = 0, pretend = 0, frame = 0
  90              		@ frame_needed = 0, uses_anonymous_args = 0
  91              	.LVL8:
  92 0000 F8B5     		push	{r3, r4, r5, r6, r7, lr}
  93              		.save {r3, r4, r5, r6, r7, lr}
  94              		.cfi_def_cfa_offset 24
  95              		.cfi_offset 3, -24
  96              		.cfi_offset 4, -20
  97              		.cfi_offset 5, -16
ARM GAS  C:\Users\teru\AppData\Local\Temp\cce9PNNc.s 			page 3


  98              		.cfi_offset 6, -12
  99              		.cfi_offset 7, -8
 100              		.cfi_offset 14, -4
  18:control.c     ****     assert(obj); 
 101              		.loc 1 18 0
 102 0002 28B9     		cbnz	r0, .L7
 103              		.loc 1 18 0 is_stmt 0 discriminator 1
 104 0004 2F4B     		ldr	r3, .L18
 105 0006 304A     		ldr	r2, .L18+4
 106 0008 1221     		movs	r1, #18
 107              	.LVL9:
 108 000a 3048     		ldr	r0, .L18+8
 109              	.LVL10:
 110 000c FFF7FEFF 		bl	__assert_func
 111              	.LVL11:
 112              	.L7:
 113 0010 8E46     		mov	lr, r1
 114 0012 0346     		mov	r3, r0
  19:control.c     ****     //エラーの計算
  20:control.c     ****     q1516_t error_sum=obj->error_sum=clip32_add(obj->error_sum,error);
 115              		.loc 1 20 0 is_stmt 1
 116 0014 0469     		ldr	r4, [r0, #16]
 117              	.LVL12:
 118              	.LBB8:
 119              	.LBB9:
 120              		.file 2 "clip.h"
   1:clip.h        **** #pragma once
   2:clip.h        **** #ifndef __CLIP_HEADER_GUARD__
   3:clip.h        **** #define __CLIP_HEADER_GUARD__
   4:clip.h        ****     #include <stdbool.h>
   5:clip.h        ****     #include <stdint.h>
   6:clip.h        ****     #include "dsptype.h"
   7:clip.h        ****     
   8:clip.h        ****     static inline int32_t clip32(int64_t x){
   9:clip.h        ****         if (x>INT32_MAX)return INT32_MAX;
  10:clip.h        ****         if (INT32_MIN>x)return INT32_MIN;
  11:clip.h        ****         return x;
  12:clip.h        ****     }
  13:clip.h        **** 
  14:clip.h        ****     static inline int32_t clip32_add(int32_t x,int32_t y){
  15:clip.h        ****         int64_t add = (int64_t)x+(int64_t)y;
 121              		.loc 2 15 0
 122 0016 7046     		mov	r0, lr
 123              	.LVL13:
 124 0018 C117     		asrs	r1, r0, #31
 125              	.LVL14:
 126 001a 1EEB0406 		adds	r6, lr, r4
 127 001e 41EBE477 		adc	r7, r1, r4, asr #31
 128              	.LVL15:
  16:clip.h        ****         if (add>INT32_MAX)return INT32_MAX;
 129              		.loc 2 16 0
 130 0022 B6F1004F 		cmp	r6, #-2147483648
 131 0026 77F10002 		sbcs	r2, r7, #0
 132 002a 06DA     		bge	.L11
 133              	.LVL16:
  17:clip.h        ****         if (INT32_MIN>add)return INT32_MIN;
 134              		.loc 2 17 0
ARM GAS  C:\Users\teru\AppData\Local\Temp\cce9PNNc.s 			page 4


 135 002c B6F1004F 		cmp	r6, #-2147483648
 136 0030 77F1FF32 		sbcs	r2, r7, #-1
 137 0034 04DB     		blt	.L12
  18:clip.h        ****         return add;
 138              		.loc 2 18 0
 139 0036 7444     		add	r4, r4, lr
 140              	.LVL17:
 141 0038 04E0     		b	.L8
 142              	.LVL18:
 143              	.L11:
  16:clip.h        ****         if (add>INT32_MAX)return INT32_MAX;
 144              		.loc 2 16 0
 145 003a 6FF00044 		mvn	r4, #-2147483648
 146              	.LVL19:
 147 003e 01E0     		b	.L8
 148              	.LVL20:
 149              	.L12:
  17:clip.h        ****         if (INT32_MIN>add)return INT32_MIN;
 150              		.loc 2 17 0
 151 0040 4FF00044 		mov	r4, #-2147483648
 152              	.LVL21:
 153              	.L8:
 154              	.LBE9:
 155              	.LBE8:
 156              		.loc 1 20 0
 157 0044 1C61     		str	r4, [r3, #16]
 158              	.LVL22:
  21:control.c     ****     q1516_t error_diff=clip32_sub(error,obj->error_last);
 159              		.loc 1 21 0
 160 0046 5A69     		ldr	r2, [r3, #20]
 161              	.LVL23:
 162              	.LBB10:
 163              	.LBB11:
  19:clip.h        ****     }
  20:clip.h        **** 
  21:clip.h        ****     static inline int32_t clip32_sub(int32_t x,int32_t y){
  22:clip.h        ****         int64_t sub = (int64_t)x-(int64_t)y;
 164              		.loc 2 22 0
 165 0048 801A     		subs	r0, r0, r2
 166              	.LVL24:
 167 004a 61EBE271 		sbc	r1, r1, r2, asr #31
 168              	.LVL25:
  23:clip.h        ****         if (sub>INT32_MAX)return INT32_MAX;
 169              		.loc 2 23 0
 170 004e B0F1004F 		cmp	r0, #-2147483648
 171 0052 71F10005 		sbcs	r5, r1, #0
 172 0056 07DA     		bge	.L13
  24:clip.h        ****         if (INT32_MIN>sub)return INT32_MIN;
 173              		.loc 2 24 0
 174 0058 B0F1004F 		cmp	r0, #-2147483648
 175 005c 71F1FF31 		sbcs	r1, r1, #-1
 176 0060 05DB     		blt	.L14
  25:clip.h        ****         return sub;
 177              		.loc 2 25 0
 178 0062 C2EB0E05 		rsb	r5, r2, lr
 179 0066 04E0     		b	.L9
 180              	.L13:
ARM GAS  C:\Users\teru\AppData\Local\Temp\cce9PNNc.s 			page 5


  23:clip.h        ****         if (sub>INT32_MAX)return INT32_MAX;
 181              		.loc 2 23 0
 182 0068 6FF00045 		mvn	r5, #-2147483648
 183 006c 01E0     		b	.L9
 184              	.L14:
  24:clip.h        ****         if (INT32_MIN>sub)return INT32_MIN;
 185              		.loc 2 24 0
 186 006e 4FF00045 		mov	r5, #-2147483648
 187              	.L9:
 188              	.LVL26:
 189              	.LBE11:
 190              	.LBE10:
  22:control.c     ****     obj->error_last=error;
 191              		.loc 1 22 0
 192 0072 C3F814E0 		str	lr, [r3, #20]
 193              	.LVL27:
  23:control.c     ****     
  24:control.c     ****     q3132_t sum=0;
  25:control.c     ****     sum+=obj->output_last;
 194              		.loc 1 25 0
 195 0076 DA68     		ldr	r2, [r3, #12]
 196              	.LVL28:
  26:control.c     ****     sum+=obj->p*error;
 197              		.loc 1 26 0
 198 0078 1868     		ldr	r0, [r3]
 199 007a 00FB0EF0 		mul	r0, r0, lr
 200 007e C117     		asrs	r1, r0, #31
 201 0080 8018     		adds	r0, r0, r2
 202 0082 41EBE271 		adc	r1, r1, r2, asr #31
 203              	.LVL29:
  27:control.c     ****     sum+=obj->i*error_sum;
 204              		.loc 1 27 0
 205 0086 5A68     		ldr	r2, [r3, #4]
 206 0088 04FB02F4 		mul	r4, r4, r2
 207              	.LVL30:
 208 008c 0019     		adds	r0, r0, r4
 209              	.LVL31:
 210 008e 41EBE471 		adc	r1, r1, r4, asr #31
 211              	.LVL32:
  28:control.c     ****     sum+=obj->d*error_diff;
 212              		.loc 1 28 0
 213 0092 9A68     		ldr	r2, [r3, #8]
 214 0094 05FB02F2 		mul	r2, r5, r2
 215 0098 8018     		adds	r0, r0, r2
 216              	.LVL33:
 217 009a 41EBE271 		adc	r1, r1, r2, asr #31
 218              	.LVL34:
 219              	.LBB12:
 220              	.LBB13:
   9:clip.h        ****         if (INT32_MIN>x)return INT32_MIN;
 221              		.loc 2 9 0
 222 009e B0F1004F 		cmp	r0, #-2147483648
 223 00a2 71F10002 		sbcs	r2, r1, #0
 224 00a6 05DA     		bge	.L15
  10:clip.h        ****         return x;
 225              		.loc 2 10 0
 226 00a8 B0F1004F 		cmp	r0, #-2147483648
ARM GAS  C:\Users\teru\AppData\Local\Temp\cce9PNNc.s 			page 6


 227 00ac 71F1FF32 		sbcs	r2, r1, #-1
 228 00b0 03DB     		blt	.L16
 229 00b2 04E0     		b	.L10
 230              	.L15:
   9:clip.h        ****         if (INT32_MIN>x)return INT32_MIN;
 231              		.loc 2 9 0
 232 00b4 6FF00040 		mvn	r0, #-2147483648
 233              	.LVL35:
 234 00b8 01E0     		b	.L10
 235              	.LVL36:
 236              	.L16:
  10:clip.h        ****         return x;
 237              		.loc 2 10 0
 238 00ba 4FF00040 		mov	r0, #-2147483648
 239              	.LVL37:
 240              	.L10:
 241              	.LBE13:
 242              	.LBE12:
  29:control.c     ****     return obj->output_last=clip32(sum);
 243              		.loc 1 29 0
 244 00be D860     		str	r0, [r3, #12]
  30:control.c     **** }
 245              		.loc 1 30 0
 246 00c0 F8BD     		pop	{r3, r4, r5, r6, r7, pc}
 247              	.LVL38:
 248              	.L19:
 249 00c2 00BF     		.align	2
 250              	.L18:
 251 00c4 00000000 		.word	.LC0
 252 00c8 34000000 		.word	.LANCHOR0+52
 253 00cc 04000000 		.word	.LC1
 254              		.cfi_endproc
 255              	.LFE8:
 256              		.fnend
 257              		.size	_Z12pidc_controlP4pidcl, .-_Z12pidc_controlP4pidcl
 258              		.section	.text._Z10pidc_errorPK4pidc,"ax",%progbits
 259              		.align	2
 260              		.global	_Z10pidc_errorPK4pidc
 261              		.thumb
 262              		.thumb_func
 263              		.type	_Z10pidc_errorPK4pidc, %function
 264              	_Z10pidc_errorPK4pidc:
 265              		.fnstart
 266              	.LFB9:
  31:control.c     **** 
  32:control.c     **** q1516_t pidc_error(const pidc_t* obj){
 267              		.loc 1 32 0
 268              		.cfi_startproc
 269              		@ args = 0, pretend = 0, frame = 0
 270              		@ frame_needed = 0, uses_anonymous_args = 0
 271              	.LVL39:
  33:control.c     ****     assert(obj);
 272              		.loc 1 33 0
 273 0000 30B9     		cbnz	r0, .L21
  32:control.c     ****     assert(obj);
 274              		.loc 1 32 0 discriminator 1
 275 0002 08B5     		push	{r3, lr}
ARM GAS  C:\Users\teru\AppData\Local\Temp\cce9PNNc.s 			page 7


 276              		.save {r3, lr}
 277              		.cfi_def_cfa_offset 8
 278              		.cfi_offset 3, -8
 279              		.cfi_offset 14, -4
 280              		.loc 1 33 0 discriminator 1
 281 0004 034B     		ldr	r3, .L23
 282 0006 044A     		ldr	r2, .L23+4
 283 0008 2121     		movs	r1, #33
 284 000a 0448     		ldr	r0, .L23+8
 285              	.LVL40:
 286 000c FFF7FEFF 		bl	__assert_func
 287              	.LVL41:
 288              	.L21:
 289              		.cfi_def_cfa_offset 0
 290              		.cfi_restore 3
 291              		.cfi_restore 14
  34:control.c     ****     return 0;
  35:control.c     **** }...
 292              		.loc 1 35 0
 293 0010 0020     		movs	r0, #0
 294              	.LVL42:
 295 0012 7047     		bx	lr
 296              	.L24:
 297              		.align	2
 298              	.L23:
 299 0014 00000000 		.word	.LC0
 300 0018 5C000000 		.word	.LANCHOR0+92
 301 001c 04000000 		.word	.LC1
 302              		.cfi_endproc
 303              	.LFE9:
 304              		.fnend
 305              		.size	_Z10pidc_errorPK4pidc, .-_Z10pidc_errorPK4pidc
 306              		.section	.rodata
 307              		.align	2
 308              		.set	.LANCHOR0,. + 0
 309              		.type	_ZZ9pidc_initP4pidclllE19__PRETTY_FUNCTION__, %object
 310              		.size	_ZZ9pidc_initP4pidclllE19__PRETTY_FUNCTION__, 51
 311              	_ZZ9pidc_initP4pidclllE19__PRETTY_FUNCTION__:
 312 0000 766F6964 		.ascii	"void pidc_init(pidc_t*, q1516_t, q1516_t, q1516_t)\000"
 312      20706964 
 312      635F696E 
 312      69742870 
 312      6964635F 
 313 0033 00       		.space	1
 314              		.type	_ZZ12pidc_controlP4pidclE19__PRETTY_FUNCTION__, %object
 315              		.size	_ZZ12pidc_controlP4pidclE19__PRETTY_FUNCTION__, 39
 316              	_ZZ12pidc_controlP4pidclE19__PRETTY_FUNCTION__:
 317 0034 71313531 		.ascii	"q1516_t pidc_control(pidc_t*, q1516_t)\000"
 317      365F7420 
 317      70696463 
 317      5F636F6E 
 317      74726F6C 
 318 005b 00       		.space	1
 319              		.type	_ZZ10pidc_errorPK4pidcE19__PRETTY_FUNCTION__, %object
 320              		.size	_ZZ10pidc_errorPK4pidcE19__PRETTY_FUNCTION__, 34
 321              	_ZZ10pidc_errorPK4pidcE19__PRETTY_FUNCTION__:
 322 005c 71313531 		.ascii	"q1516_t pidc_error(const pidc_t*)\000"
ARM GAS  C:\Users\teru\AppData\Local\Temp\cce9PNNc.s 			page 8


 322      365F7420 
 322      70696463 
 322      5F657272 
 322      6F722863 
 323              		.section	.rodata.str1.4,"aMS",%progbits,1
 324              		.align	2
 325              	.LC0:
 326 0000 6F626A00 		.ascii	"obj\000"
 327              	.LC1:
 328 0004 636F6E74 		.ascii	"control.c\000"
 328      726F6C2E 
 328      6300
 329              		.text
 330              	.Letext0:
 331              		.file 3 "c:\\program files (x86)\\cypress\\psoc creator\\4.2\\psoc creator\\import\\gnu\\arm\\5.4.
 332              		.file 4 "c:\\program files (x86)\\cypress\\psoc creator\\4.2\\psoc creator\\import\\gnu\\arm\\5.4.
 333              		.file 5 "dsptype.h"
 334              		.file 6 "control.h"
 335              		.file 7 "c:\\program files (x86)\\cypress\\psoc creator\\4.2\\psoc creator\\import\\gnu\\arm\\5.4.
 336              		.section	.debug_info,"",%progbits
 337              	.Ldebug_info0:
 338 0000 05040000 		.4byte	0x405
 339 0004 0400     		.2byte	0x4
 340 0006 00000000 		.4byte	.Ldebug_abbrev0
 341 000a 04       		.byte	0x4
 342 000b 01       		.uleb128 0x1
 343 000c 75010000 		.4byte	.LASF31
 344 0010 04       		.byte	0x4
 345 0011 ED000000 		.4byte	.LASF32
 346 0015 08000000 		.4byte	.LASF33
 347 0019 00000000 		.4byte	.Ldebug_ranges0+0
 348 001d 00000000 		.4byte	0
 349 0021 00000000 		.4byte	.Ldebug_line0
 350 0025 02       		.uleb128 0x2
 351 0026 08       		.byte	0x8
 352 0027 07       		.byte	0x7
 353 0028 5E010000 		.4byte	.LASF0
 354 002c 03       		.uleb128 0x3
 355 002d 04       		.byte	0x4
 356 002e 05       		.byte	0x5
 357 002f 696E7400 		.ascii	"int\000"
 358 0033 02       		.uleb128 0x2
 359 0034 01       		.byte	0x1
 360 0035 06       		.byte	0x6
 361 0036 85020000 		.4byte	.LASF1
 362 003a 02       		.uleb128 0x2
 363 003b 01       		.byte	0x1
 364 003c 08       		.byte	0x8
 365 003d C7000000 		.4byte	.LASF2
 366 0041 02       		.uleb128 0x2
 367 0042 02       		.byte	0x2
 368 0043 05       		.byte	0x5
 369 0044 58020000 		.4byte	.LASF3
 370 0048 02       		.uleb128 0x2
 371 0049 02       		.byte	0x2
 372 004a 07       		.byte	0x7
 373 004b 01010000 		.4byte	.LASF4
ARM GAS  C:\Users\teru\AppData\Local\Temp\cce9PNNc.s 			page 9


 374 004f 04       		.uleb128 0x4
 375 0050 48000000 		.4byte	.LASF7
 376 0054 03       		.byte	0x3
 377 0055 3F       		.byte	0x3f
 378 0056 5A000000 		.4byte	0x5a
 379 005a 02       		.uleb128 0x2
 380 005b 04       		.byte	0x4
 381 005c 05       		.byte	0x5
 382 005d 6D020000 		.4byte	.LASF5
 383 0061 02       		.uleb128 0x2
 384 0062 04       		.byte	0x4
 385 0063 07       		.byte	0x7
 386 0064 26010000 		.4byte	.LASF6
 387 0068 04       		.uleb128 0x4
 388 0069 14010000 		.4byte	.LASF8
 389 006d 03       		.byte	0x3
 390 006e 59       		.byte	0x59
 391 006f 73000000 		.4byte	0x73
 392 0073 02       		.uleb128 0x2
 393 0074 08       		.byte	0x8
 394 0075 05       		.byte	0x5
 395 0076 22020000 		.4byte	.LASF9
 396 007a 02       		.uleb128 0x2
 397 007b 04       		.byte	0x4
 398 007c 07       		.byte	0x7
 399 007d 51010000 		.4byte	.LASF10
 400 0081 04       		.uleb128 0x4
 401 0082 8A000000 		.4byte	.LASF11
 402 0086 04       		.byte	0x4
 403 0087 2C       		.byte	0x2c
 404 0088 4F000000 		.4byte	0x4f
 405 008c 04       		.uleb128 0x4
 406 008d 00000000 		.4byte	.LASF12
 407 0091 04       		.byte	0x4
 408 0092 38       		.byte	0x38
 409 0093 68000000 		.4byte	0x68
 410 0097 04       		.uleb128 0x4
 411 0098 50020000 		.4byte	.LASF13
 412 009c 05       		.byte	0x5
 413 009d 05       		.byte	0x5
 414 009e 81000000 		.4byte	0x81
 415 00a2 04       		.uleb128 0x4
 416 00a3 1E010000 		.4byte	.LASF14
 417 00a7 05       		.byte	0x5
 418 00a8 06       		.byte	0x6
 419 00a9 8C000000 		.4byte	0x8c
 420 00ad 05       		.uleb128 0x5
 421 00ae 73000000 		.4byte	.LASF34
 422 00b2 18       		.byte	0x18
 423 00b3 06       		.byte	0x6
 424 00b4 08       		.byte	0x8
 425 00b5 FC000000 		.4byte	0xfc
 426 00b9 06       		.uleb128 0x6
 427 00ba 7000     		.ascii	"p\000"
 428 00bc 06       		.byte	0x6
 429 00bd 09       		.byte	0x9
 430 00be 97000000 		.4byte	0x97
ARM GAS  C:\Users\teru\AppData\Local\Temp\cce9PNNc.s 			page 10


 431 00c2 00       		.byte	0
 432 00c3 06       		.uleb128 0x6
 433 00c4 6900     		.ascii	"i\000"
 434 00c6 06       		.byte	0x6
 435 00c7 09       		.byte	0x9
 436 00c8 97000000 		.4byte	0x97
 437 00cc 04       		.byte	0x4
 438 00cd 06       		.uleb128 0x6
 439 00ce 6400     		.ascii	"d\000"
 440 00d0 06       		.byte	0x6
 441 00d1 09       		.byte	0x9
 442 00d2 97000000 		.4byte	0x97
 443 00d6 08       		.byte	0x8
 444 00d7 07       		.uleb128 0x7
 445 00d8 44020000 		.4byte	.LASF15
 446 00dc 06       		.byte	0x6
 447 00dd 0A       		.byte	0xa
 448 00de 97000000 		.4byte	0x97
 449 00e2 0C       		.byte	0xc
 450 00e3 07       		.uleb128 0x7
 451 00e4 7B020000 		.4byte	.LASF16
 452 00e8 06       		.byte	0x6
 453 00e9 0B       		.byte	0xb
 454 00ea 97000000 		.4byte	0x97
 455 00ee 10       		.byte	0x10
 456 00ef 07       		.uleb128 0x7
 457 00f0 52000000 		.4byte	.LASF17
 458 00f4 06       		.byte	0x6
 459 00f5 0C       		.byte	0xc
 460 00f6 97000000 		.4byte	0x97
 461 00fa 14       		.byte	0x14
 462 00fb 00       		.byte	0
 463 00fc 04       		.uleb128 0x4
 464 00fd 30020000 		.4byte	.LASF18
 465 0101 06       		.byte	0x6
 466 0102 0F       		.byte	0xf
 467 0103 AD000000 		.4byte	0xad
 468 0107 02       		.uleb128 0x2
 469 0108 04       		.byte	0x4
 470 0109 07       		.byte	0x7
 471 010a 13020000 		.4byte	.LASF19
 472 010e 02       		.uleb128 0x2
 473 010f 01       		.byte	0x1
 474 0110 08       		.byte	0x8
 475 0111 76020000 		.4byte	.LASF20
 476 0115 08       		.uleb128 0x8
 477 0116 0E010000 		.4byte	0x10e
 478 011a 09       		.uleb128 0x9
 479 011b 78000000 		.4byte	.LASF21
 480 011f 02       		.byte	0x2
 481 0120 08       		.byte	0x8
 482 0121 81000000 		.4byte	0x81
 483 0125 03       		.byte	0x3
 484 0126 34010000 		.4byte	0x134
 485 012a 0A       		.uleb128 0xa
 486 012b 7800     		.ascii	"x\000"
 487 012d 02       		.byte	0x2
ARM GAS  C:\Users\teru\AppData\Local\Temp\cce9PNNc.s 			page 11


 488 012e 08       		.byte	0x8
 489 012f 8C000000 		.4byte	0x8c
 490 0133 00       		.byte	0
 491 0134 09       		.uleb128 0x9
 492 0135 38010000 		.4byte	.LASF22
 493 0139 02       		.byte	0x2
 494 013a 15       		.byte	0x15
 495 013b 81000000 		.4byte	0x81
 496 013f 03       		.byte	0x3
 497 0140 62010000 		.4byte	0x162
 498 0144 0A       		.uleb128 0xa
 499 0145 7800     		.ascii	"x\000"
 500 0147 02       		.byte	0x2
 501 0148 15       		.byte	0x15
 502 0149 81000000 		.4byte	0x81
 503 014d 0A       		.uleb128 0xa
 504 014e 7900     		.ascii	"y\000"
 505 0150 02       		.byte	0x2
 506 0151 15       		.byte	0x15
 507 0152 81000000 		.4byte	0x81
 508 0156 0B       		.uleb128 0xb
 509 0157 73756200 		.ascii	"sub\000"
 510 015b 02       		.byte	0x2
 511 015c 16       		.byte	0x16
 512 015d 8C000000 		.4byte	0x8c
 513 0161 00       		.byte	0
 514 0162 09       		.uleb128 0x9
 515 0163 BC000000 		.4byte	.LASF23
 516 0167 02       		.byte	0x2
 517 0168 0E       		.byte	0xe
 518 0169 81000000 		.4byte	0x81
 519 016d 03       		.byte	0x3
 520 016e 90010000 		.4byte	0x190
 521 0172 0A       		.uleb128 0xa
 522 0173 7800     		.ascii	"x\000"
 523 0175 02       		.byte	0x2
 524 0176 0E       		.byte	0xe
 525 0177 81000000 		.4byte	0x81
 526 017b 0A       		.uleb128 0xa
 527 017c 7900     		.ascii	"y\000"
 528 017e 02       		.byte	0x2
 529 017f 0E       		.byte	0xe
 530 0180 81000000 		.4byte	0x81
 531 0184 0B       		.uleb128 0xb
 532 0185 61646400 		.ascii	"add\000"
 533 0189 02       		.byte	0x2
 534 018a 0F       		.byte	0xf
 535 018b 8C000000 		.4byte	0x8c
 536 018f 00       		.byte	0
 537 0190 0C       		.uleb128 0xc
 538 0191 F7000000 		.4byte	.LASF35
 539 0195 01       		.byte	0x1
 540 0196 07       		.byte	0x7
 541 0197 A6000000 		.4byte	.LASF36
 542 019b 00000000 		.4byte	.LFB7
 543 019f 30000000 		.4byte	.LFE7-.LFB7
 544 01a3 01       		.uleb128 0x1
ARM GAS  C:\Users\teru\AppData\Local\Temp\cce9PNNc.s 			page 12


 545 01a4 9C       		.byte	0x9c
 546 01a5 19020000 		.4byte	0x219
 547 01a9 0D       		.uleb128 0xd
 548 01aa 6F626A00 		.ascii	"obj\000"
 549 01ae 01       		.byte	0x1
 550 01af 07       		.byte	0x7
 551 01b0 19020000 		.4byte	0x219
 552 01b4 00000000 		.4byte	.LLST0
 553 01b8 0D       		.uleb128 0xd
 554 01b9 7000     		.ascii	"p\000"
 555 01bb 01       		.byte	0x1
 556 01bc 07       		.byte	0x7
 557 01bd 97000000 		.4byte	0x97
 558 01c1 45000000 		.4byte	.LLST1
 559 01c5 0D       		.uleb128 0xd
 560 01c6 6900     		.ascii	"i\000"
 561 01c8 01       		.byte	0x1
 562 01c9 07       		.byte	0x7
 563 01ca 97000000 		.4byte	0x97
 564 01ce 71000000 		.4byte	.LLST2
 565 01d2 0D       		.uleb128 0xd
 566 01d3 6400     		.ascii	"d\000"
 567 01d5 01       		.byte	0x1
 568 01d6 07       		.byte	0x7
 569 01d7 97000000 		.4byte	0x97
 570 01db 9D000000 		.4byte	.LLST3
 571 01df 0E       		.uleb128 0xe
 572 01e0 92000000 		.4byte	.LASF24
 573 01e4 2F020000 		.4byte	0x22f
 574 01e8 05       		.uleb128 0x5
 575 01e9 03       		.byte	0x3
 576 01ea 00000000 		.4byte	_ZZ9pidc_initP4pidclllE19__PRETTY_FUNCTION__
 577 01ee 0F       		.uleb128 0xf
 578 01ef 10000000 		.4byte	.LVL5
 579 01f3 FD030000 		.4byte	0x3fd
 580 01f7 10       		.uleb128 0x10
 581 01f8 01       		.uleb128 0x1
 582 01f9 50       		.byte	0x50
 583 01fa 05       		.uleb128 0x5
 584 01fb 03       		.byte	0x3
 585 01fc 04000000 		.4byte	.LC1
 586 0200 10       		.uleb128 0x10
 587 0201 01       		.uleb128 0x1
 588 0202 51       		.byte	0x51
 589 0203 01       		.uleb128 0x1
 590 0204 38       		.byte	0x38
 591 0205 10       		.uleb128 0x10
 592 0206 01       		.uleb128 0x1
 593 0207 52       		.byte	0x52
 594 0208 05       		.uleb128 0x5
 595 0209 03       		.byte	0x3
 596 020a 00000000 		.4byte	.LANCHOR0
 597 020e 10       		.uleb128 0x10
 598 020f 01       		.uleb128 0x1
 599 0210 53       		.byte	0x53
 600 0211 05       		.uleb128 0x5
 601 0212 03       		.byte	0x3
ARM GAS  C:\Users\teru\AppData\Local\Temp\cce9PNNc.s 			page 13


 602 0213 00000000 		.4byte	.LC0
 603 0217 00       		.byte	0
 604 0218 00       		.byte	0
 605 0219 11       		.uleb128 0x11
 606 021a 04       		.byte	0x4
 607 021b FC000000 		.4byte	0xfc
 608 021f 12       		.uleb128 0x12
 609 0220 15010000 		.4byte	0x115
 610 0224 2F020000 		.4byte	0x22f
 611 0228 13       		.uleb128 0x13
 612 0229 07010000 		.4byte	0x107
 613 022d 32       		.byte	0x32
 614 022e 00       		.byte	0
 615 022f 08       		.uleb128 0x8
 616 0230 1F020000 		.4byte	0x21f
 617 0234 14       		.uleb128 0x14
 618 0235 37020000 		.4byte	.LASF27
 619 0239 01       		.byte	0x1
 620 023a 11       		.byte	0x11
 621 023b D5000000 		.4byte	.LASF29
 622 023f 97000000 		.4byte	0x97
 623 0243 00000000 		.4byte	.LFB8
 624 0247 D0000000 		.4byte	.LFE8-.LFB8
 625 024b 01       		.uleb128 0x1
 626 024c 9C       		.byte	0x9c
 627 024d 61030000 		.4byte	0x361
 628 0251 0D       		.uleb128 0xd
 629 0252 6F626A00 		.ascii	"obj\000"
 630 0256 01       		.byte	0x1
 631 0257 11       		.byte	0x11
 632 0258 19020000 		.4byte	0x219
 633 025c C9000000 		.4byte	.LLST4
 634 0260 15       		.uleb128 0x15
 635 0261 1C020000 		.4byte	.LASF25
 636 0265 01       		.byte	0x1
 637 0266 11       		.byte	0x11
 638 0267 97000000 		.4byte	0x97
 639 026b 0E010000 		.4byte	.LLST5
 640 026f 0E       		.uleb128 0xe
 641 0270 92000000 		.4byte	.LASF24
 642 0274 71030000 		.4byte	0x371
 643 0278 05       		.uleb128 0x5
 644 0279 03       		.byte	0x3
 645 027a 34000000 		.4byte	_ZZ12pidc_controlP4pidclE19__PRETTY_FUNCTION__
 646 027e 16       		.uleb128 0x16
 647 027f 7B020000 		.4byte	.LASF16
 648 0283 01       		.byte	0x1
 649 0284 14       		.byte	0x14
 650 0285 97000000 		.4byte	0x97
 651 0289 5B010000 		.4byte	.LLST6
 652 028d 17       		.uleb128 0x17
 653 028e 7F000000 		.4byte	.LASF26
 654 0292 01       		.byte	0x1
 655 0293 15       		.byte	0x15
 656 0294 97000000 		.4byte	0x97
 657 0298 18       		.uleb128 0x18
 658 0299 73756D00 		.ascii	"sum\000"
ARM GAS  C:\Users\teru\AppData\Local\Temp\cce9PNNc.s 			page 14


 659 029d 01       		.byte	0x1
 660 029e 18       		.byte	0x18
 661 029f A2000000 		.4byte	0xa2
 662 02a3 89010000 		.4byte	.LLST7
 663 02a7 19       		.uleb128 0x19
 664 02a8 62010000 		.4byte	0x162
 665 02ac 16000000 		.4byte	.LBB8
 666 02b0 2E000000 		.4byte	.LBE8-.LBB8
 667 02b4 01       		.byte	0x1
 668 02b5 14       		.byte	0x14
 669 02b6 E0020000 		.4byte	0x2e0
 670 02ba 1A       		.uleb128 0x1a
 671 02bb 7B010000 		.4byte	0x17b
 672 02bf F6010000 		.4byte	.LLST8
 673 02c3 1A       		.uleb128 0x1a
 674 02c4 72010000 		.4byte	0x172
 675 02c8 14020000 		.4byte	.LLST9
 676 02cc 1B       		.uleb128 0x1b
 677 02cd 16000000 		.4byte	.LBB9
 678 02d1 2E000000 		.4byte	.LBE9-.LBB9
 679 02d5 1C       		.uleb128 0x1c
 680 02d6 84010000 		.4byte	0x184
 681 02da 55020000 		.4byte	.LLST10
 682 02de 00       		.byte	0
 683 02df 00       		.byte	0
 684 02e0 19       		.uleb128 0x19
 685 02e1 34010000 		.4byte	0x134
 686 02e5 48000000 		.4byte	.LBB10
 687 02e9 2A000000 		.4byte	.LBE10-.LBB10
 688 02ed 01       		.byte	0x1
 689 02ee 15       		.byte	0x15
 690 02ef 19030000 		.4byte	0x319
 691 02f3 1A       		.uleb128 0x1a
 692 02f4 4D010000 		.4byte	0x14d
 693 02f8 6D020000 		.4byte	.LLST11
 694 02fc 1A       		.uleb128 0x1a
 695 02fd 44010000 		.4byte	0x144
 696 0301 80020000 		.4byte	.LLST12
 697 0305 1B       		.uleb128 0x1b
 698 0306 48000000 		.4byte	.LBB11
 699 030a 2A000000 		.4byte	.LBE11-.LBB11
 700 030e 1C       		.uleb128 0x1c
 701 030f 56010000 		.4byte	0x156
 702 0313 9E020000 		.4byte	.LLST13
 703 0317 00       		.byte	0
 704 0318 00       		.byte	0
 705 0319 19       		.uleb128 0x19
 706 031a 1A010000 		.4byte	0x11a
 707 031e 9E000000 		.4byte	.LBB12
 708 0322 20000000 		.4byte	.LBE12-.LBB12
 709 0326 01       		.byte	0x1
 710 0327 1D       		.byte	0x1d
 711 0328 36030000 		.4byte	0x336
 712 032c 1A       		.uleb128 0x1a
 713 032d 2A010000 		.4byte	0x12a
 714 0331 B6020000 		.4byte	.LLST14
 715 0335 00       		.byte	0
ARM GAS  C:\Users\teru\AppData\Local\Temp\cce9PNNc.s 			page 15


 716 0336 0F       		.uleb128 0xf
 717 0337 10000000 		.4byte	.LVL11
 718 033b FD030000 		.4byte	0x3fd
 719 033f 10       		.uleb128 0x10
 720 0340 01       		.uleb128 0x1
 721 0341 50       		.byte	0x50
 722 0342 05       		.uleb128 0x5
 723 0343 03       		.byte	0x3
 724 0344 04000000 		.4byte	.LC1
 725 0348 10       		.uleb128 0x10
 726 0349 01       		.uleb128 0x1
 727 034a 51       		.byte	0x51
 728 034b 01       		.uleb128 0x1
 729 034c 42       		.byte	0x42
 730 034d 10       		.uleb128 0x10
 731 034e 01       		.uleb128 0x1
 732 034f 52       		.byte	0x52
 733 0350 05       		.uleb128 0x5
 734 0351 03       		.byte	0x3
 735 0352 34000000 		.4byte	.LANCHOR0+52
 736 0356 10       		.uleb128 0x10
 737 0357 01       		.uleb128 0x1
 738 0358 53       		.byte	0x53
 739 0359 05       		.uleb128 0x5
 740 035a 03       		.byte	0x3
 741 035b 00000000 		.4byte	.LC0
 742 035f 00       		.byte	0
 743 0360 00       		.byte	0
 744 0361 12       		.uleb128 0x12
 745 0362 15010000 		.4byte	0x115
 746 0366 71030000 		.4byte	0x371
 747 036a 13       		.uleb128 0x13
 748 036b 07010000 		.4byte	0x107
 749 036f 26       		.byte	0x26
 750 0370 00       		.byte	0
 751 0371 08       		.uleb128 0x8
 752 0372 61030000 		.4byte	0x361
 753 0376 14       		.uleb128 0x14
 754 0377 62020000 		.4byte	.LASF28
 755 037b 01       		.byte	0x1
 756 037c 20       		.byte	0x20
 757 037d 5D000000 		.4byte	.LASF30
 758 0381 97000000 		.4byte	0x97
 759 0385 00000000 		.4byte	.LFB9
 760 0389 20000000 		.4byte	.LFE9-.LFB9
 761 038d 01       		.uleb128 0x1
 762 038e 9C       		.byte	0x9c
 763 038f DD030000 		.4byte	0x3dd
 764 0393 0D       		.uleb128 0xd
 765 0394 6F626A00 		.ascii	"obj\000"
 766 0398 01       		.byte	0x1
 767 0399 20       		.byte	0x20
 768 039a DD030000 		.4byte	0x3dd
 769 039e DE020000 		.4byte	.LLST15
 770 03a2 0E       		.uleb128 0xe
 771 03a3 92000000 		.4byte	.LASF24
 772 03a7 F8030000 		.4byte	0x3f8
ARM GAS  C:\Users\teru\AppData\Local\Temp\cce9PNNc.s 			page 16


 773 03ab 05       		.uleb128 0x5
 774 03ac 03       		.byte	0x3
 775 03ad 5C000000 		.4byte	_ZZ10pidc_errorPK4pidcE19__PRETTY_FUNCTION__
 776 03b1 0F       		.uleb128 0xf
 777 03b2 10000000 		.4byte	.LVL41
 778 03b6 FD030000 		.4byte	0x3fd
 779 03ba 10       		.uleb128 0x10
 780 03bb 01       		.uleb128 0x1
 781 03bc 50       		.byte	0x50
 782 03bd 05       		.uleb128 0x5
 783 03be 03       		.byte	0x3
 784 03bf 04000000 		.4byte	.LC1
 785 03c3 10       		.uleb128 0x10
 786 03c4 01       		.uleb128 0x1
 787 03c5 51       		.byte	0x51
 788 03c6 02       		.uleb128 0x2
 789 03c7 08       		.byte	0x8
 790 03c8 21       		.byte	0x21
 791 03c9 10       		.uleb128 0x10
 792 03ca 01       		.uleb128 0x1
 793 03cb 52       		.byte	0x52
 794 03cc 05       		.uleb128 0x5
 795 03cd 03       		.byte	0x3
 796 03ce 5C000000 		.4byte	.LANCHOR0+92
 797 03d2 10       		.uleb128 0x10
 798 03d3 01       		.uleb128 0x1
 799 03d4 53       		.byte	0x53
 800 03d5 05       		.uleb128 0x5
 801 03d6 03       		.byte	0x3
 802 03d7 00000000 		.4byte	.LC0
 803 03db 00       		.byte	0
 804 03dc 00       		.byte	0
 805 03dd 11       		.uleb128 0x11
 806 03de 04       		.byte	0x4
 807 03df E3030000 		.4byte	0x3e3
 808 03e3 08       		.uleb128 0x8
 809 03e4 FC000000 		.4byte	0xfc
 810 03e8 12       		.uleb128 0x12
 811 03e9 15010000 		.4byte	0x115
 812 03ed F8030000 		.4byte	0x3f8
 813 03f1 13       		.uleb128 0x13
 814 03f2 07010000 		.4byte	0x107
 815 03f6 21       		.byte	0x21
 816 03f7 00       		.byte	0
 817 03f8 08       		.uleb128 0x8
 818 03f9 E8030000 		.4byte	0x3e8
 819 03fd 1D       		.uleb128 0x1d
 820 03fe 43010000 		.4byte	.LASF37
 821 0402 43010000 		.4byte	.LASF37
 822 0406 07       		.byte	0x7
 823 0407 29       		.byte	0x29
 824 0408 00       		.byte	0
 825              		.section	.debug_abbrev,"",%progbits
 826              	.Ldebug_abbrev0:
 827 0000 01       		.uleb128 0x1
 828 0001 11       		.uleb128 0x11
 829 0002 01       		.byte	0x1
ARM GAS  C:\Users\teru\AppData\Local\Temp\cce9PNNc.s 			page 17


 830 0003 25       		.uleb128 0x25
 831 0004 0E       		.uleb128 0xe
 832 0005 13       		.uleb128 0x13
 833 0006 0B       		.uleb128 0xb
 834 0007 03       		.uleb128 0x3
 835 0008 0E       		.uleb128 0xe
 836 0009 1B       		.uleb128 0x1b
 837 000a 0E       		.uleb128 0xe
 838 000b 55       		.uleb128 0x55
 839 000c 17       		.uleb128 0x17
 840 000d 11       		.uleb128 0x11
 841 000e 01       		.uleb128 0x1
 842 000f 10       		.uleb128 0x10
 843 0010 17       		.uleb128 0x17
 844 0011 00       		.byte	0
 845 0012 00       		.byte	0
 846 0013 02       		.uleb128 0x2
 847 0014 24       		.uleb128 0x24
 848 0015 00       		.byte	0
 849 0016 0B       		.uleb128 0xb
 850 0017 0B       		.uleb128 0xb
 851 0018 3E       		.uleb128 0x3e
 852 0019 0B       		.uleb128 0xb
 853 001a 03       		.uleb128 0x3
 854 001b 0E       		.uleb128 0xe
 855 001c 00       		.byte	0
 856 001d 00       		.byte	0
 857 001e 03       		.uleb128 0x3
 858 001f 24       		.uleb128 0x24
 859 0020 00       		.byte	0
 860 0021 0B       		.uleb128 0xb
 861 0022 0B       		.uleb128 0xb
 862 0023 3E       		.uleb128 0x3e
 863 0024 0B       		.uleb128 0xb
 864 0025 03       		.uleb128 0x3
 865 0026 08       		.uleb128 0x8
 866 0027 00       		.byte	0
 867 0028 00       		.byte	0
 868 0029 04       		.uleb128 0x4
 869 002a 16       		.uleb128 0x16
 870 002b 00       		.byte	0
 871 002c 03       		.uleb128 0x3
 872 002d 0E       		.uleb128 0xe
 873 002e 3A       		.uleb128 0x3a
 874 002f 0B       		.uleb128 0xb
 875 0030 3B       		.uleb128 0x3b
 876 0031 0B       		.uleb128 0xb
 877 0032 49       		.uleb128 0x49
 878 0033 13       		.uleb128 0x13
 879 0034 00       		.byte	0
 880 0035 00       		.byte	0
 881 0036 05       		.uleb128 0x5
 882 0037 13       		.uleb128 0x13
 883 0038 01       		.byte	0x1
 884 0039 03       		.uleb128 0x3
 885 003a 0E       		.uleb128 0xe
 886 003b 0B       		.uleb128 0xb
ARM GAS  C:\Users\teru\AppData\Local\Temp\cce9PNNc.s 			page 18


 887 003c 0B       		.uleb128 0xb
 888 003d 3A       		.uleb128 0x3a
 889 003e 0B       		.uleb128 0xb
 890 003f 3B       		.uleb128 0x3b
 891 0040 0B       		.uleb128 0xb
 892 0041 01       		.uleb128 0x1
 893 0042 13       		.uleb128 0x13
 894 0043 00       		.byte	0
 895 0044 00       		.byte	0
 896 0045 06       		.uleb128 0x6
 897 0046 0D       		.uleb128 0xd
 898 0047 00       		.byte	0
 899 0048 03       		.uleb128 0x3
 900 0049 08       		.uleb128 0x8
 901 004a 3A       		.uleb128 0x3a
 902 004b 0B       		.uleb128 0xb
 903 004c 3B       		.uleb128 0x3b
 904 004d 0B       		.uleb128 0xb
 905 004e 49       		.uleb128 0x49
 906 004f 13       		.uleb128 0x13
 907 0050 38       		.uleb128 0x38
 908 0051 0B       		.uleb128 0xb
 909 0052 00       		.byte	0
 910 0053 00       		.byte	0
 911 0054 07       		.uleb128 0x7
 912 0055 0D       		.uleb128 0xd
 913 0056 00       		.byte	0
 914 0057 03       		.uleb128 0x3
 915 0058 0E       		.uleb128 0xe
 916 0059 3A       		.uleb128 0x3a
 917 005a 0B       		.uleb128 0xb
 918 005b 3B       		.uleb128 0x3b
 919 005c 0B       		.uleb128 0xb
 920 005d 49       		.uleb128 0x49
 921 005e 13       		.uleb128 0x13
 922 005f 38       		.uleb128 0x38
 923 0060 0B       		.uleb128 0xb
 924 0061 00       		.byte	0
 925 0062 00       		.byte	0
 926 0063 08       		.uleb128 0x8
 927 0064 26       		.uleb128 0x26
 928 0065 00       		.byte	0
 929 0066 49       		.uleb128 0x49
 930 0067 13       		.uleb128 0x13
 931 0068 00       		.byte	0
 932 0069 00       		.byte	0
 933 006a 09       		.uleb128 0x9
 934 006b 2E       		.uleb128 0x2e
 935 006c 01       		.byte	0x1
 936 006d 03       		.uleb128 0x3
 937 006e 0E       		.uleb128 0xe
 938 006f 3A       		.uleb128 0x3a
 939 0070 0B       		.uleb128 0xb
 940 0071 3B       		.uleb128 0x3b
 941 0072 0B       		.uleb128 0xb
 942 0073 49       		.uleb128 0x49
 943 0074 13       		.uleb128 0x13
ARM GAS  C:\Users\teru\AppData\Local\Temp\cce9PNNc.s 			page 19


 944 0075 20       		.uleb128 0x20
 945 0076 0B       		.uleb128 0xb
 946 0077 01       		.uleb128 0x1
 947 0078 13       		.uleb128 0x13
 948 0079 00       		.byte	0
 949 007a 00       		.byte	0
 950 007b 0A       		.uleb128 0xa
 951 007c 05       		.uleb128 0x5
 952 007d 00       		.byte	0
 953 007e 03       		.uleb128 0x3
 954 007f 08       		.uleb128 0x8
 955 0080 3A       		.uleb128 0x3a
 956 0081 0B       		.uleb128 0xb
 957 0082 3B       		.uleb128 0x3b
 958 0083 0B       		.uleb128 0xb
 959 0084 49       		.uleb128 0x49
 960 0085 13       		.uleb128 0x13
 961 0086 00       		.byte	0
 962 0087 00       		.byte	0
 963 0088 0B       		.uleb128 0xb
 964 0089 34       		.uleb128 0x34
 965 008a 00       		.byte	0
 966 008b 03       		.uleb128 0x3
 967 008c 08       		.uleb128 0x8
 968 008d 3A       		.uleb128 0x3a
 969 008e 0B       		.uleb128 0xb
 970 008f 3B       		.uleb128 0x3b
 971 0090 0B       		.uleb128 0xb
 972 0091 49       		.uleb128 0x49
 973 0092 13       		.uleb128 0x13
 974 0093 00       		.byte	0
 975 0094 00       		.byte	0
 976 0095 0C       		.uleb128 0xc
 977 0096 2E       		.uleb128 0x2e
 978 0097 01       		.byte	0x1
 979 0098 3F       		.uleb128 0x3f
 980 0099 19       		.uleb128 0x19
 981 009a 03       		.uleb128 0x3
 982 009b 0E       		.uleb128 0xe
 983 009c 3A       		.uleb128 0x3a
 984 009d 0B       		.uleb128 0xb
 985 009e 3B       		.uleb128 0x3b
 986 009f 0B       		.uleb128 0xb
 987 00a0 6E       		.uleb128 0x6e
 988 00a1 0E       		.uleb128 0xe
 989 00a2 11       		.uleb128 0x11
 990 00a3 01       		.uleb128 0x1
 991 00a4 12       		.uleb128 0x12
 992 00a5 06       		.uleb128 0x6
 993 00a6 40       		.uleb128 0x40
 994 00a7 18       		.uleb128 0x18
 995 00a8 9742     		.uleb128 0x2117
 996 00aa 19       		.uleb128 0x19
 997 00ab 01       		.uleb128 0x1
 998 00ac 13       		.uleb128 0x13
 999 00ad 00       		.byte	0
 1000 00ae 00       		.byte	0
ARM GAS  C:\Users\teru\AppData\Local\Temp\cce9PNNc.s 			page 20


 1001 00af 0D       		.uleb128 0xd
 1002 00b0 05       		.uleb128 0x5
 1003 00b1 00       		.byte	0
 1004 00b2 03       		.uleb128 0x3
 1005 00b3 08       		.uleb128 0x8
 1006 00b4 3A       		.uleb128 0x3a
 1007 00b5 0B       		.uleb128 0xb
 1008 00b6 3B       		.uleb128 0x3b
 1009 00b7 0B       		.uleb128 0xb
 1010 00b8 49       		.uleb128 0x49
 1011 00b9 13       		.uleb128 0x13
 1012 00ba 02       		.uleb128 0x2
 1013 00bb 17       		.uleb128 0x17
 1014 00bc 00       		.byte	0
 1015 00bd 00       		.byte	0
 1016 00be 0E       		.uleb128 0xe
 1017 00bf 34       		.uleb128 0x34
 1018 00c0 00       		.byte	0
 1019 00c1 03       		.uleb128 0x3
 1020 00c2 0E       		.uleb128 0xe
 1021 00c3 49       		.uleb128 0x49
 1022 00c4 13       		.uleb128 0x13
 1023 00c5 34       		.uleb128 0x34
 1024 00c6 19       		.uleb128 0x19
 1025 00c7 02       		.uleb128 0x2
 1026 00c8 18       		.uleb128 0x18
 1027 00c9 00       		.byte	0
 1028 00ca 00       		.byte	0
 1029 00cb 0F       		.uleb128 0xf
 1030 00cc 898201   		.uleb128 0x4109
 1031 00cf 01       		.byte	0x1
 1032 00d0 11       		.uleb128 0x11
 1033 00d1 01       		.uleb128 0x1
 1034 00d2 31       		.uleb128 0x31
 1035 00d3 13       		.uleb128 0x13
 1036 00d4 00       		.byte	0
 1037 00d5 00       		.byte	0
 1038 00d6 10       		.uleb128 0x10
 1039 00d7 8A8201   		.uleb128 0x410a
 1040 00da 00       		.byte	0
 1041 00db 02       		.uleb128 0x2
 1042 00dc 18       		.uleb128 0x18
 1043 00dd 9142     		.uleb128 0x2111
 1044 00df 18       		.uleb128 0x18
 1045 00e0 00       		.byte	0
 1046 00e1 00       		.byte	0
 1047 00e2 11       		.uleb128 0x11
 1048 00e3 0F       		.uleb128 0xf
 1049 00e4 00       		.byte	0
 1050 00e5 0B       		.uleb128 0xb
 1051 00e6 0B       		.uleb128 0xb
 1052 00e7 49       		.uleb128 0x49
 1053 00e8 13       		.uleb128 0x13
 1054 00e9 00       		.byte	0
 1055 00ea 00       		.byte	0
 1056 00eb 12       		.uleb128 0x12
 1057 00ec 01       		.uleb128 0x1
ARM GAS  C:\Users\teru\AppData\Local\Temp\cce9PNNc.s 			page 21


 1058 00ed 01       		.byte	0x1
 1059 00ee 49       		.uleb128 0x49
 1060 00ef 13       		.uleb128 0x13
 1061 00f0 01       		.uleb128 0x1
 1062 00f1 13       		.uleb128 0x13
 1063 00f2 00       		.byte	0
 1064 00f3 00       		.byte	0
 1065 00f4 13       		.uleb128 0x13
 1066 00f5 21       		.uleb128 0x21
 1067 00f6 00       		.byte	0
 1068 00f7 49       		.uleb128 0x49
 1069 00f8 13       		.uleb128 0x13
 1070 00f9 2F       		.uleb128 0x2f
 1071 00fa 0B       		.uleb128 0xb
 1072 00fb 00       		.byte	0
 1073 00fc 00       		.byte	0
 1074 00fd 14       		.uleb128 0x14
 1075 00fe 2E       		.uleb128 0x2e
 1076 00ff 01       		.byte	0x1
 1077 0100 3F       		.uleb128 0x3f
 1078 0101 19       		.uleb128 0x19
 1079 0102 03       		.uleb128 0x3
 1080 0103 0E       		.uleb128 0xe
 1081 0104 3A       		.uleb128 0x3a
 1082 0105 0B       		.uleb128 0xb
 1083 0106 3B       		.uleb128 0x3b
 1084 0107 0B       		.uleb128 0xb
 1085 0108 6E       		.uleb128 0x6e
 1086 0109 0E       		.uleb128 0xe
 1087 010a 49       		.uleb128 0x49
 1088 010b 13       		.uleb128 0x13
 1089 010c 11       		.uleb128 0x11
 1090 010d 01       		.uleb128 0x1
 1091 010e 12       		.uleb128 0x12
 1092 010f 06       		.uleb128 0x6
 1093 0110 40       		.uleb128 0x40
 1094 0111 18       		.uleb128 0x18
 1095 0112 9742     		.uleb128 0x2117
 1096 0114 19       		.uleb128 0x19
 1097 0115 01       		.uleb128 0x1
 1098 0116 13       		.uleb128 0x13
 1099 0117 00       		.byte	0
 1100 0118 00       		.byte	0
 1101 0119 15       		.uleb128 0x15
 1102 011a 05       		.uleb128 0x5
 1103 011b 00       		.byte	0
 1104 011c 03       		.uleb128 0x3
 1105 011d 0E       		.uleb128 0xe
 1106 011e 3A       		.uleb128 0x3a
 1107 011f 0B       		.uleb128 0xb
 1108 0120 3B       		.uleb128 0x3b
 1109 0121 0B       		.uleb128 0xb
 1110 0122 49       		.uleb128 0x49
 1111 0123 13       		.uleb128 0x13
 1112 0124 02       		.uleb128 0x2
 1113 0125 17       		.uleb128 0x17
 1114 0126 00       		.byte	0
ARM GAS  C:\Users\teru\AppData\Local\Temp\cce9PNNc.s 			page 22


 1115 0127 00       		.byte	0
 1116 0128 16       		.uleb128 0x16
 1117 0129 34       		.uleb128 0x34
 1118 012a 00       		.byte	0
 1119 012b 03       		.uleb128 0x3
 1120 012c 0E       		.uleb128 0xe
 1121 012d 3A       		.uleb128 0x3a
 1122 012e 0B       		.uleb128 0xb
 1123 012f 3B       		.uleb128 0x3b
 1124 0130 0B       		.uleb128 0xb
 1125 0131 49       		.uleb128 0x49
 1126 0132 13       		.uleb128 0x13
 1127 0133 02       		.uleb128 0x2
 1128 0134 17       		.uleb128 0x17
 1129 0135 00       		.byte	0
 1130 0136 00       		.byte	0
 1131 0137 17       		.uleb128 0x17
 1132 0138 34       		.uleb128 0x34
 1133 0139 00       		.byte	0
 1134 013a 03       		.uleb128 0x3
 1135 013b 0E       		.uleb128 0xe
 1136 013c 3A       		.uleb128 0x3a
 1137 013d 0B       		.uleb128 0xb
 1138 013e 3B       		.uleb128 0x3b
 1139 013f 0B       		.uleb128 0xb
 1140 0140 49       		.uleb128 0x49
 1141 0141 13       		.uleb128 0x13
 1142 0142 00       		.byte	0
 1143 0143 00       		.byte	0
 1144 0144 18       		.uleb128 0x18
 1145 0145 34       		.uleb128 0x34
 1146 0146 00       		.byte	0
 1147 0147 03       		.uleb128 0x3
 1148 0148 08       		.uleb128 0x8
 1149 0149 3A       		.uleb128 0x3a
 1150 014a 0B       		.uleb128 0xb
 1151 014b 3B       		.uleb128 0x3b
 1152 014c 0B       		.uleb128 0xb
 1153 014d 49       		.uleb128 0x49
 1154 014e 13       		.uleb128 0x13
 1155 014f 02       		.uleb128 0x2
 1156 0150 17       		.uleb128 0x17
 1157 0151 00       		.byte	0
 1158 0152 00       		.byte	0
 1159 0153 19       		.uleb128 0x19
 1160 0154 1D       		.uleb128 0x1d
 1161 0155 01       		.byte	0x1
 1162 0156 31       		.uleb128 0x31
 1163 0157 13       		.uleb128 0x13
 1164 0158 11       		.uleb128 0x11
 1165 0159 01       		.uleb128 0x1
 1166 015a 12       		.uleb128 0x12
 1167 015b 06       		.uleb128 0x6
 1168 015c 58       		.uleb128 0x58
 1169 015d 0B       		.uleb128 0xb
 1170 015e 59       		.uleb128 0x59
 1171 015f 0B       		.uleb128 0xb
ARM GAS  C:\Users\teru\AppData\Local\Temp\cce9PNNc.s 			page 23


 1172 0160 01       		.uleb128 0x1
 1173 0161 13       		.uleb128 0x13
 1174 0162 00       		.byte	0
 1175 0163 00       		.byte	0
 1176 0164 1A       		.uleb128 0x1a
 1177 0165 05       		.uleb128 0x5
 1178 0166 00       		.byte	0
 1179 0167 31       		.uleb128 0x31
 1180 0168 13       		.uleb128 0x13
 1181 0169 02       		.uleb128 0x2
 1182 016a 17       		.uleb128 0x17
 1183 016b 00       		.byte	0
 1184 016c 00       		.byte	0
 1185 016d 1B       		.uleb128 0x1b
 1186 016e 0B       		.uleb128 0xb
 1187 016f 01       		.byte	0x1
 1188 0170 11       		.uleb128 0x11
 1189 0171 01       		.uleb128 0x1
 1190 0172 12       		.uleb128 0x12
 1191 0173 06       		.uleb128 0x6
 1192 0174 00       		.byte	0
 1193 0175 00       		.byte	0
 1194 0176 1C       		.uleb128 0x1c
 1195 0177 34       		.uleb128 0x34
 1196 0178 00       		.byte	0
 1197 0179 31       		.uleb128 0x31
 1198 017a 13       		.uleb128 0x13
 1199 017b 02       		.uleb128 0x2
 1200 017c 17       		.uleb128 0x17
 1201 017d 00       		.byte	0
 1202 017e 00       		.byte	0
 1203 017f 1D       		.uleb128 0x1d
 1204 0180 2E       		.uleb128 0x2e
 1205 0181 00       		.byte	0
 1206 0182 3F       		.uleb128 0x3f
 1207 0183 19       		.uleb128 0x19
 1208 0184 3C       		.uleb128 0x3c
 1209 0185 19       		.uleb128 0x19
 1210 0186 6E       		.uleb128 0x6e
 1211 0187 0E       		.uleb128 0xe
 1212 0188 03       		.uleb128 0x3
 1213 0189 0E       		.uleb128 0xe
 1214 018a 3A       		.uleb128 0x3a
 1215 018b 0B       		.uleb128 0xb
 1216 018c 3B       		.uleb128 0x3b
 1217 018d 0B       		.uleb128 0xb
 1218 018e 00       		.byte	0
 1219 018f 00       		.byte	0
 1220 0190 00       		.byte	0
 1221              		.section	.debug_loc,"",%progbits
 1222              	.Ldebug_loc0:
 1223              	.LLST0:
 1224 0000 00000000 		.4byte	.LVL0
 1225 0004 0C000000 		.4byte	.LVL4
 1226 0008 0100     		.2byte	0x1
 1227 000a 50       		.byte	0x50
 1228 000b 0C000000 		.4byte	.LVL4
ARM GAS  C:\Users\teru\AppData\Local\Temp\cce9PNNc.s 			page 24


 1229 000f 10000000 		.4byte	.LVL5
 1230 0013 0400     		.2byte	0x4
 1231 0015 F3       		.byte	0xf3
 1232 0016 01       		.uleb128 0x1
 1233 0017 50       		.byte	0x50
 1234 0018 9F       		.byte	0x9f
 1235 0019 10000000 		.4byte	.LVL5
 1236 001d 14000000 		.4byte	.LVL6
 1237 0021 0100     		.2byte	0x1
 1238 0023 50       		.byte	0x50
 1239 0024 14000000 		.4byte	.LVL6
 1240 0028 22000000 		.4byte	.LVL7
 1241 002c 0100     		.2byte	0x1
 1242 002e 54       		.byte	0x54
 1243 002f 22000000 		.4byte	.LVL7
 1244 0033 30000000 		.4byte	.LFE7
 1245 0037 0400     		.2byte	0x4
 1246 0039 F3       		.byte	0xf3
 1247 003a 01       		.uleb128 0x1
 1248 003b 50       		.byte	0x50
 1249 003c 9F       		.byte	0x9f
 1250 003d 00000000 		.4byte	0
 1251 0041 00000000 		.4byte	0
 1252              	.LLST1:
 1253 0045 00000000 		.4byte	.LVL0
 1254 0049 0A000000 		.4byte	.LVL3
 1255 004d 0100     		.2byte	0x1
 1256 004f 51       		.byte	0x51
 1257 0050 0A000000 		.4byte	.LVL3
 1258 0054 10000000 		.4byte	.LVL5
 1259 0058 0400     		.2byte	0x4
 1260 005a F3       		.byte	0xf3
 1261 005b 01       		.uleb128 0x1
 1262 005c 51       		.byte	0x51
 1263 005d 9F       		.byte	0x9f
 1264 005e 10000000 		.4byte	.LVL5
 1265 0062 30000000 		.4byte	.LFE7
 1266 0066 0100     		.2byte	0x1
 1267 0068 51       		.byte	0x51
 1268 0069 00000000 		.4byte	0
 1269 006d 00000000 		.4byte	0
 1270              	.LLST2:
 1271 0071 00000000 		.4byte	.LVL0
 1272 0075 08000000 		.4byte	.LVL2
 1273 0079 0100     		.2byte	0x1
 1274 007b 52       		.byte	0x52
 1275 007c 08000000 		.4byte	.LVL2
 1276 0080 10000000 		.4byte	.LVL5
 1277 0084 0400     		.2byte	0x4
 1278 0086 F3       		.byte	0xf3
 1279 0087 01       		.uleb128 0x1
 1280 0088 52       		.byte	0x52
 1281 0089 9F       		.byte	0x9f
 1282 008a 10000000 		.4byte	.LVL5
 1283 008e 30000000 		.4byte	.LFE7
 1284 0092 0100     		.2byte	0x1
 1285 0094 52       		.byte	0x52
ARM GAS  C:\Users\teru\AppData\Local\Temp\cce9PNNc.s 			page 25


 1286 0095 00000000 		.4byte	0
 1287 0099 00000000 		.4byte	0
 1288              	.LLST3:
 1289 009d 00000000 		.4byte	.LVL0
 1290 00a1 06000000 		.4byte	.LVL1
 1291 00a5 0100     		.2byte	0x1
 1292 00a7 53       		.byte	0x53
 1293 00a8 06000000 		.4byte	.LVL1
 1294 00ac 10000000 		.4byte	.LVL5
 1295 00b0 0400     		.2byte	0x4
 1296 00b2 F3       		.byte	0xf3
 1297 00b3 01       		.uleb128 0x1
 1298 00b4 53       		.byte	0x53
 1299 00b5 9F       		.byte	0x9f
 1300 00b6 10000000 		.4byte	.LVL5
 1301 00ba 30000000 		.4byte	.LFE7
 1302 00be 0100     		.2byte	0x1
 1303 00c0 53       		.byte	0x53
 1304 00c1 00000000 		.4byte	0
 1305 00c5 00000000 		.4byte	0
 1306              	.LLST4:
 1307 00c9 00000000 		.4byte	.LVL8
 1308 00cd 0C000000 		.4byte	.LVL10
 1309 00d1 0100     		.2byte	0x1
 1310 00d3 50       		.byte	0x50
 1311 00d4 0C000000 		.4byte	.LVL10
 1312 00d8 10000000 		.4byte	.LVL11
 1313 00dc 0400     		.2byte	0x4
 1314 00de F3       		.byte	0xf3
 1315 00df 01       		.uleb128 0x1
 1316 00e0 50       		.byte	0x50
 1317 00e1 9F       		.byte	0x9f
 1318 00e2 10000000 		.4byte	.LVL11
 1319 00e6 18000000 		.4byte	.LVL13
 1320 00ea 0100     		.2byte	0x1
 1321 00ec 50       		.byte	0x50
 1322 00ed 18000000 		.4byte	.LVL13
 1323 00f1 C2000000 		.4byte	.LVL38
 1324 00f5 0100     		.2byte	0x1
 1325 00f7 53       		.byte	0x53
 1326 00f8 C2000000 		.4byte	.LVL38
 1327 00fc D0000000 		.4byte	.LFE8
 1328 0100 0400     		.2byte	0x4
 1329 0102 F3       		.byte	0xf3
 1330 0103 01       		.uleb128 0x1
 1331 0104 50       		.byte	0x50
 1332 0105 9F       		.byte	0x9f
 1333 0106 00000000 		.4byte	0
 1334 010a 00000000 		.4byte	0
 1335              	.LLST5:
 1336 010e 00000000 		.4byte	.LVL8
 1337 0112 0A000000 		.4byte	.LVL9
 1338 0116 0100     		.2byte	0x1
 1339 0118 51       		.byte	0x51
 1340 0119 0A000000 		.4byte	.LVL9
 1341 011d 10000000 		.4byte	.LVL11
 1342 0121 0400     		.2byte	0x4
ARM GAS  C:\Users\teru\AppData\Local\Temp\cce9PNNc.s 			page 26


 1343 0123 F3       		.byte	0xf3
 1344 0124 01       		.uleb128 0x1
 1345 0125 51       		.byte	0x51
 1346 0126 9F       		.byte	0x9f
 1347 0127 10000000 		.4byte	.LVL11
 1348 012b 1A000000 		.4byte	.LVL14
 1349 012f 0100     		.2byte	0x1
 1350 0131 51       		.byte	0x51
 1351 0132 1A000000 		.4byte	.LVL14
 1352 0136 2C000000 		.4byte	.LVL16
 1353 013a 0100     		.2byte	0x1
 1354 013c 5E       		.byte	0x5e
 1355 013d 2C000000 		.4byte	.LVL16
 1356 0141 4A000000 		.4byte	.LVL24
 1357 0145 0100     		.2byte	0x1
 1358 0147 50       		.byte	0x50
 1359 0148 4A000000 		.4byte	.LVL24
 1360 014c D0000000 		.4byte	.LFE8
 1361 0150 0100     		.2byte	0x1
 1362 0152 5E       		.byte	0x5e
 1363 0153 00000000 		.4byte	0
 1364 0157 00000000 		.4byte	0
 1365              	.LLST6:
 1366 015b 46000000 		.4byte	.LVL22
 1367 015f 8C000000 		.4byte	.LVL30
 1368 0163 0100     		.2byte	0x1
 1369 0165 54       		.byte	0x54
 1370 0166 8C000000 		.4byte	.LVL30
 1371 016a C2000000 		.4byte	.LVL38
 1372 016e 0200     		.2byte	0x2
 1373 0170 73       		.byte	0x73
 1374 0171 10       		.sleb128 16
 1375 0172 C2000000 		.4byte	.LVL38
 1376 0176 D0000000 		.4byte	.LFE8
 1377 017a 0500     		.2byte	0x5
 1378 017c F3       		.byte	0xf3
 1379 017d 01       		.uleb128 0x1
 1380 017e 50       		.byte	0x50
 1381 017f 23       		.byte	0x23
 1382 0180 10       		.uleb128 0x10
 1383 0181 00000000 		.4byte	0
 1384 0185 00000000 		.4byte	0
 1385              	.LLST7:
 1386 0189 76000000 		.4byte	.LVL27
 1387 018d 78000000 		.4byte	.LVL28
 1388 0191 0A00     		.2byte	0xa
 1389 0193 9E       		.byte	0x9e
 1390 0194 08       		.uleb128 0x8
 1391 0195 00000000 		.8byte	0
 1391      00000000 
 1392 019d 78000000 		.4byte	.LVL28
 1393 01a1 86000000 		.4byte	.LVL29
 1394 01a5 0700     		.2byte	0x7
 1395 01a7 72       		.byte	0x72
 1396 01a8 00       		.sleb128 0
 1397 01a9 F7       		.byte	0xf7
 1398 01aa 2C       		.uleb128 0x2c
ARM GAS  C:\Users\teru\AppData\Local\Temp\cce9PNNc.s 			page 27


 1399 01ab F7       		.byte	0xf7
 1400 01ac 25       		.uleb128 0x25
 1401 01ad 9F       		.byte	0x9f
 1402 01ae 86000000 		.4byte	.LVL29
 1403 01b2 8E000000 		.4byte	.LVL31
 1404 01b6 0600     		.2byte	0x6
 1405 01b8 50       		.byte	0x50
 1406 01b9 93       		.byte	0x93
 1407 01ba 04       		.uleb128 0x4
 1408 01bb 51       		.byte	0x51
 1409 01bc 93       		.byte	0x93
 1410 01bd 04       		.uleb128 0x4
 1411 01be 92000000 		.4byte	.LVL32
 1412 01c2 9A000000 		.4byte	.LVL33
 1413 01c6 0600     		.2byte	0x6
 1414 01c8 50       		.byte	0x50
 1415 01c9 93       		.byte	0x93
 1416 01ca 04       		.uleb128 0x4
 1417 01cb 51       		.byte	0x51
 1418 01cc 93       		.byte	0x93
 1419 01cd 04       		.uleb128 0x4
 1420 01ce 9E000000 		.4byte	.LVL34
 1421 01d2 B8000000 		.4byte	.LVL35
 1422 01d6 0600     		.2byte	0x6
 1423 01d8 50       		.byte	0x50
 1424 01d9 93       		.byte	0x93
 1425 01da 04       		.uleb128 0x4
 1426 01db 51       		.byte	0x51
 1427 01dc 93       		.byte	0x93
 1428 01dd 04       		.uleb128 0x4
 1429 01de BA000000 		.4byte	.LVL36
 1430 01e2 BE000000 		.4byte	.LVL37
 1431 01e6 0600     		.2byte	0x6
 1432 01e8 50       		.byte	0x50
 1433 01e9 93       		.byte	0x93
 1434 01ea 04       		.uleb128 0x4
 1435 01eb 51       		.byte	0x51
 1436 01ec 93       		.byte	0x93
 1437 01ed 04       		.uleb128 0x4
 1438 01ee 00000000 		.4byte	0
 1439 01f2 00000000 		.4byte	0
 1440              	.LLST8:
 1441 01f6 16000000 		.4byte	.LVL12
 1442 01fa 2C000000 		.4byte	.LVL16
 1443 01fe 0100     		.2byte	0x1
 1444 0200 5E       		.byte	0x5e
 1445 0201 2C000000 		.4byte	.LVL16
 1446 0205 44000000 		.4byte	.LVL21
 1447 0209 0100     		.2byte	0x1
 1448 020b 50       		.byte	0x50
 1449 020c 00000000 		.4byte	0
 1450 0210 00000000 		.4byte	0
 1451              	.LLST9:
 1452 0214 16000000 		.4byte	.LVL12
 1453 0218 38000000 		.4byte	.LVL17
 1454 021c 0100     		.2byte	0x1
 1455 021e 54       		.byte	0x54
ARM GAS  C:\Users\teru\AppData\Local\Temp\cce9PNNc.s 			page 28


 1456 021f 38000000 		.4byte	.LVL17
 1457 0223 3A000000 		.4byte	.LVL18
 1458 0227 0200     		.2byte	0x2
 1459 0229 73       		.byte	0x73
 1460 022a 10       		.sleb128 16
 1461 022b 3A000000 		.4byte	.LVL18
 1462 022f 3E000000 		.4byte	.LVL19
 1463 0233 0100     		.2byte	0x1
 1464 0235 54       		.byte	0x54
 1465 0236 3E000000 		.4byte	.LVL19
 1466 023a 40000000 		.4byte	.LVL20
 1467 023e 0200     		.2byte	0x2
 1468 0240 73       		.byte	0x73
 1469 0241 10       		.sleb128 16
 1470 0242 40000000 		.4byte	.LVL20
 1471 0246 44000000 		.4byte	.LVL21
 1472 024a 0100     		.2byte	0x1
 1473 024c 54       		.byte	0x54
 1474 024d 00000000 		.4byte	0
 1475 0251 00000000 		.4byte	0
 1476              	.LLST10:
 1477 0255 22000000 		.4byte	.LVL15
 1478 0259 44000000 		.4byte	.LVL21
 1479 025d 0600     		.2byte	0x6
 1480 025f 56       		.byte	0x56
 1481 0260 93       		.byte	0x93
 1482 0261 04       		.uleb128 0x4
 1483 0262 57       		.byte	0x57
 1484 0263 93       		.byte	0x93
 1485 0264 04       		.uleb128 0x4
 1486 0265 00000000 		.4byte	0
 1487 0269 00000000 		.4byte	0
 1488              	.LLST11:
 1489 026d 48000000 		.4byte	.LVL23
 1490 0271 72000000 		.4byte	.LVL26
 1491 0275 0100     		.2byte	0x1
 1492 0277 52       		.byte	0x52
 1493 0278 00000000 		.4byte	0
 1494 027c 00000000 		.4byte	0
 1495              	.LLST12:
 1496 0280 48000000 		.4byte	.LVL23
 1497 0284 4A000000 		.4byte	.LVL24
 1498 0288 0100     		.2byte	0x1
 1499 028a 50       		.byte	0x50
 1500 028b 4A000000 		.4byte	.LVL24
 1501 028f 72000000 		.4byte	.LVL26
 1502 0293 0100     		.2byte	0x1
 1503 0295 5E       		.byte	0x5e
 1504 0296 00000000 		.4byte	0
 1505 029a 00000000 		.4byte	0
 1506              	.LLST13:
 1507 029e 4E000000 		.4byte	.LVL25
 1508 02a2 72000000 		.4byte	.LVL26
 1509 02a6 0600     		.2byte	0x6
 1510 02a8 50       		.byte	0x50
 1511 02a9 93       		.byte	0x93
 1512 02aa 04       		.uleb128 0x4
ARM GAS  C:\Users\teru\AppData\Local\Temp\cce9PNNc.s 			page 29


 1513 02ab 51       		.byte	0x51
 1514 02ac 93       		.byte	0x93
 1515 02ad 04       		.uleb128 0x4
 1516 02ae 00000000 		.4byte	0
 1517 02b2 00000000 		.4byte	0
 1518              	.LLST14:
 1519 02b6 9E000000 		.4byte	.LVL34
 1520 02ba B8000000 		.4byte	.LVL35
 1521 02be 0600     		.2byte	0x6
 1522 02c0 50       		.byte	0x50
 1523 02c1 93       		.byte	0x93
 1524 02c2 04       		.uleb128 0x4
 1525 02c3 51       		.byte	0x51
 1526 02c4 93       		.byte	0x93
 1527 02c5 04       		.uleb128 0x4
 1528 02c6 BA000000 		.4byte	.LVL36
 1529 02ca BE000000 		.4byte	.LVL37
 1530 02ce 0600     		.2byte	0x6
 1531 02d0 50       		.byte	0x50
 1532 02d1 93       		.byte	0x93
 1533 02d2 04       		.uleb128 0x4
 1534 02d3 51       		.byte	0x51
 1535 02d4 93       		.byte	0x93
 1536 02d5 04       		.uleb128 0x4
 1537 02d6 00000000 		.4byte	0
 1538 02da 00000000 		.4byte	0
 1539              	.LLST15:
 1540 02de 00000000 		.4byte	.LVL39
 1541 02e2 0C000000 		.4byte	.LVL40
 1542 02e6 0100     		.2byte	0x1
 1543 02e8 50       		.byte	0x50
 1544 02e9 0C000000 		.4byte	.LVL40
 1545 02ed 10000000 		.4byte	.LVL41
 1546 02f1 0400     		.2byte	0x4
 1547 02f3 F3       		.byte	0xf3
 1548 02f4 01       		.uleb128 0x1
 1549 02f5 50       		.byte	0x50
 1550 02f6 9F       		.byte	0x9f
 1551 02f7 10000000 		.4byte	.LVL41
 1552 02fb 12000000 		.4byte	.LVL42
 1553 02ff 0100     		.2byte	0x1
 1554 0301 50       		.byte	0x50
 1555 0302 12000000 		.4byte	.LVL42
 1556 0306 20000000 		.4byte	.LFE9
 1557 030a 0400     		.2byte	0x4
 1558 030c F3       		.byte	0xf3
 1559 030d 01       		.uleb128 0x1
 1560 030e 50       		.byte	0x50
 1561 030f 9F       		.byte	0x9f
 1562 0310 00000000 		.4byte	0
 1563 0314 00000000 		.4byte	0
 1564              		.section	.debug_aranges,"",%progbits
 1565 0000 2C000000 		.4byte	0x2c
 1566 0004 0200     		.2byte	0x2
 1567 0006 00000000 		.4byte	.Ldebug_info0
 1568 000a 04       		.byte	0x4
 1569 000b 00       		.byte	0
ARM GAS  C:\Users\teru\AppData\Local\Temp\cce9PNNc.s 			page 30


 1570 000c 0000     		.2byte	0
 1571 000e 0000     		.2byte	0
 1572 0010 00000000 		.4byte	.LFB7
 1573 0014 30000000 		.4byte	.LFE7-.LFB7
 1574 0018 00000000 		.4byte	.LFB8
 1575 001c D0000000 		.4byte	.LFE8-.LFB8
 1576 0020 00000000 		.4byte	.LFB9
 1577 0024 20000000 		.4byte	.LFE9-.LFB9
 1578 0028 00000000 		.4byte	0
 1579 002c 00000000 		.4byte	0
 1580              		.section	.debug_ranges,"",%progbits
 1581              	.Ldebug_ranges0:
 1582 0000 00000000 		.4byte	.LFB7
 1583 0004 30000000 		.4byte	.LFE7
 1584 0008 00000000 		.4byte	.LFB8
 1585 000c D0000000 		.4byte	.LFE8
 1586 0010 00000000 		.4byte	.LFB9
 1587 0014 20000000 		.4byte	.LFE9
 1588 0018 00000000 		.4byte	0
 1589 001c 00000000 		.4byte	0
 1590              		.section	.debug_line,"",%progbits
 1591              	.Ldebug_line0:
 1592 0000 30020000 		.section	.debug_str,"MS",%progbits,1
 1592      0200B501 
 1592      00000201 
 1592      FB0E0D00 
 1592      01010101 
 1593              	.LASF12:
 1594 0000 696E7436 		.ascii	"int64_t\000"
 1594      345F7400 
 1595              	.LASF33:
 1596 0008 443A5C75 		.ascii	"D:\\user\\teru\\Documents\\PSoC Creator\\BlackBeans"
 1596      7365725C 
 1596      74657275 
 1596      5C446F63 
 1596      756D656E 
 1597 0036 5C426C61 		.ascii	"\\BlackBeans.cydsn\000"
 1597      636B4265 
 1597      616E732E 
 1597      63796473 
 1597      6E00
 1598              	.LASF7:
 1599 0048 5F5F696E 		.ascii	"__int32_t\000"
 1599      7433325F 
 1599      7400
 1600              	.LASF17:
 1601 0052 6572726F 		.ascii	"error_last\000"
 1601      725F6C61 
 1601      737400
 1602              	.LASF30:
 1603 005d 5F5A3130 		.ascii	"_Z10pidc_errorPK4pidc\000"
 1603      70696463 
 1603      5F657272 
 1603      6F72504B 
 1603      34706964 
 1604              	.LASF34:
 1605 0073 70696463 		.ascii	"pidc\000"
ARM GAS  C:\Users\teru\AppData\Local\Temp\cce9PNNc.s 			page 31


 1605      00
 1606              	.LASF21:
 1607 0078 636C6970 		.ascii	"clip32\000"
 1607      333200
 1608              	.LASF26:
 1609 007f 6572726F 		.ascii	"error_diff\000"
 1609      725F6469 
 1609      666600
 1610              	.LASF11:
 1611 008a 696E7433 		.ascii	"int32_t\000"
 1611      325F7400 
 1612              	.LASF24:
 1613 0092 5F5F5052 		.ascii	"__PRETTY_FUNCTION__\000"
 1613      45545459 
 1613      5F46554E 
 1613      4354494F 
 1613      4E5F5F00 
 1614              	.LASF36:
 1615 00a6 5F5A3970 		.ascii	"_Z9pidc_initP4pidclll\000"
 1615      6964635F 
 1615      696E6974 
 1615      50347069 
 1615      64636C6C 
 1616              	.LASF23:
 1617 00bc 636C6970 		.ascii	"clip32_add\000"
 1617      33325F61 
 1617      646400
 1618              	.LASF2:
 1619 00c7 756E7369 		.ascii	"unsigned char\000"
 1619      676E6564 
 1619      20636861 
 1619      7200
 1620              	.LASF29:
 1621 00d5 5F5A3132 		.ascii	"_Z12pidc_controlP4pidcl\000"
 1621      70696463 
 1621      5F636F6E 
 1621      74726F6C 
 1621      50347069 
 1622              	.LASF32:
 1623 00ed 636F6E74 		.ascii	"control.c\000"
 1623      726F6C2E 
 1623      6300
 1624              	.LASF35:
 1625 00f7 70696463 		.ascii	"pidc_init\000"
 1625      5F696E69 
 1625      7400
 1626              	.LASF4:
 1627 0101 73686F72 		.ascii	"short unsigned int\000"
 1627      7420756E 
 1627      7369676E 
 1627      65642069 
 1627      6E7400
 1628              	.LASF8:
 1629 0114 5F5F696E 		.ascii	"__int64_t\000"
 1629      7436345F 
 1629      7400
 1630              	.LASF14:
ARM GAS  C:\Users\teru\AppData\Local\Temp\cce9PNNc.s 			page 32


 1631 011e 71333133 		.ascii	"q3132_t\000"
 1631      325F7400 
 1632              	.LASF6:
 1633 0126 6C6F6E67 		.ascii	"long unsigned int\000"
 1633      20756E73 
 1633      69676E65 
 1633      6420696E 
 1633      7400
 1634              	.LASF22:
 1635 0138 636C6970 		.ascii	"clip32_sub\000"
 1635      33325F73 
 1635      756200
 1636              	.LASF37:
 1637 0143 5F5F6173 		.ascii	"__assert_func\000"
 1637      73657274 
 1637      5F66756E 
 1637      6300
 1638              	.LASF10:
 1639 0151 756E7369 		.ascii	"unsigned int\000"
 1639      676E6564 
 1639      20696E74 
 1639      00
 1640              	.LASF0:
 1641 015e 6C6F6E67 		.ascii	"long long unsigned int\000"
 1641      206C6F6E 
 1641      6720756E 
 1641      7369676E 
 1641      65642069 
 1642              	.LASF31:
 1643 0175 474E5520 		.ascii	"GNU C++ 5.4.1 20160609 (release) [ARM/embedded-5-br"
 1643      432B2B20 
 1643      352E342E 
 1643      31203230 
 1643      31363036 
 1644 01a8 616E6368 		.ascii	"anch revision 237715] -mcpu=cortex-m3 -mthumb -g -O"
 1644      20726576 
 1644      6973696F 
 1644      6E203233 
 1644      37373135 
 1645 01db 67202D66 		.ascii	"g -funsigned-char -ffunction-sections -ffat-lto-obj"
 1645      756E7369 
 1645      676E6564 
 1645      2D636861 
 1645      72202D66 
 1646 020e 65637473 		.ascii	"ects\000"
 1646      00
 1647              	.LASF19:
 1648 0213 73697A65 		.ascii	"sizetype\000"
 1648      74797065 
 1648      00
 1649              	.LASF25:
 1650 021c 6572726F 		.ascii	"error\000"
 1650      7200
 1651              	.LASF9:
 1652 0222 6C6F6E67 		.ascii	"long long int\000"
 1652      206C6F6E 
 1652      6720696E 
ARM GAS  C:\Users\teru\AppData\Local\Temp\cce9PNNc.s 			page 33


 1652      7400
 1653              	.LASF18:
 1654 0230 70696463 		.ascii	"pidc_t\000"
 1654      5F7400
 1655              	.LASF27:
 1656 0237 70696463 		.ascii	"pidc_control\000"
 1656      5F636F6E 
 1656      74726F6C 
 1656      00
 1657              	.LASF15:
 1658 0244 6F757470 		.ascii	"output_last\000"
 1658      75745F6C 
 1658      61737400 
 1659              	.LASF13:
 1660 0250 71313531 		.ascii	"q1516_t\000"
 1660      365F7400 
 1661              	.LASF3:
 1662 0258 73686F72 		.ascii	"short int\000"
 1662      7420696E 
 1662      7400
 1663              	.LASF28:
 1664 0262 70696463 		.ascii	"pidc_error\000"
 1664      5F657272 
 1664      6F7200
 1665              	.LASF5:
 1666 026d 6C6F6E67 		.ascii	"long int\000"
 1666      20696E74 
 1666      00
 1667              	.LASF20:
 1668 0276 63686172 		.ascii	"char\000"
 1668      00
 1669              	.LASF16:
 1670 027b 6572726F 		.ascii	"error_sum\000"
 1670      725F7375 
 1670      6D00
 1671              	.LASF1:
 1672 0285 7369676E 		.ascii	"signed char\000"
 1672      65642063 
 1672      68617200 
 1673              		.ident	"GCC: (GNU Tools for ARM Embedded Processors) 5.4.1 20160609 (release) [ARM/embedded-5-bran
