ARM GAS  C:\Users\teru\AppData\Local\Temp\ccdKGzld.s 			page 1


   1              		.syntax unified
   2              		.cpu cortex-m3
   3              		.fpu softvfp
   4              		.eabi_attribute 20, 1
   5              		.eabi_attribute 21, 1
   6              		.eabi_attribute 23, 3
   7              		.eabi_attribute 24, 1
   8              		.eabi_attribute 25, 1
   9              		.eabi_attribute 26, 1
  10              		.eabi_attribute 30, 1
  11              		.eabi_attribute 34, 1
  12              		.eabi_attribute 18, 4
  13              		.thumb
  14              		.syntax unified
  15              		.file	"dspmath.c"
  16              		.text
  17              	.Ltext0:
  18              		.cfi_sections	.debug_frame
  19              		.section	.text.fact,"ax",%progbits
  20              		.align	2
  21              		.global	fact
  22              		.thumb
  23              		.thumb_func
  24              		.type	fact, %function
  25              	fact:
  26              	.LFB7:
  27              		.file 1 "dspmath.c"
   1:dspmath.c     **** #include "dspmath.h"
   2:dspmath.c     **** #include <stddef.h>
   3:dspmath.c     **** #include <stdbool.h>
   4:dspmath.c     **** #include <assert.h>
   5:dspmath.c     **** #include <math.h>
   6:dspmath.c     **** #include "clip.h"
   7:dspmath.c     **** 
   8:dspmath.c     **** uint32_t fact(uint32_t n){
  28              		.loc 1 8 0
  29              		.cfi_startproc
  30              		@ args = 0, pretend = 0, frame = 0
  31              		@ frame_needed = 0, uses_anonymous_args = 0
  32              	.LVL0:
  33 0000 10B5     		push	{r4, lr}
  34              		.cfi_def_cfa_offset 8
  35              		.cfi_offset 4, -8
  36              		.cfi_offset 14, -4
   9:dspmath.c     ****     static int32_t memo[16]={1,1,-1};
  10:dspmath.c     ****     assert(n<sizeof(memo)/sizeof(memo[0]));
  37              		.loc 1 10 0
  38 0002 0F28     		cmp	r0, #15
  39 0004 05D9     		bls	.L2
  40              		.loc 1 10 0 is_stmt 0 discriminator 1
  41 0006 0A4B     		ldr	r3, .L6
  42 0008 0A4A     		ldr	r2, .L6+4
  43 000a 0A21     		movs	r1, #10
  44 000c 0A48     		ldr	r0, .L6+8
  45              	.LVL1:
  46 000e FFF7FEFF 		bl	__assert_func
  47              	.LVL2:
ARM GAS  C:\Users\teru\AppData\Local\Temp\ccdKGzld.s 			page 2


  48              	.L2:
  49 0012 0446     		mov	r4, r0
  11:dspmath.c     ****     //計算済み
  12:dspmath.c     ****     if (memo[n]>0)return memo[n];
  50              		.loc 1 12 0 is_stmt 1
  51 0014 094B     		ldr	r3, .L6+12
  52 0016 53F82000 		ldr	r0, [r3, r0, lsl #2]
  53              	.LVL3:
  54 001a 0028     		cmp	r0, #0
  55 001c 07DC     		bgt	.L4
  13:dspmath.c     ****     //未計算
  14:dspmath.c     ****     return memo[n]=fact(n-1)*n;
  56              		.loc 1 14 0
  57 001e 601E     		subs	r0, r4, #1
  58 0020 FFF7FEFF 		bl	fact
  59              	.LVL4:
  60 0024 00FB04F0 		mul	r0, r0, r4
  61 0028 044B     		ldr	r3, .L6+12
  62 002a 43F82400 		str	r0, [r3, r4, lsl #2]
  63              	.L4:
  15:dspmath.c     **** }
  64              		.loc 1 15 0
  65 002e 10BD     		pop	{r4, pc}
  66              	.LVL5:
  67              	.L7:
  68              		.align	2
  69              	.L6:
  70 0030 00000000 		.word	.LC0
  71 0034 00000000 		.word	.LANCHOR0
  72 0038 20000000 		.word	.LC1
  73 003c 00000000 		.word	.LANCHOR1
  74              		.cfi_endproc
  75              	.LFE7:
  76              		.size	fact, .-fact
  77              		.global	__aeabi_ldivmod
  78              		.section	.text.sqrt1516,"ax",%progbits
  79              		.align	2
  80              		.global	sqrt1516
  81              		.thumb
  82              		.thumb_func
  83              		.type	sqrt1516, %function
  84              	sqrt1516:
  85              	.LFB8:
  16:dspmath.c     **** 
  17:dspmath.c     **** q1516_t sqrt1516(q1516_t x) {
  86              		.loc 1 17 0
  87              		.cfi_startproc
  88              		@ args = 0, pretend = 0, frame = 0
  89              		@ frame_needed = 0, uses_anonymous_args = 0
  90              	.LVL6:
  91 0000 2DE9F04D 		push	{r4, r5, r6, r7, r8, r10, fp, lr}
  92              		.cfi_def_cfa_offset 32
  93              		.cfi_offset 4, -32
  94              		.cfi_offset 5, -28
  95              		.cfi_offset 6, -24
  96              		.cfi_offset 7, -20
  97              		.cfi_offset 8, -16
ARM GAS  C:\Users\teru\AppData\Local\Temp\ccdKGzld.s 			page 3


  98              		.cfi_offset 10, -12
  99              		.cfi_offset 11, -8
 100              		.cfi_offset 14, -4
 101 0004 8046     		mov	r8, r0
 102              	.LVL7:
  18:dspmath.c     ****     // newton方による解法
  19:dspmath.c     ****     const q1516_t eps = 1 << 2;
  20:dspmath.c     ****     const size_t limit = 8;  //試行回数の制限
  21:dspmath.c     ****     size_t cnt;
  22:dspmath.c     ****     q1516_t now = 1 << 16, diff;
 103              		.loc 1 22 0
 104 0006 4FF48034 		mov	r4, #65536
  23:dspmath.c     ****     q3132_t f;
  24:dspmath.c     ****     q1516_t g;
  25:dspmath.c     ****     for (cnt = 0; cnt < limit; cnt++) {
 105              		.loc 1 25 0
 106 000a 0025     		movs	r5, #0
 107 000c 1CE0     		b	.L9
 108              	.LVL8:
 109              	.L11:
  26:dspmath.c     ****         f = (((q3132_t)now * now) >> 16) - x;
 110              		.loc 1 26 0
 111 000e E317     		asrs	r3, r4, #31
 112 0010 04FB03F1 		mul	r1, r4, r3
 113 0014 A4FB0423 		umull	r2, r3, r4, r4
 114 0018 03EB4103 		add	r3, r3, r1, lsl #1
 115 001c 160C     		lsrs	r6, r2, #16
 116 001e 46EA0346 		orr	r6, r6, r3, lsl #16
 117 0022 1F14     		asrs	r7, r3, #16
 118 0024 B6EB080A 		subs	r10, r6, r8
 119 0028 67EBE87B 		sbc	fp, r7, r8, asr #31
 120              	.LVL9:
  27:dspmath.c     ****         g = 2 * now;
 121              		.loc 1 27 0
 122 002c 6200     		lsls	r2, r4, #1
 123              	.LVL10:
  28:dspmath.c     ****         now -= diff = ((f << 16) / g);
 124              		.loc 1 28 0
 125 002e 4FEA0B41 		lsl	r1, fp, #16
 126 0032 D317     		asrs	r3, r2, #31
 127 0034 4FEA0A40 		lsl	r0, r10, #16
 128 0038 41EA1A41 		orr	r1, r1, r10, lsr #16
 129 003c FFF7FEFF 		bl	__aeabi_ldivmod
 130              	.LVL11:
 131 0040 241A     		subs	r4, r4, r0
 132              	.LVL12:
  29:dspmath.c     ****         if (abs32(diff) < eps) {
 133              		.loc 1 29 0
 134 0042 0328     		cmp	r0, #3
 135 0044 02DD     		ble	.L10
  25:dspmath.c     ****         f = (((q3132_t)now * now) >> 16) - x;
 136              		.loc 1 25 0 discriminator 2
 137 0046 0135     		adds	r5, r5, #1
 138              	.LVL13:
 139              	.L9:
  25:dspmath.c     ****         f = (((q3132_t)now * now) >> 16) - x;
 140              		.loc 1 25 0 is_stmt 0 discriminator 1
ARM GAS  C:\Users\teru\AppData\Local\Temp\ccdKGzld.s 			page 4


 141 0048 072D     		cmp	r5, #7
 142 004a E0D9     		bls	.L11
 143              	.L10:
  30:dspmath.c     ****             return now;
  31:dspmath.c     ****         }
  32:dspmath.c     ****     }
  33:dspmath.c     ****     return now;
  34:dspmath.c     **** }
 144              		.loc 1 34 0 is_stmt 1
 145 004c 2046     		mov	r0, r4
 146 004e BDE8F08D 		pop	{r4, r5, r6, r7, r8, r10, fp, pc}
 147              		.cfi_endproc
 148              	.LFE8:
 149              		.size	sqrt1516, .-sqrt1516
 150 0052 00BF     		.section	.text.exp1516,"ax",%progbits
 151              		.align	2
 152              		.global	exp1516
 153              		.thumb
 154              		.thumb_func
 155              		.type	exp1516, %function
 156              	exp1516:
 157              	.LFB9:
  35:dspmath.c     **** 
  36:dspmath.c     **** q1516_t exp1516(q1516_t x) {
 158              		.loc 1 36 0
 159              		.cfi_startproc
 160              		@ args = 0, pretend = 0, frame = 0
 161              		@ frame_needed = 0, uses_anonymous_args = 0
 162              	.LVL14:
 163 0000 2DE9F84F 		push	{r3, r4, r5, r6, r7, r8, r9, r10, fp, lr}
 164              		.cfi_def_cfa_offset 40
 165              		.cfi_offset 3, -40
 166              		.cfi_offset 4, -36
 167              		.cfi_offset 5, -32
 168              		.cfi_offset 6, -28
 169              		.cfi_offset 7, -24
 170              		.cfi_offset 8, -20
 171              		.cfi_offset 9, -16
 172              		.cfi_offset 10, -12
 173              		.cfi_offset 11, -8
 174              		.cfi_offset 14, -4
 175              	.LVL15:
  37:dspmath.c     ****     //テイラー展開
  38:dspmath.c     ****     const size_t limit = 12;  //試行制限
  39:dspmath.c     ****     const q3132_t eps = 1 << 16;
  40:dspmath.c     ****     size_t cnt;
  41:dspmath.c     ****     int32_t fact = 1;
  42:dspmath.c     ****     //第一項と第二項の計算
  43:dspmath.c     ****     q3132_t pow = (q3132_t)x << 16;
 176              		.loc 1 43 0
 177 0004 0646     		mov	r6, r0
 178 0006 C717     		asrs	r7, r0, #31
 179 0008 3D04     		lsls	r5, r7, #16
 180 000a 45EA1045 		orr	r5, r5, r0, lsr #16
 181 000e 0404     		lsls	r4, r0, #16
 182              	.LVL16:
  44:dspmath.c     ****     q3132_t now = pow + (1ll << 32), diff;
ARM GAS  C:\Users\teru\AppData\Local\Temp\ccdKGzld.s 			page 5


 183              		.loc 1 44 0
 184 0010 14F10008 		adds	r8, r4, #0
 185 0014 45F10109 		adc	r9, r5, #1
 186              	.LVL17:
  41:dspmath.c     ****     //第一項と第二項の計算
 187              		.loc 1 41 0
 188 0018 4FF0010B 		mov	fp, #1
  45:dspmath.c     ****     //第n項の計算
  46:dspmath.c     ****     for (cnt = 2; cnt < limit; cnt++) {
 189              		.loc 1 46 0
 190 001c 4FF0020A 		mov	r10, #2
 191 0020 23E0     		b	.L14
 192              	.LVL18:
 193              	.L17:
  47:dspmath.c     ****         fact *= cnt;
 194              		.loc 1 47 0
 195 0022 0AFB0BFB 		mul	fp, r10, fp
 196              	.LVL19:
  48:dspmath.c     ****         pow = (pow * x) >> 16;
 197              		.loc 1 48 0
 198 0026 04FB07F1 		mul	r1, r4, r7
 199 002a 06FB0511 		mla	r1, r6, r5, r1
 200 002e A4FB0623 		umull	r2, r3, r4, r6
 201 0032 0B44     		add	r3, r3, r1
 202 0034 140C     		lsrs	r4, r2, #16
 203              	.LVL20:
 204 0036 44EA0344 		orr	r4, r4, r3, lsl #16
 205 003a 1D14     		asrs	r5, r3, #16
 206              	.LVL21:
  49:dspmath.c     ****         now += diff = pow / fact;
 207              		.loc 1 49 0
 208 003c 5A46     		mov	r2, fp
 209 003e D317     		asrs	r3, r2, #31
 210 0040 2046     		mov	r0, r4
 211 0042 2946     		mov	r1, r5
 212 0044 FFF7FEFF 		bl	__aeabi_ldivmod
 213              	.LVL22:
 214 0048 18EB0008 		adds	r8, r8, r0
 215              	.LVL23:
 216 004c 49EB0109 		adc	r9, r9, r1
 217              	.LVL24:
  50:dspmath.c     ****         if (abs64(diff) < eps) {
 218              		.loc 1 50 0
 219 0050 B0F5803F 		cmp	r0, #65536
 220 0054 71F10003 		sbcs	r3, r1, #0
 221 0058 05DA     		bge	.L15
  51:dspmath.c     ****             return now >> 16;
 222              		.loc 1 51 0
 223 005a 4FEA1840 		lsr	r0, r8, #16
 224              	.LVL25:
 225 005e 40EA0940 		orr	r0, r0, r9, lsl #16
 226 0062 BDE8F88F 		pop	{r3, r4, r5, r6, r7, r8, r9, r10, fp, pc}
 227              	.LVL26:
 228              	.L15:
  46:dspmath.c     ****         fact *= cnt;
 229              		.loc 1 46 0 discriminator 2
 230 0066 0AF1010A 		add	r10, r10, #1
ARM GAS  C:\Users\teru\AppData\Local\Temp\ccdKGzld.s 			page 6


 231              	.LVL27:
 232              	.L14:
  46:dspmath.c     ****         fact *= cnt;
 233              		.loc 1 46 0 is_stmt 0 discriminator 1
 234 006a BAF10B0F 		cmp	r10, #11
 235 006e D8D9     		bls	.L17
  52:dspmath.c     ****         }
  53:dspmath.c     ****     }
  54:dspmath.c     ****     return now >> 16;
 236              		.loc 1 54 0 is_stmt 1
 237 0070 4FEA1840 		lsr	r0, r8, #16
 238 0074 40EA0940 		orr	r0, r0, r9, lsl #16
  55:dspmath.c     **** }
 239              		.loc 1 55 0
 240 0078 BDE8F88F 		pop	{r3, r4, r5, r6, r7, r8, r9, r10, fp, pc}
 241              		.cfi_endproc
 242              	.LFE9:
 243              		.size	exp1516, .-exp1516
 244              		.section	.text.sin1516,"ax",%progbits
 245              		.align	2
 246              		.global	sin1516
 247              		.thumb
 248              		.thumb_func
 249              		.type	sin1516, %function
 250              	sin1516:
 251              	.LFB10:
  56:dspmath.c     **** 
  57:dspmath.c     **** 
  58:dspmath.c     **** 
  59:dspmath.c     **** q1516_t sin1516(q1516_t x){
 252              		.loc 1 59 0
 253              		.cfi_startproc
 254              		@ args = 0, pretend = 0, frame = 0
 255              		@ frame_needed = 0, uses_anonymous_args = 0
 256              	.LVL28:
 257 0000 2DE9F041 		push	{r4, r5, r6, r7, r8, lr}
 258              		.cfi_def_cfa_offset 24
 259              		.cfi_offset 4, -24
 260              		.cfi_offset 5, -20
 261              		.cfi_offset 6, -16
 262              		.cfi_offset 7, -12
 263              		.cfi_offset 8, -8
 264              		.cfi_offset 14, -4
  60:dspmath.c     ****     x=clip1516_rad(x);
 265              		.loc 1 60 0
 266 0004 FFF7FEFF 		bl	clip1516_rad
 267              	.LVL29:
  61:dspmath.c     ****     const size_t limit =12;
  62:dspmath.c     ****     const q1516_t eps=1<<3;
  63:dspmath.c     ****     const q1516_t x2=(int64_t)x*x>>16;
 268              		.loc 1 63 0
 269 0008 C317     		asrs	r3, r0, #31
 270 000a 00FB03F1 		mul	r1, r0, r3
 271 000e A0FB0023 		umull	r2, r3, r0, r0
 272 0012 03EB4103 		add	r3, r3, r1, lsl #1
 273 0016 120C     		lsrs	r2, r2, #16
 274 0018 42EA0347 		orr	r7, r2, r3, lsl #16
ARM GAS  C:\Users\teru\AppData\Local\Temp\ccdKGzld.s 			page 7


 275              	.LVL30:
  64:dspmath.c     ****     q1516_t xx=x<<16;
 276              		.loc 1 64 0
 277 001c 0404     		lsls	r4, r0, #16
 278              	.LVL31:
  65:dspmath.c     ****     q1516_t sum=xx,diff;
 279              		.loc 1 65 0
 280 001e A046     		mov	r8, r4
 281              	.LBB12:
  66:dspmath.c     ****     for (size_t i=3;i<limit;i+=2){
 282              		.loc 1 66 0
 283 0020 0325     		movs	r5, #3
 284 0022 15E0     		b	.L20
 285              	.LVL32:
 286              	.L24:
  67:dspmath.c     ****         xx=(xx*x2)>>16;
 287              		.loc 1 67 0
 288 0024 07FB04F4 		mul	r4, r7, r4
 289              	.LVL33:
 290 0028 2414     		asrs	r4, r4, #16
 291              	.LVL34:
  68:dspmath.c     ****         sum += diff=(i&0b10)?-xx/fact(i):xx/fact(i);   
 292              		.loc 1 68 0
 293 002a 15F0020F 		tst	r5, #2
 294 002e 06D0     		beq	.L21
 295              		.loc 1 68 0 is_stmt 0 discriminator 1
 296 0030 6642     		negs	r6, r4
 297 0032 2846     		mov	r0, r5
 298 0034 FFF7FEFF 		bl	fact
 299              	.LVL35:
 300 0038 B6FBF0F0 		udiv	r0, r6, r0
 301 003c 04E0     		b	.L22
 302              	.L21:
 303              		.loc 1 68 0 discriminator 2
 304 003e 2846     		mov	r0, r5
 305 0040 FFF7FEFF 		bl	fact
 306              	.LVL36:
 307 0044 B4FBF0F0 		udiv	r0, r4, r0
 308              	.L22:
 309              	.LVL37:
 310              		.loc 1 68 0 discriminator 4
 311 0048 8044     		add	r8, r8, r0
 312              	.LVL38:
  69:dspmath.c     ****         if (abs32(diff)<eps){
 313              		.loc 1 69 0 is_stmt 1 discriminator 4
 314 004a 0728     		cmp	r0, #7
 315 004c 02DD     		ble	.L23
  66:dspmath.c     ****         xx=(xx*x2)>>16;
 316              		.loc 1 66 0 discriminator 2
 317 004e 0235     		adds	r5, r5, #2
 318              	.LVL39:
 319              	.L20:
  66:dspmath.c     ****         xx=(xx*x2)>>16;
 320              		.loc 1 66 0 is_stmt 0 discriminator 1
 321 0050 0B2D     		cmp	r5, #11
 322 0052 E7D9     		bls	.L24
 323              	.L23:
ARM GAS  C:\Users\teru\AppData\Local\Temp\ccdKGzld.s 			page 8


 324              	.LBE12:
  70:dspmath.c     ****             return sum;
  71:dspmath.c     ****         }
  72:dspmath.c     ****     }
  73:dspmath.c     ****     return sum;
  74:dspmath.c     **** }
 325              		.loc 1 74 0 is_stmt 1
 326 0054 4046     		mov	r0, r8
 327 0056 BDE8F081 		pop	{r4, r5, r6, r7, r8, pc}
 328              		.cfi_endproc
 329              	.LFE10:
 330              		.size	sin1516, .-sin1516
 331 005a 00BF     		.section	.text.cos1516,"ax",%progbits
 332              		.align	2
 333              		.global	cos1516
 334              		.thumb
 335              		.thumb_func
 336              		.type	cos1516, %function
 337              	cos1516:
 338              	.LFB11:
  75:dspmath.c     **** 
  76:dspmath.c     **** q1516_t cos1516(q1516_t x){
 339              		.loc 1 76 0
 340              		.cfi_startproc
 341              		@ args = 0, pretend = 0, frame = 0
 342              		@ frame_needed = 0, uses_anonymous_args = 0
 343              	.LVL40:
 344 0000 2DE9F041 		push	{r4, r5, r6, r7, r8, lr}
 345              		.cfi_def_cfa_offset 24
 346              		.cfi_offset 4, -24
 347              		.cfi_offset 5, -20
 348              		.cfi_offset 6, -16
 349              		.cfi_offset 7, -12
 350              		.cfi_offset 8, -8
 351              		.cfi_offset 14, -4
  77:dspmath.c     ****     x=clip1516_rad(x);
 352              		.loc 1 77 0
 353 0004 FFF7FEFF 		bl	clip1516_rad
 354              	.LVL41:
  78:dspmath.c     ****     const size_t limit =12;
  79:dspmath.c     ****     const q1516_t eps=1<<3;
  80:dspmath.c     ****     const q1516_t x2=(int64_t)x*x>>16;
 355              		.loc 1 80 0
 356 0008 C317     		asrs	r3, r0, #31
 357 000a 00FB03F1 		mul	r1, r0, r3
 358 000e A0FB0023 		umull	r2, r3, r0, r0
 359 0012 03EB4103 		add	r3, r3, r1, lsl #1
 360 0016 120C     		lsrs	r2, r2, #16
 361 0018 42EA0347 		orr	r7, r2, r3, lsl #16
 362              	.LVL42:
  81:dspmath.c     ****     q1516_t xx=x<<16;
 363              		.loc 1 81 0
 364 001c 0404     		lsls	r4, r0, #16
 365              	.LVL43:
 366              	.LBB13:
  82:dspmath.c     ****     q1516_t sum=1<<16,diff;
  83:dspmath.c     ****     for (size_t i=2;i<limit;i+=2){
ARM GAS  C:\Users\teru\AppData\Local\Temp\ccdKGzld.s 			page 9


 367              		.loc 1 83 0
 368 001e 0225     		movs	r5, #2
 369              	.LBE13:
  82:dspmath.c     ****     q1516_t sum=1<<16,diff;
 370              		.loc 1 82 0
 371 0020 4FF48038 		mov	r8, #65536
 372              	.LBB14:
 373              		.loc 1 83 0
 374 0024 15E0     		b	.L27
 375              	.LVL44:
 376              	.L31:
  84:dspmath.c     ****         xx=(xx*x2)>>16;
 377              		.loc 1 84 0
 378 0026 07FB04F4 		mul	r4, r7, r4
 379              	.LVL45:
 380 002a 2414     		asrs	r4, r4, #16
 381              	.LVL46:
  85:dspmath.c     ****         sum += diff=(i&0b10)?-xx/fact(i):xx/fact(i);   
 382              		.loc 1 85 0
 383 002c 15F0020F 		tst	r5, #2
 384 0030 06D0     		beq	.L28
 385              		.loc 1 85 0 is_stmt 0 discriminator 1
 386 0032 6642     		negs	r6, r4
 387 0034 2846     		mov	r0, r5
 388 0036 FFF7FEFF 		bl	fact
 389              	.LVL47:
 390 003a B6FBF0F0 		udiv	r0, r6, r0
 391 003e 04E0     		b	.L29
 392              	.L28:
 393              		.loc 1 85 0 discriminator 2
 394 0040 2846     		mov	r0, r5
 395 0042 FFF7FEFF 		bl	fact
 396              	.LVL48:
 397 0046 B4FBF0F0 		udiv	r0, r4, r0
 398              	.L29:
 399              	.LVL49:
 400              		.loc 1 85 0 discriminator 4
 401 004a 8044     		add	r8, r8, r0
 402              	.LVL50:
  86:dspmath.c     ****         if (abs32(diff)<eps){
 403              		.loc 1 86 0 is_stmt 1 discriminator 4
 404 004c 0728     		cmp	r0, #7
 405 004e 02DD     		ble	.L30
  83:dspmath.c     ****         xx=(xx*x2)>>16;
 406              		.loc 1 83 0 discriminator 2
 407 0050 0235     		adds	r5, r5, #2
 408              	.LVL51:
 409              	.L27:
  83:dspmath.c     ****         xx=(xx*x2)>>16;
 410              		.loc 1 83 0 is_stmt 0 discriminator 1
 411 0052 0B2D     		cmp	r5, #11
 412 0054 E7D9     		bls	.L31
 413              	.L30:
 414              	.LBE14:
  87:dspmath.c     ****             return sum;
  88:dspmath.c     ****         }
  89:dspmath.c     ****     }
ARM GAS  C:\Users\teru\AppData\Local\Temp\ccdKGzld.s 			page 10


  90:dspmath.c     ****     return sum;
  91:dspmath.c     **** }...
 415              		.loc 1 91 0 is_stmt 1
 416 0056 4046     		mov	r0, r8
 417 0058 BDE8F081 		pop	{r4, r5, r6, r7, r8, pc}
 418              		.cfi_endproc
 419              	.LFE11:
 420              		.size	cos1516, .-cos1516
 421              		.section	.rodata
 422              		.align	2
 423              		.set	.LANCHOR0,. + 0
 424              		.type	__func__.4963, %object
 425              		.size	__func__.4963, 5
 426              	__func__.4963:
 427 0000 66616374 		.ascii	"fact\000"
 427      00
 428              		.data
 429              		.align	2
 430              		.set	.LANCHOR1,. + 0
 431              		.type	memo.4962, %object
 432              		.size	memo.4962, 64
 433              	memo.4962:
 434 0000 01000000 		.word	1
 435 0004 01000000 		.word	1
 436 0008 FFFFFFFF 		.word	-1
 437 000c 00000000 		.space	52
 437      00000000 
 437      00000000 
 437      00000000 
 437      00000000 
 438              		.section	.rodata.str1.4,"aMS",%progbits,1
 439              		.align	2
 440              	.LC0:
 441 0000 6E3C7369 		.ascii	"n<sizeof(memo)/sizeof(memo[0])\000"
 441      7A656F66 
 441      286D656D 
 441      6F292F73 
 441      697A656F 
 442 001f 00       		.space	1
 443              	.LC1:
 444 0020 6473706D 		.ascii	"dspmath.c\000"
 444      6174682E 
 444      6300
 445              		.text
 446              	.Letext0:
 447              		.file 2 "c:\\program files (x86)\\cypress\\psoc creator\\4.2\\psoc creator\\import\\gnu\\arm\\5.4.
 448              		.file 3 "c:\\program files (x86)\\cypress\\psoc creator\\4.2\\psoc creator\\import\\gnu\\arm\\5.4.
 449              		.file 4 "dsptype.h"
 450              		.file 5 "c:\\program files (x86)\\cypress\\psoc creator\\4.2\\psoc creator\\import\\gnu\\arm\\5.4.
 451              		.file 6 "dspmath.h"
 452              		.file 7 "c:\\program files (x86)\\cypress\\psoc creator\\4.2\\psoc creator\\import\\gnu\\arm\\5.4.
 453              		.file 8 "clip.h"
 454              		.section	.debug_info,"",%progbits
 455              	.Ldebug_info0:
 456 0000 93040000 		.4byte	0x493
 457 0004 0400     		.2byte	0x4
 458 0006 00000000 		.4byte	.Ldebug_abbrev0
ARM GAS  C:\Users\teru\AppData\Local\Temp\ccdKGzld.s 			page 11


 459 000a 04       		.byte	0x4
 460 000b 01       		.uleb128 0x1
 461 000c 71000000 		.4byte	.LASF35
 462 0010 0C       		.byte	0xc
 463 0011 A6010000 		.4byte	.LASF36
 464 0015 0F000000 		.4byte	.LASF37
 465 0019 18000000 		.4byte	.Ldebug_ranges0+0x18
 466 001d 00000000 		.4byte	0
 467 0021 00000000 		.4byte	.Ldebug_line0
 468 0025 02       		.uleb128 0x2
 469 0026 01       		.byte	0x1
 470 0027 06       		.byte	0x6
 471 0028 2E020000 		.4byte	.LASF0
 472 002c 02       		.uleb128 0x2
 473 002d 01       		.byte	0x1
 474 002e 08       		.byte	0x8
 475 002f 2C010000 		.4byte	.LASF1
 476 0033 02       		.uleb128 0x2
 477 0034 02       		.byte	0x2
 478 0035 05       		.byte	0x5
 479 0036 67000000 		.4byte	.LASF2
 480 003a 02       		.uleb128 0x2
 481 003b 02       		.byte	0x2
 482 003c 07       		.byte	0x7
 483 003d 4C010000 		.4byte	.LASF3
 484 0041 03       		.uleb128 0x3
 485 0042 57000000 		.4byte	.LASF5
 486 0046 02       		.byte	0x2
 487 0047 3F       		.byte	0x3f
 488 0048 4C000000 		.4byte	0x4c
 489 004c 02       		.uleb128 0x2
 490 004d 04       		.byte	0x4
 491 004e 05       		.byte	0x5
 492 004f 14020000 		.4byte	.LASF4
 493 0053 03       		.uleb128 0x3
 494 0054 95010000 		.4byte	.LASF6
 495 0058 02       		.byte	0x2
 496 0059 41       		.byte	0x41
 497 005a 5E000000 		.4byte	0x5e
 498 005e 02       		.uleb128 0x2
 499 005f 04       		.byte	0x4
 500 0060 07       		.byte	0x7
 501 0061 3A010000 		.4byte	.LASF7
 502 0065 03       		.uleb128 0x3
 503 0066 7C010000 		.4byte	.LASF8
 504 006a 02       		.byte	0x2
 505 006b 59       		.byte	0x59
 506 006c 70000000 		.4byte	0x70
 507 0070 02       		.uleb128 0x2
 508 0071 08       		.byte	0x8
 509 0072 05       		.byte	0x5
 510 0073 F0010000 		.4byte	.LASF9
 511 0077 02       		.uleb128 0x2
 512 0078 08       		.byte	0x8
 513 0079 07       		.byte	0x7
 514 007a BD010000 		.4byte	.LASF10
 515 007e 04       		.uleb128 0x4
ARM GAS  C:\Users\teru\AppData\Local\Temp\ccdKGzld.s 			page 12


 516 007f 04       		.byte	0x4
 517 0080 05       		.byte	0x5
 518 0081 696E7400 		.ascii	"int\000"
 519 0085 02       		.uleb128 0x2
 520 0086 04       		.byte	0x4
 521 0087 07       		.byte	0x7
 522 0088 B0010000 		.4byte	.LASF11
 523 008c 03       		.uleb128 0x3
 524 008d DA010000 		.4byte	.LASF12
 525 0091 03       		.byte	0x3
 526 0092 2C       		.byte	0x2c
 527 0093 41000000 		.4byte	0x41
 528 0097 03       		.uleb128 0x3
 529 0098 0B020000 		.4byte	.LASF13
 530 009c 03       		.byte	0x3
 531 009d 30       		.byte	0x30
 532 009e 53000000 		.4byte	0x53
 533 00a2 03       		.uleb128 0x3
 534 00a3 00000000 		.4byte	.LASF14
 535 00a7 03       		.byte	0x3
 536 00a8 38       		.byte	0x38
 537 00a9 65000000 		.4byte	0x65
 538 00ad 03       		.uleb128 0x3
 539 00ae 03020000 		.4byte	.LASF15
 540 00b2 04       		.byte	0x4
 541 00b3 05       		.byte	0x5
 542 00b4 8C000000 		.4byte	0x8c
 543 00b8 03       		.uleb128 0x3
 544 00b9 86010000 		.4byte	.LASF16
 545 00bd 04       		.byte	0x4
 546 00be 06       		.byte	0x6
 547 00bf A2000000 		.4byte	0xa2
 548 00c3 03       		.uleb128 0x3
 549 00c4 08000000 		.4byte	.LASF17
 550 00c8 05       		.byte	0x5
 551 00c9 D8       		.byte	0xd8
 552 00ca 85000000 		.4byte	0x85
 553 00ce 02       		.uleb128 0x2
 554 00cf 08       		.byte	0x8
 555 00d0 04       		.byte	0x4
 556 00d1 22020000 		.4byte	.LASF18
 557 00d5 02       		.uleb128 0x2
 558 00d6 04       		.byte	0x4
 559 00d7 07       		.byte	0x7
 560 00d8 E2010000 		.4byte	.LASF19
 561 00dc 02       		.uleb128 0x2
 562 00dd 01       		.byte	0x1
 563 00de 08       		.byte	0x8
 564 00df FE010000 		.4byte	.LASF20
 565 00e3 05       		.uleb128 0x5
 566 00e4 DC000000 		.4byte	0xdc
 567 00e8 02       		.uleb128 0x2
 568 00e9 08       		.byte	0x8
 569 00ea 04       		.byte	0x4
 570 00eb 8E010000 		.4byte	.LASF21
 571 00ef 02       		.uleb128 0x2
 572 00f0 04       		.byte	0x4
ARM GAS  C:\Users\teru\AppData\Local\Temp\ccdKGzld.s 			page 13


 573 00f1 04       		.byte	0x4
 574 00f2 18010000 		.4byte	.LASF22
 575 00f6 06       		.uleb128 0x6
 576 00f7 A0010000 		.4byte	.LASF23
 577 00fb 06       		.byte	0x6
 578 00fc 07       		.byte	0x7
 579 00fd 8C000000 		.4byte	0x8c
 580 0101 03       		.byte	0x3
 581 0102 10010000 		.4byte	0x110
 582 0106 07       		.uleb128 0x7
 583 0107 7800     		.ascii	"x\000"
 584 0109 06       		.byte	0x6
 585 010a 07       		.byte	0x7
 586 010b 8C000000 		.4byte	0x8c
 587 010f 00       		.byte	0
 588 0110 06       		.uleb128 0x6
 589 0111 61000000 		.4byte	.LASF24
 590 0115 06       		.byte	0x6
 591 0116 0A       		.byte	0xa
 592 0117 A2000000 		.4byte	0xa2
 593 011b 03       		.byte	0x3
 594 011c 2A010000 		.4byte	0x12a
 595 0120 07       		.uleb128 0x7
 596 0121 7800     		.ascii	"x\000"
 597 0123 06       		.byte	0x6
 598 0124 0A       		.byte	0xa
 599 0125 A2000000 		.4byte	0xa2
 600 0129 00       		.byte	0
 601 012a 08       		.uleb128 0x8
 602 012b 1D020000 		.4byte	.LASF25
 603 012f 01       		.byte	0x1
 604 0130 08       		.byte	0x8
 605 0131 97000000 		.4byte	0x97
 606 0135 00000000 		.4byte	.LFB7
 607 0139 40000000 		.4byte	.LFE7-.LFB7
 608 013d 01       		.uleb128 0x1
 609 013e 9C       		.byte	0x9c
 610 013f AF010000 		.4byte	0x1af
 611 0143 09       		.uleb128 0x9
 612 0144 6E00     		.ascii	"n\000"
 613 0146 01       		.byte	0x1
 614 0147 08       		.byte	0x8
 615 0148 97000000 		.4byte	0x97
 616 014c 00000000 		.4byte	.LLST0
 617 0150 0A       		.uleb128 0xa
 618 0151 43020000 		.4byte	.LASF27
 619 0155 01       		.byte	0x1
 620 0156 09       		.byte	0x9
 621 0157 AF010000 		.4byte	0x1af
 622 015b 05       		.uleb128 0x5
 623 015c 03       		.byte	0x3
 624 015d 00000000 		.4byte	memo.4962
 625 0161 0B       		.uleb128 0xb
 626 0162 0F010000 		.4byte	.LASF38
 627 0166 CF010000 		.4byte	0x1cf
 628 016a 05       		.uleb128 0x5
 629 016b 03       		.byte	0x3
ARM GAS  C:\Users\teru\AppData\Local\Temp\ccdKGzld.s 			page 14


 630 016c 00000000 		.4byte	__func__.4963
 631 0170 0C       		.uleb128 0xc
 632 0171 12000000 		.4byte	.LVL2
 633 0175 80040000 		.4byte	0x480
 634 0179 9E010000 		.4byte	0x19e
 635 017d 0D       		.uleb128 0xd
 636 017e 01       		.uleb128 0x1
 637 017f 50       		.byte	0x50
 638 0180 05       		.uleb128 0x5
 639 0181 03       		.byte	0x3
 640 0182 20000000 		.4byte	.LC1
 641 0186 0D       		.uleb128 0xd
 642 0187 01       		.uleb128 0x1
 643 0188 51       		.byte	0x51
 644 0189 01       		.uleb128 0x1
 645 018a 3A       		.byte	0x3a
 646 018b 0D       		.uleb128 0xd
 647 018c 01       		.uleb128 0x1
 648 018d 52       		.byte	0x52
 649 018e 05       		.uleb128 0x5
 650 018f 03       		.byte	0x3
 651 0190 00000000 		.4byte	.LANCHOR0
 652 0194 0D       		.uleb128 0xd
 653 0195 01       		.uleb128 0x1
 654 0196 53       		.byte	0x53
 655 0197 05       		.uleb128 0x5
 656 0198 03       		.byte	0x3
 657 0199 00000000 		.4byte	.LC0
 658 019d 00       		.byte	0
 659 019e 0E       		.uleb128 0xe
 660 019f 24000000 		.4byte	.LVL4
 661 01a3 2A010000 		.4byte	0x12a
 662 01a7 0D       		.uleb128 0xd
 663 01a8 01       		.uleb128 0x1
 664 01a9 50       		.byte	0x50
 665 01aa 02       		.uleb128 0x2
 666 01ab 74       		.byte	0x74
 667 01ac 7F       		.sleb128 -1
 668 01ad 00       		.byte	0
 669 01ae 00       		.byte	0
 670 01af 0F       		.uleb128 0xf
 671 01b0 8C000000 		.4byte	0x8c
 672 01b4 BF010000 		.4byte	0x1bf
 673 01b8 10       		.uleb128 0x10
 674 01b9 D5000000 		.4byte	0xd5
 675 01bd 0F       		.byte	0xf
 676 01be 00       		.byte	0
 677 01bf 0F       		.uleb128 0xf
 678 01c0 E3000000 		.4byte	0xe3
 679 01c4 CF010000 		.4byte	0x1cf
 680 01c8 10       		.uleb128 0x10
 681 01c9 D5000000 		.4byte	0xd5
 682 01cd 04       		.byte	0x4
 683 01ce 00       		.byte	0
 684 01cf 05       		.uleb128 0x5
 685 01d0 BF010000 		.4byte	0x1bf
 686 01d4 11       		.uleb128 0x11
ARM GAS  C:\Users\teru\AppData\Local\Temp\ccdKGzld.s 			page 15


 687 01d5 3A020000 		.4byte	.LASF26
 688 01d9 01       		.byte	0x1
 689 01da 11       		.byte	0x11
 690 01db AD000000 		.4byte	0xad
 691 01df 00000000 		.4byte	.LFB8
 692 01e3 52000000 		.4byte	.LFE8-.LFB8
 693 01e7 01       		.uleb128 0x1
 694 01e8 9C       		.byte	0x9c
 695 01e9 5A020000 		.4byte	0x25a
 696 01ed 09       		.uleb128 0x9
 697 01ee 7800     		.ascii	"x\000"
 698 01f0 01       		.byte	0x1
 699 01f1 11       		.byte	0x11
 700 01f2 AD000000 		.4byte	0xad
 701 01f6 45000000 		.4byte	.LLST1
 702 01fa 12       		.uleb128 0x12
 703 01fb 65707300 		.ascii	"eps\000"
 704 01ff 01       		.byte	0x1
 705 0200 13       		.byte	0x13
 706 0201 5A020000 		.4byte	0x25a
 707 0205 04       		.byte	0x4
 708 0206 13       		.uleb128 0x13
 709 0207 D4010000 		.4byte	.LASF28
 710 020b 01       		.byte	0x1
 711 020c 14       		.byte	0x14
 712 020d 5F020000 		.4byte	0x25f
 713 0211 08       		.byte	0x8
 714 0212 14       		.uleb128 0x14
 715 0213 636E7400 		.ascii	"cnt\000"
 716 0217 01       		.byte	0x1
 717 0218 15       		.byte	0x15
 718 0219 C3000000 		.4byte	0xc3
 719 021d 63000000 		.4byte	.LLST2
 720 0221 14       		.uleb128 0x14
 721 0222 6E6F7700 		.ascii	"now\000"
 722 0226 01       		.byte	0x1
 723 0227 16       		.byte	0x16
 724 0228 AD000000 		.4byte	0xad
 725 022c 82000000 		.4byte	.LLST3
 726 0230 15       		.uleb128 0x15
 727 0231 EB010000 		.4byte	.LASF29
 728 0235 01       		.byte	0x1
 729 0236 16       		.byte	0x16
 730 0237 AD000000 		.4byte	0xad
 731 023b A3000000 		.4byte	.LLST4
 732 023f 14       		.uleb128 0x14
 733 0240 6600     		.ascii	"f\000"
 734 0242 01       		.byte	0x1
 735 0243 17       		.byte	0x17
 736 0244 B8000000 		.4byte	0xb8
 737 0248 B6000000 		.4byte	.LLST5
 738 024c 14       		.uleb128 0x14
 739 024d 6700     		.ascii	"g\000"
 740 024f 01       		.byte	0x1
 741 0250 18       		.byte	0x18
 742 0251 AD000000 		.4byte	0xad
 743 0255 CE000000 		.4byte	.LLST6
ARM GAS  C:\Users\teru\AppData\Local\Temp\ccdKGzld.s 			page 16


 744 0259 00       		.byte	0
 745 025a 05       		.uleb128 0x5
 746 025b AD000000 		.4byte	0xad
 747 025f 05       		.uleb128 0x5
 748 0260 C3000000 		.4byte	0xc3
 749 0264 11       		.uleb128 0x11
 750 0265 74010000 		.4byte	.LASF30
 751 0269 01       		.byte	0x1
 752 026a 24       		.byte	0x24
 753 026b AD000000 		.4byte	0xad
 754 026f 00000000 		.4byte	.LFB9
 755 0273 7C000000 		.4byte	.LFE9-.LFB9
 756 0277 01       		.uleb128 0x1
 757 0278 9C       		.byte	0x9c
 758 0279 F1020000 		.4byte	0x2f1
 759 027d 09       		.uleb128 0x9
 760 027e 7800     		.ascii	"x\000"
 761 0280 01       		.byte	0x1
 762 0281 24       		.byte	0x24
 763 0282 AD000000 		.4byte	0xad
 764 0286 F0000000 		.4byte	.LLST7
 765 028a 13       		.uleb128 0x13
 766 028b D4010000 		.4byte	.LASF28
 767 028f 01       		.byte	0x1
 768 0290 26       		.byte	0x26
 769 0291 5F020000 		.4byte	0x25f
 770 0295 0C       		.byte	0xc
 771 0296 16       		.uleb128 0x16
 772 0297 65707300 		.ascii	"eps\000"
 773 029b 01       		.byte	0x1
 774 029c 27       		.byte	0x27
 775 029d F1020000 		.4byte	0x2f1
 776 02a1 00000100 		.4byte	0x10000
 777 02a5 14       		.uleb128 0x14
 778 02a6 636E7400 		.ascii	"cnt\000"
 779 02aa 01       		.byte	0x1
 780 02ab 28       		.byte	0x28
 781 02ac C3000000 		.4byte	0xc3
 782 02b0 0E010000 		.4byte	.LLST8
 783 02b4 15       		.uleb128 0x15
 784 02b5 1D020000 		.4byte	.LASF25
 785 02b9 01       		.byte	0x1
 786 02ba 29       		.byte	0x29
 787 02bb 8C000000 		.4byte	0x8c
 788 02bf 2D010000 		.4byte	.LLST9
 789 02c3 14       		.uleb128 0x14
 790 02c4 706F7700 		.ascii	"pow\000"
 791 02c8 01       		.byte	0x1
 792 02c9 2B       		.byte	0x2b
 793 02ca B8000000 		.4byte	0xb8
 794 02ce 4C010000 		.4byte	.LLST10
 795 02d2 14       		.uleb128 0x14
 796 02d3 6E6F7700 		.ascii	"now\000"
 797 02d7 01       		.byte	0x1
 798 02d8 2C       		.byte	0x2c
 799 02d9 B8000000 		.4byte	0xb8
 800 02dd 74010000 		.4byte	.LLST11
ARM GAS  C:\Users\teru\AppData\Local\Temp\ccdKGzld.s 			page 17


 801 02e1 15       		.uleb128 0x15
 802 02e2 EB010000 		.4byte	.LASF29
 803 02e6 01       		.byte	0x1
 804 02e7 2C       		.byte	0x2c
 805 02e8 B8000000 		.4byte	0xb8
 806 02ec 9C010000 		.4byte	.LLST12
 807 02f0 00       		.byte	0
 808 02f1 05       		.uleb128 0x5
 809 02f2 B8000000 		.4byte	0xb8
 810 02f6 08       		.uleb128 0x8
 811 02f7 5F010000 		.4byte	.LASF31
 812 02fb 01       		.byte	0x1
 813 02fc 3B       		.byte	0x3b
 814 02fd AD000000 		.4byte	0xad
 815 0301 00000000 		.4byte	.LFB10
 816 0305 5A000000 		.4byte	.LFE10-.LFB10
 817 0309 01       		.uleb128 0x1
 818 030a 9C       		.byte	0x9c
 819 030b BD030000 		.4byte	0x3bd
 820 030f 09       		.uleb128 0x9
 821 0310 7800     		.ascii	"x\000"
 822 0312 01       		.byte	0x1
 823 0313 3B       		.byte	0x3b
 824 0314 AD000000 		.4byte	0xad
 825 0318 C4010000 		.4byte	.LLST13
 826 031c 13       		.uleb128 0x13
 827 031d D4010000 		.4byte	.LASF28
 828 0321 01       		.byte	0x1
 829 0322 3D       		.byte	0x3d
 830 0323 5F020000 		.4byte	0x25f
 831 0327 0C       		.byte	0xc
 832 0328 12       		.uleb128 0x12
 833 0329 65707300 		.ascii	"eps\000"
 834 032d 01       		.byte	0x1
 835 032e 3E       		.byte	0x3e
 836 032f 5A020000 		.4byte	0x25a
 837 0333 08       		.byte	0x8
 838 0334 17       		.uleb128 0x17
 839 0335 783200   		.ascii	"x2\000"
 840 0338 01       		.byte	0x1
 841 0339 3F       		.byte	0x3f
 842 033a 5A020000 		.4byte	0x25a
 843 033e 01       		.uleb128 0x1
 844 033f 57       		.byte	0x57
 845 0340 14       		.uleb128 0x14
 846 0341 787800   		.ascii	"xx\000"
 847 0344 01       		.byte	0x1
 848 0345 40       		.byte	0x40
 849 0346 AD000000 		.4byte	0xad
 850 034a F0010000 		.4byte	.LLST14
 851 034e 14       		.uleb128 0x14
 852 034f 73756D00 		.ascii	"sum\000"
 853 0353 01       		.byte	0x1
 854 0354 41       		.byte	0x41
 855 0355 AD000000 		.4byte	0xad
 856 0359 0E020000 		.4byte	.LLST15
 857 035d 15       		.uleb128 0x15
ARM GAS  C:\Users\teru\AppData\Local\Temp\ccdKGzld.s 			page 18


 858 035e EB010000 		.4byte	.LASF29
 859 0362 01       		.byte	0x1
 860 0363 41       		.byte	0x41
 861 0364 AD000000 		.4byte	0xad
 862 0368 2C020000 		.4byte	.LLST16
 863 036c 18       		.uleb128 0x18
 864 036d 20000000 		.4byte	.LBB12
 865 0371 34000000 		.4byte	.LBE12-.LBB12
 866 0375 AB030000 		.4byte	0x3ab
 867 0379 14       		.uleb128 0x14
 868 037a 6900     		.ascii	"i\000"
 869 037c 01       		.byte	0x1
 870 037d 42       		.byte	0x42
 871 037e C3000000 		.4byte	0xc3
 872 0382 3F020000 		.4byte	.LLST17
 873 0386 0C       		.uleb128 0xc
 874 0387 38000000 		.4byte	.LVL35
 875 038b 2A010000 		.4byte	0x12a
 876 038f 9A030000 		.4byte	0x39a
 877 0393 0D       		.uleb128 0xd
 878 0394 01       		.uleb128 0x1
 879 0395 50       		.byte	0x50
 880 0396 02       		.uleb128 0x2
 881 0397 75       		.byte	0x75
 882 0398 00       		.sleb128 0
 883 0399 00       		.byte	0
 884 039a 0E       		.uleb128 0xe
 885 039b 44000000 		.4byte	.LVL36
 886 039f 2A010000 		.4byte	0x12a
 887 03a3 0D       		.uleb128 0xd
 888 03a4 01       		.uleb128 0x1
 889 03a5 50       		.byte	0x50
 890 03a6 02       		.uleb128 0x2
 891 03a7 75       		.byte	0x75
 892 03a8 00       		.sleb128 0
 893 03a9 00       		.byte	0
 894 03aa 00       		.byte	0
 895 03ab 0E       		.uleb128 0xe
 896 03ac 08000000 		.4byte	.LVL29
 897 03b0 8B040000 		.4byte	0x48b
 898 03b4 0D       		.uleb128 0xd
 899 03b5 01       		.uleb128 0x1
 900 03b6 50       		.byte	0x50
 901 03b7 03       		.uleb128 0x3
 902 03b8 F3       		.byte	0xf3
 903 03b9 01       		.uleb128 0x1
 904 03ba 50       		.byte	0x50
 905 03bb 00       		.byte	0
 906 03bc 00       		.byte	0
 907 03bd 08       		.uleb128 0x8
 908 03be 4F000000 		.4byte	.LASF32
 909 03c2 01       		.byte	0x1
 910 03c3 4C       		.byte	0x4c
 911 03c4 AD000000 		.4byte	0xad
 912 03c8 00000000 		.4byte	.LFB11
 913 03cc 5C000000 		.4byte	.LFE11-.LFB11
 914 03d0 01       		.uleb128 0x1
ARM GAS  C:\Users\teru\AppData\Local\Temp\ccdKGzld.s 			page 19


 915 03d1 9C       		.byte	0x9c
 916 03d2 80040000 		.4byte	0x480
 917 03d6 09       		.uleb128 0x9
 918 03d7 7800     		.ascii	"x\000"
 919 03d9 01       		.byte	0x1
 920 03da 4C       		.byte	0x4c
 921 03db AD000000 		.4byte	0xad
 922 03df 5E020000 		.4byte	.LLST18
 923 03e3 13       		.uleb128 0x13
 924 03e4 D4010000 		.4byte	.LASF28
 925 03e8 01       		.byte	0x1
 926 03e9 4E       		.byte	0x4e
 927 03ea 5F020000 		.4byte	0x25f
 928 03ee 0C       		.byte	0xc
 929 03ef 12       		.uleb128 0x12
 930 03f0 65707300 		.ascii	"eps\000"
 931 03f4 01       		.byte	0x1
 932 03f5 4F       		.byte	0x4f
 933 03f6 5A020000 		.4byte	0x25a
 934 03fa 08       		.byte	0x8
 935 03fb 17       		.uleb128 0x17
 936 03fc 783200   		.ascii	"x2\000"
 937 03ff 01       		.byte	0x1
 938 0400 50       		.byte	0x50
 939 0401 5A020000 		.4byte	0x25a
 940 0405 01       		.uleb128 0x1
 941 0406 57       		.byte	0x57
 942 0407 14       		.uleb128 0x14
 943 0408 787800   		.ascii	"xx\000"
 944 040b 01       		.byte	0x1
 945 040c 51       		.byte	0x51
 946 040d AD000000 		.4byte	0xad
 947 0411 8A020000 		.4byte	.LLST19
 948 0415 14       		.uleb128 0x14
 949 0416 73756D00 		.ascii	"sum\000"
 950 041a 01       		.byte	0x1
 951 041b 52       		.byte	0x52
 952 041c AD000000 		.4byte	0xad
 953 0420 A8020000 		.4byte	.LLST20
 954 0424 15       		.uleb128 0x15
 955 0425 EB010000 		.4byte	.LASF29
 956 0429 01       		.byte	0x1
 957 042a 52       		.byte	0x52
 958 042b AD000000 		.4byte	0xad
 959 042f C9020000 		.4byte	.LLST21
 960 0433 19       		.uleb128 0x19
 961 0434 00000000 		.4byte	.Ldebug_ranges0+0
 962 0438 6E040000 		.4byte	0x46e
 963 043c 14       		.uleb128 0x14
 964 043d 6900     		.ascii	"i\000"
 965 043f 01       		.byte	0x1
 966 0440 53       		.byte	0x53
 967 0441 C3000000 		.4byte	0xc3
 968 0445 DC020000 		.4byte	.LLST22
 969 0449 0C       		.uleb128 0xc
 970 044a 3A000000 		.4byte	.LVL47
 971 044e 2A010000 		.4byte	0x12a
ARM GAS  C:\Users\teru\AppData\Local\Temp\ccdKGzld.s 			page 20


 972 0452 5D040000 		.4byte	0x45d
 973 0456 0D       		.uleb128 0xd
 974 0457 01       		.uleb128 0x1
 975 0458 50       		.byte	0x50
 976 0459 02       		.uleb128 0x2
 977 045a 75       		.byte	0x75
 978 045b 00       		.sleb128 0
 979 045c 00       		.byte	0
 980 045d 0E       		.uleb128 0xe
 981 045e 46000000 		.4byte	.LVL48
 982 0462 2A010000 		.4byte	0x12a
 983 0466 0D       		.uleb128 0xd
 984 0467 01       		.uleb128 0x1
 985 0468 50       		.byte	0x50
 986 0469 02       		.uleb128 0x2
 987 046a 75       		.byte	0x75
 988 046b 00       		.sleb128 0
 989 046c 00       		.byte	0
 990 046d 00       		.byte	0
 991 046e 0E       		.uleb128 0xe
 992 046f 08000000 		.4byte	.LVL41
 993 0473 8B040000 		.4byte	0x48b
 994 0477 0D       		.uleb128 0xd
 995 0478 01       		.uleb128 0x1
 996 0479 50       		.byte	0x50
 997 047a 03       		.uleb128 0x3
 998 047b F3       		.byte	0xf3
 999 047c 01       		.uleb128 0x1
 1000 047d 50       		.byte	0x50
 1001 047e 00       		.byte	0
 1002 047f 00       		.byte	0
 1003 0480 1A       		.uleb128 0x1a
 1004 0481 1E010000 		.4byte	.LASF33
 1005 0485 1E010000 		.4byte	.LASF33
 1006 0489 07       		.byte	0x7
 1007 048a 29       		.byte	0x29
 1008 048b 1A       		.uleb128 0x1a
 1009 048c 67010000 		.4byte	.LASF34
 1010 0490 67010000 		.4byte	.LASF34
 1011 0494 08       		.byte	0x8
 1012 0495 29       		.byte	0x29
 1013 0496 00       		.byte	0
 1014              		.section	.debug_abbrev,"",%progbits
 1015              	.Ldebug_abbrev0:
 1016 0000 01       		.uleb128 0x1
 1017 0001 11       		.uleb128 0x11
 1018 0002 01       		.byte	0x1
 1019 0003 25       		.uleb128 0x25
 1020 0004 0E       		.uleb128 0xe
 1021 0005 13       		.uleb128 0x13
 1022 0006 0B       		.uleb128 0xb
 1023 0007 03       		.uleb128 0x3
 1024 0008 0E       		.uleb128 0xe
 1025 0009 1B       		.uleb128 0x1b
 1026 000a 0E       		.uleb128 0xe
 1027 000b 55       		.uleb128 0x55
 1028 000c 17       		.uleb128 0x17
ARM GAS  C:\Users\teru\AppData\Local\Temp\ccdKGzld.s 			page 21


 1029 000d 11       		.uleb128 0x11
 1030 000e 01       		.uleb128 0x1
 1031 000f 10       		.uleb128 0x10
 1032 0010 17       		.uleb128 0x17
 1033 0011 00       		.byte	0
 1034 0012 00       		.byte	0
 1035 0013 02       		.uleb128 0x2
 1036 0014 24       		.uleb128 0x24
 1037 0015 00       		.byte	0
 1038 0016 0B       		.uleb128 0xb
 1039 0017 0B       		.uleb128 0xb
 1040 0018 3E       		.uleb128 0x3e
 1041 0019 0B       		.uleb128 0xb
 1042 001a 03       		.uleb128 0x3
 1043 001b 0E       		.uleb128 0xe
 1044 001c 00       		.byte	0
 1045 001d 00       		.byte	0
 1046 001e 03       		.uleb128 0x3
 1047 001f 16       		.uleb128 0x16
 1048 0020 00       		.byte	0
 1049 0021 03       		.uleb128 0x3
 1050 0022 0E       		.uleb128 0xe
 1051 0023 3A       		.uleb128 0x3a
 1052 0024 0B       		.uleb128 0xb
 1053 0025 3B       		.uleb128 0x3b
 1054 0026 0B       		.uleb128 0xb
 1055 0027 49       		.uleb128 0x49
 1056 0028 13       		.uleb128 0x13
 1057 0029 00       		.byte	0
 1058 002a 00       		.byte	0
 1059 002b 04       		.uleb128 0x4
 1060 002c 24       		.uleb128 0x24
 1061 002d 00       		.byte	0
 1062 002e 0B       		.uleb128 0xb
 1063 002f 0B       		.uleb128 0xb
 1064 0030 3E       		.uleb128 0x3e
 1065 0031 0B       		.uleb128 0xb
 1066 0032 03       		.uleb128 0x3
 1067 0033 08       		.uleb128 0x8
 1068 0034 00       		.byte	0
 1069 0035 00       		.byte	0
 1070 0036 05       		.uleb128 0x5
 1071 0037 26       		.uleb128 0x26
 1072 0038 00       		.byte	0
 1073 0039 49       		.uleb128 0x49
 1074 003a 13       		.uleb128 0x13
 1075 003b 00       		.byte	0
 1076 003c 00       		.byte	0
 1077 003d 06       		.uleb128 0x6
 1078 003e 2E       		.uleb128 0x2e
 1079 003f 01       		.byte	0x1
 1080 0040 03       		.uleb128 0x3
 1081 0041 0E       		.uleb128 0xe
 1082 0042 3A       		.uleb128 0x3a
 1083 0043 0B       		.uleb128 0xb
 1084 0044 3B       		.uleb128 0x3b
 1085 0045 0B       		.uleb128 0xb
ARM GAS  C:\Users\teru\AppData\Local\Temp\ccdKGzld.s 			page 22


 1086 0046 27       		.uleb128 0x27
 1087 0047 19       		.uleb128 0x19
 1088 0048 49       		.uleb128 0x49
 1089 0049 13       		.uleb128 0x13
 1090 004a 20       		.uleb128 0x20
 1091 004b 0B       		.uleb128 0xb
 1092 004c 01       		.uleb128 0x1
 1093 004d 13       		.uleb128 0x13
 1094 004e 00       		.byte	0
 1095 004f 00       		.byte	0
 1096 0050 07       		.uleb128 0x7
 1097 0051 05       		.uleb128 0x5
 1098 0052 00       		.byte	0
 1099 0053 03       		.uleb128 0x3
 1100 0054 08       		.uleb128 0x8
 1101 0055 3A       		.uleb128 0x3a
 1102 0056 0B       		.uleb128 0xb
 1103 0057 3B       		.uleb128 0x3b
 1104 0058 0B       		.uleb128 0xb
 1105 0059 49       		.uleb128 0x49
 1106 005a 13       		.uleb128 0x13
 1107 005b 00       		.byte	0
 1108 005c 00       		.byte	0
 1109 005d 08       		.uleb128 0x8
 1110 005e 2E       		.uleb128 0x2e
 1111 005f 01       		.byte	0x1
 1112 0060 3F       		.uleb128 0x3f
 1113 0061 19       		.uleb128 0x19
 1114 0062 03       		.uleb128 0x3
 1115 0063 0E       		.uleb128 0xe
 1116 0064 3A       		.uleb128 0x3a
 1117 0065 0B       		.uleb128 0xb
 1118 0066 3B       		.uleb128 0x3b
 1119 0067 0B       		.uleb128 0xb
 1120 0068 27       		.uleb128 0x27
 1121 0069 19       		.uleb128 0x19
 1122 006a 49       		.uleb128 0x49
 1123 006b 13       		.uleb128 0x13
 1124 006c 11       		.uleb128 0x11
 1125 006d 01       		.uleb128 0x1
 1126 006e 12       		.uleb128 0x12
 1127 006f 06       		.uleb128 0x6
 1128 0070 40       		.uleb128 0x40
 1129 0071 18       		.uleb128 0x18
 1130 0072 9742     		.uleb128 0x2117
 1131 0074 19       		.uleb128 0x19
 1132 0075 01       		.uleb128 0x1
 1133 0076 13       		.uleb128 0x13
 1134 0077 00       		.byte	0
 1135 0078 00       		.byte	0
 1136 0079 09       		.uleb128 0x9
 1137 007a 05       		.uleb128 0x5
 1138 007b 00       		.byte	0
 1139 007c 03       		.uleb128 0x3
 1140 007d 08       		.uleb128 0x8
 1141 007e 3A       		.uleb128 0x3a
 1142 007f 0B       		.uleb128 0xb
ARM GAS  C:\Users\teru\AppData\Local\Temp\ccdKGzld.s 			page 23


 1143 0080 3B       		.uleb128 0x3b
 1144 0081 0B       		.uleb128 0xb
 1145 0082 49       		.uleb128 0x49
 1146 0083 13       		.uleb128 0x13
 1147 0084 02       		.uleb128 0x2
 1148 0085 17       		.uleb128 0x17
 1149 0086 00       		.byte	0
 1150 0087 00       		.byte	0
 1151 0088 0A       		.uleb128 0xa
 1152 0089 34       		.uleb128 0x34
 1153 008a 00       		.byte	0
 1154 008b 03       		.uleb128 0x3
 1155 008c 0E       		.uleb128 0xe
 1156 008d 3A       		.uleb128 0x3a
 1157 008e 0B       		.uleb128 0xb
 1158 008f 3B       		.uleb128 0x3b
 1159 0090 0B       		.uleb128 0xb
 1160 0091 49       		.uleb128 0x49
 1161 0092 13       		.uleb128 0x13
 1162 0093 02       		.uleb128 0x2
 1163 0094 18       		.uleb128 0x18
 1164 0095 00       		.byte	0
 1165 0096 00       		.byte	0
 1166 0097 0B       		.uleb128 0xb
 1167 0098 34       		.uleb128 0x34
 1168 0099 00       		.byte	0
 1169 009a 03       		.uleb128 0x3
 1170 009b 0E       		.uleb128 0xe
 1171 009c 49       		.uleb128 0x49
 1172 009d 13       		.uleb128 0x13
 1173 009e 34       		.uleb128 0x34
 1174 009f 19       		.uleb128 0x19
 1175 00a0 02       		.uleb128 0x2
 1176 00a1 18       		.uleb128 0x18
 1177 00a2 00       		.byte	0
 1178 00a3 00       		.byte	0
 1179 00a4 0C       		.uleb128 0xc
 1180 00a5 898201   		.uleb128 0x4109
 1181 00a8 01       		.byte	0x1
 1182 00a9 11       		.uleb128 0x11
 1183 00aa 01       		.uleb128 0x1
 1184 00ab 31       		.uleb128 0x31
 1185 00ac 13       		.uleb128 0x13
 1186 00ad 01       		.uleb128 0x1
 1187 00ae 13       		.uleb128 0x13
 1188 00af 00       		.byte	0
 1189 00b0 00       		.byte	0
 1190 00b1 0D       		.uleb128 0xd
 1191 00b2 8A8201   		.uleb128 0x410a
 1192 00b5 00       		.byte	0
 1193 00b6 02       		.uleb128 0x2
 1194 00b7 18       		.uleb128 0x18
 1195 00b8 9142     		.uleb128 0x2111
 1196 00ba 18       		.uleb128 0x18
 1197 00bb 00       		.byte	0
 1198 00bc 00       		.byte	0
 1199 00bd 0E       		.uleb128 0xe
ARM GAS  C:\Users\teru\AppData\Local\Temp\ccdKGzld.s 			page 24


 1200 00be 898201   		.uleb128 0x4109
 1201 00c1 01       		.byte	0x1
 1202 00c2 11       		.uleb128 0x11
 1203 00c3 01       		.uleb128 0x1
 1204 00c4 31       		.uleb128 0x31
 1205 00c5 13       		.uleb128 0x13
 1206 00c6 00       		.byte	0
 1207 00c7 00       		.byte	0
 1208 00c8 0F       		.uleb128 0xf
 1209 00c9 01       		.uleb128 0x1
 1210 00ca 01       		.byte	0x1
 1211 00cb 49       		.uleb128 0x49
 1212 00cc 13       		.uleb128 0x13
 1213 00cd 01       		.uleb128 0x1
 1214 00ce 13       		.uleb128 0x13
 1215 00cf 00       		.byte	0
 1216 00d0 00       		.byte	0
 1217 00d1 10       		.uleb128 0x10
 1218 00d2 21       		.uleb128 0x21
 1219 00d3 00       		.byte	0
 1220 00d4 49       		.uleb128 0x49
 1221 00d5 13       		.uleb128 0x13
 1222 00d6 2F       		.uleb128 0x2f
 1223 00d7 0B       		.uleb128 0xb
 1224 00d8 00       		.byte	0
 1225 00d9 00       		.byte	0
 1226 00da 11       		.uleb128 0x11
 1227 00db 2E       		.uleb128 0x2e
 1228 00dc 01       		.byte	0x1
 1229 00dd 3F       		.uleb128 0x3f
 1230 00de 19       		.uleb128 0x19
 1231 00df 03       		.uleb128 0x3
 1232 00e0 0E       		.uleb128 0xe
 1233 00e1 3A       		.uleb128 0x3a
 1234 00e2 0B       		.uleb128 0xb
 1235 00e3 3B       		.uleb128 0x3b
 1236 00e4 0B       		.uleb128 0xb
 1237 00e5 27       		.uleb128 0x27
 1238 00e6 19       		.uleb128 0x19
 1239 00e7 49       		.uleb128 0x49
 1240 00e8 13       		.uleb128 0x13
 1241 00e9 11       		.uleb128 0x11
 1242 00ea 01       		.uleb128 0x1
 1243 00eb 12       		.uleb128 0x12
 1244 00ec 06       		.uleb128 0x6
 1245 00ed 40       		.uleb128 0x40
 1246 00ee 18       		.uleb128 0x18
 1247 00ef 9642     		.uleb128 0x2116
 1248 00f1 19       		.uleb128 0x19
 1249 00f2 01       		.uleb128 0x1
 1250 00f3 13       		.uleb128 0x13
 1251 00f4 00       		.byte	0
 1252 00f5 00       		.byte	0
 1253 00f6 12       		.uleb128 0x12
 1254 00f7 34       		.uleb128 0x34
 1255 00f8 00       		.byte	0
 1256 00f9 03       		.uleb128 0x3
ARM GAS  C:\Users\teru\AppData\Local\Temp\ccdKGzld.s 			page 25


 1257 00fa 08       		.uleb128 0x8
 1258 00fb 3A       		.uleb128 0x3a
 1259 00fc 0B       		.uleb128 0xb
 1260 00fd 3B       		.uleb128 0x3b
 1261 00fe 0B       		.uleb128 0xb
 1262 00ff 49       		.uleb128 0x49
 1263 0100 13       		.uleb128 0x13
 1264 0101 1C       		.uleb128 0x1c
 1265 0102 0B       		.uleb128 0xb
 1266 0103 00       		.byte	0
 1267 0104 00       		.byte	0
 1268 0105 13       		.uleb128 0x13
 1269 0106 34       		.uleb128 0x34
 1270 0107 00       		.byte	0
 1271 0108 03       		.uleb128 0x3
 1272 0109 0E       		.uleb128 0xe
 1273 010a 3A       		.uleb128 0x3a
 1274 010b 0B       		.uleb128 0xb
 1275 010c 3B       		.uleb128 0x3b
 1276 010d 0B       		.uleb128 0xb
 1277 010e 49       		.uleb128 0x49
 1278 010f 13       		.uleb128 0x13
 1279 0110 1C       		.uleb128 0x1c
 1280 0111 0B       		.uleb128 0xb
 1281 0112 00       		.byte	0
 1282 0113 00       		.byte	0
 1283 0114 14       		.uleb128 0x14
 1284 0115 34       		.uleb128 0x34
 1285 0116 00       		.byte	0
 1286 0117 03       		.uleb128 0x3
 1287 0118 08       		.uleb128 0x8
 1288 0119 3A       		.uleb128 0x3a
 1289 011a 0B       		.uleb128 0xb
 1290 011b 3B       		.uleb128 0x3b
 1291 011c 0B       		.uleb128 0xb
 1292 011d 49       		.uleb128 0x49
 1293 011e 13       		.uleb128 0x13
 1294 011f 02       		.uleb128 0x2
 1295 0120 17       		.uleb128 0x17
 1296 0121 00       		.byte	0
 1297 0122 00       		.byte	0
 1298 0123 15       		.uleb128 0x15
 1299 0124 34       		.uleb128 0x34
 1300 0125 00       		.byte	0
 1301 0126 03       		.uleb128 0x3
 1302 0127 0E       		.uleb128 0xe
 1303 0128 3A       		.uleb128 0x3a
 1304 0129 0B       		.uleb128 0xb
 1305 012a 3B       		.uleb128 0x3b
 1306 012b 0B       		.uleb128 0xb
 1307 012c 49       		.uleb128 0x49
 1308 012d 13       		.uleb128 0x13
 1309 012e 02       		.uleb128 0x2
 1310 012f 17       		.uleb128 0x17
 1311 0130 00       		.byte	0
 1312 0131 00       		.byte	0
 1313 0132 16       		.uleb128 0x16
ARM GAS  C:\Users\teru\AppData\Local\Temp\ccdKGzld.s 			page 26


 1314 0133 34       		.uleb128 0x34
 1315 0134 00       		.byte	0
 1316 0135 03       		.uleb128 0x3
 1317 0136 08       		.uleb128 0x8
 1318 0137 3A       		.uleb128 0x3a
 1319 0138 0B       		.uleb128 0xb
 1320 0139 3B       		.uleb128 0x3b
 1321 013a 0B       		.uleb128 0xb
 1322 013b 49       		.uleb128 0x49
 1323 013c 13       		.uleb128 0x13
 1324 013d 1C       		.uleb128 0x1c
 1325 013e 06       		.uleb128 0x6
 1326 013f 00       		.byte	0
 1327 0140 00       		.byte	0
 1328 0141 17       		.uleb128 0x17
 1329 0142 34       		.uleb128 0x34
 1330 0143 00       		.byte	0
 1331 0144 03       		.uleb128 0x3
 1332 0145 08       		.uleb128 0x8
 1333 0146 3A       		.uleb128 0x3a
 1334 0147 0B       		.uleb128 0xb
 1335 0148 3B       		.uleb128 0x3b
 1336 0149 0B       		.uleb128 0xb
 1337 014a 49       		.uleb128 0x49
 1338 014b 13       		.uleb128 0x13
 1339 014c 02       		.uleb128 0x2
 1340 014d 18       		.uleb128 0x18
 1341 014e 00       		.byte	0
 1342 014f 00       		.byte	0
 1343 0150 18       		.uleb128 0x18
 1344 0151 0B       		.uleb128 0xb
 1345 0152 01       		.byte	0x1
 1346 0153 11       		.uleb128 0x11
 1347 0154 01       		.uleb128 0x1
 1348 0155 12       		.uleb128 0x12
 1349 0156 06       		.uleb128 0x6
 1350 0157 01       		.uleb128 0x1
 1351 0158 13       		.uleb128 0x13
 1352 0159 00       		.byte	0
 1353 015a 00       		.byte	0
 1354 015b 19       		.uleb128 0x19
 1355 015c 0B       		.uleb128 0xb
 1356 015d 01       		.byte	0x1
 1357 015e 55       		.uleb128 0x55
 1358 015f 17       		.uleb128 0x17
 1359 0160 01       		.uleb128 0x1
 1360 0161 13       		.uleb128 0x13
 1361 0162 00       		.byte	0
 1362 0163 00       		.byte	0
 1363 0164 1A       		.uleb128 0x1a
 1364 0165 2E       		.uleb128 0x2e
 1365 0166 00       		.byte	0
 1366 0167 3F       		.uleb128 0x3f
 1367 0168 19       		.uleb128 0x19
 1368 0169 3C       		.uleb128 0x3c
 1369 016a 19       		.uleb128 0x19
 1370 016b 6E       		.uleb128 0x6e
ARM GAS  C:\Users\teru\AppData\Local\Temp\ccdKGzld.s 			page 27


 1371 016c 0E       		.uleb128 0xe
 1372 016d 03       		.uleb128 0x3
 1373 016e 0E       		.uleb128 0xe
 1374 016f 3A       		.uleb128 0x3a
 1375 0170 0B       		.uleb128 0xb
 1376 0171 3B       		.uleb128 0x3b
 1377 0172 0B       		.uleb128 0xb
 1378 0173 00       		.byte	0
 1379 0174 00       		.byte	0
 1380 0175 00       		.byte	0
 1381              		.section	.debug_loc,"",%progbits
 1382              	.Ldebug_loc0:
 1383              	.LLST0:
 1384 0000 00000000 		.4byte	.LVL0
 1385 0004 0E000000 		.4byte	.LVL1
 1386 0008 0100     		.2byte	0x1
 1387 000a 50       		.byte	0x50
 1388 000b 0E000000 		.4byte	.LVL1
 1389 000f 12000000 		.4byte	.LVL2
 1390 0013 0400     		.2byte	0x4
 1391 0015 F3       		.byte	0xf3
 1392 0016 01       		.uleb128 0x1
 1393 0017 50       		.byte	0x50
 1394 0018 9F       		.byte	0x9f
 1395 0019 12000000 		.4byte	.LVL2
 1396 001d 1A000000 		.4byte	.LVL3
 1397 0021 0100     		.2byte	0x1
 1398 0023 50       		.byte	0x50
 1399 0024 1A000000 		.4byte	.LVL3
 1400 0028 30000000 		.4byte	.LVL5
 1401 002c 0100     		.2byte	0x1
 1402 002e 54       		.byte	0x54
 1403 002f 30000000 		.4byte	.LVL5
 1404 0033 40000000 		.4byte	.LFE7
 1405 0037 0400     		.2byte	0x4
 1406 0039 F3       		.byte	0xf3
 1407 003a 01       		.uleb128 0x1
 1408 003b 50       		.byte	0x50
 1409 003c 9F       		.byte	0x9f
 1410 003d 00000000 		.4byte	0
 1411 0041 00000000 		.4byte	0
 1412              	.LLST1:
 1413 0045 00000000 		.4byte	.LVL6
 1414 0049 0E000000 		.4byte	.LVL8
 1415 004d 0100     		.2byte	0x1
 1416 004f 50       		.byte	0x50
 1417 0050 0E000000 		.4byte	.LVL8
 1418 0054 52000000 		.4byte	.LFE8
 1419 0058 0100     		.2byte	0x1
 1420 005a 58       		.byte	0x58
 1421 005b 00000000 		.4byte	0
 1422 005f 00000000 		.4byte	0
 1423              	.LLST2:
 1424 0063 06000000 		.4byte	.LVL7
 1425 0067 0E000000 		.4byte	.LVL8
 1426 006b 0200     		.2byte	0x2
 1427 006d 30       		.byte	0x30
ARM GAS  C:\Users\teru\AppData\Local\Temp\ccdKGzld.s 			page 28


 1428 006e 9F       		.byte	0x9f
 1429 006f 0E000000 		.4byte	.LVL8
 1430 0073 52000000 		.4byte	.LFE8
 1431 0077 0100     		.2byte	0x1
 1432 0079 55       		.byte	0x55
 1433 007a 00000000 		.4byte	0
 1434 007e 00000000 		.4byte	0
 1435              	.LLST3:
 1436 0082 06000000 		.4byte	.LVL7
 1437 0086 0E000000 		.4byte	.LVL8
 1438 008a 0400     		.2byte	0x4
 1439 008c 40       		.byte	0x40
 1440 008d 3C       		.byte	0x3c
 1441 008e 24       		.byte	0x24
 1442 008f 9F       		.byte	0x9f
 1443 0090 0E000000 		.4byte	.LVL8
 1444 0094 52000000 		.4byte	.LFE8
 1445 0098 0100     		.2byte	0x1
 1446 009a 54       		.byte	0x54
 1447 009b 00000000 		.4byte	0
 1448 009f 00000000 		.4byte	0
 1449              	.LLST4:
 1450 00a3 40000000 		.4byte	.LVL11
 1451 00a7 48000000 		.4byte	.LVL13
 1452 00ab 0100     		.2byte	0x1
 1453 00ad 50       		.byte	0x50
 1454 00ae 00000000 		.4byte	0
 1455 00b2 00000000 		.4byte	0
 1456              	.LLST5:
 1457 00b6 2C000000 		.4byte	.LVL9
 1458 00ba 48000000 		.4byte	.LVL13
 1459 00be 0600     		.2byte	0x6
 1460 00c0 5A       		.byte	0x5a
 1461 00c1 93       		.byte	0x93
 1462 00c2 04       		.uleb128 0x4
 1463 00c3 5B       		.byte	0x5b
 1464 00c4 93       		.byte	0x93
 1465 00c5 04       		.uleb128 0x4
 1466 00c6 00000000 		.4byte	0
 1467 00ca 00000000 		.4byte	0
 1468              	.LLST6:
 1469 00ce 2E000000 		.4byte	.LVL10
 1470 00d2 3F000000 		.4byte	.LVL11-1
 1471 00d6 0100     		.2byte	0x1
 1472 00d8 52       		.byte	0x52
 1473 00d9 3F000000 		.4byte	.LVL11-1
 1474 00dd 42000000 		.4byte	.LVL12
 1475 00e1 0500     		.2byte	0x5
 1476 00e3 74       		.byte	0x74
 1477 00e4 00       		.sleb128 0
 1478 00e5 31       		.byte	0x31
 1479 00e6 24       		.byte	0x24
 1480 00e7 9F       		.byte	0x9f
 1481 00e8 00000000 		.4byte	0
 1482 00ec 00000000 		.4byte	0
 1483              	.LLST7:
 1484 00f0 00000000 		.4byte	.LVL14
ARM GAS  C:\Users\teru\AppData\Local\Temp\ccdKGzld.s 			page 29


 1485 00f4 22000000 		.4byte	.LVL18
 1486 00f8 0100     		.2byte	0x1
 1487 00fa 50       		.byte	0x50
 1488 00fb 22000000 		.4byte	.LVL18
 1489 00ff 7C000000 		.4byte	.LFE9
 1490 0103 0100     		.2byte	0x1
 1491 0105 56       		.byte	0x56
 1492 0106 00000000 		.4byte	0
 1493 010a 00000000 		.4byte	0
 1494              	.LLST8:
 1495 010e 18000000 		.4byte	.LVL17
 1496 0112 22000000 		.4byte	.LVL18
 1497 0116 0200     		.2byte	0x2
 1498 0118 32       		.byte	0x32
 1499 0119 9F       		.byte	0x9f
 1500 011a 22000000 		.4byte	.LVL18
 1501 011e 7C000000 		.4byte	.LFE9
 1502 0122 0100     		.2byte	0x1
 1503 0124 5A       		.byte	0x5a
 1504 0125 00000000 		.4byte	0
 1505 0129 00000000 		.4byte	0
 1506              	.LLST9:
 1507 012d 04000000 		.4byte	.LVL15
 1508 0131 22000000 		.4byte	.LVL18
 1509 0135 0200     		.2byte	0x2
 1510 0137 31       		.byte	0x31
 1511 0138 9F       		.byte	0x9f
 1512 0139 22000000 		.4byte	.LVL18
 1513 013d 7C000000 		.4byte	.LFE9
 1514 0141 0100     		.2byte	0x1
 1515 0143 5B       		.byte	0x5b
 1516 0144 00000000 		.4byte	0
 1517 0148 00000000 		.4byte	0
 1518              	.LLST10:
 1519 014c 10000000 		.4byte	.LVL16
 1520 0150 36000000 		.4byte	.LVL20
 1521 0154 0600     		.2byte	0x6
 1522 0156 54       		.byte	0x54
 1523 0157 93       		.byte	0x93
 1524 0158 04       		.uleb128 0x4
 1525 0159 55       		.byte	0x55
 1526 015a 93       		.byte	0x93
 1527 015b 04       		.uleb128 0x4
 1528 015c 3C000000 		.4byte	.LVL21
 1529 0160 7C000000 		.4byte	.LFE9
 1530 0164 0600     		.2byte	0x6
 1531 0166 54       		.byte	0x54
 1532 0167 93       		.byte	0x93
 1533 0168 04       		.uleb128 0x4
 1534 0169 55       		.byte	0x55
 1535 016a 93       		.byte	0x93
 1536 016b 04       		.uleb128 0x4
 1537 016c 00000000 		.4byte	0
 1538 0170 00000000 		.4byte	0
 1539              	.LLST11:
 1540 0174 18000000 		.4byte	.LVL17
 1541 0178 4C000000 		.4byte	.LVL23
ARM GAS  C:\Users\teru\AppData\Local\Temp\ccdKGzld.s 			page 30


 1542 017c 0600     		.2byte	0x6
 1543 017e 58       		.byte	0x58
 1544 017f 93       		.byte	0x93
 1545 0180 04       		.uleb128 0x4
 1546 0181 59       		.byte	0x59
 1547 0182 93       		.byte	0x93
 1548 0183 04       		.uleb128 0x4
 1549 0184 50000000 		.4byte	.LVL24
 1550 0188 7C000000 		.4byte	.LFE9
 1551 018c 0600     		.2byte	0x6
 1552 018e 58       		.byte	0x58
 1553 018f 93       		.byte	0x93
 1554 0190 04       		.uleb128 0x4
 1555 0191 59       		.byte	0x59
 1556 0192 93       		.byte	0x93
 1557 0193 04       		.uleb128 0x4
 1558 0194 00000000 		.4byte	0
 1559 0198 00000000 		.4byte	0
 1560              	.LLST12:
 1561 019c 48000000 		.4byte	.LVL22
 1562 01a0 5E000000 		.4byte	.LVL25
 1563 01a4 0600     		.2byte	0x6
 1564 01a6 50       		.byte	0x50
 1565 01a7 93       		.byte	0x93
 1566 01a8 04       		.uleb128 0x4
 1567 01a9 51       		.byte	0x51
 1568 01aa 93       		.byte	0x93
 1569 01ab 04       		.uleb128 0x4
 1570 01ac 66000000 		.4byte	.LVL26
 1571 01b0 6A000000 		.4byte	.LVL27
 1572 01b4 0600     		.2byte	0x6
 1573 01b6 50       		.byte	0x50
 1574 01b7 93       		.byte	0x93
 1575 01b8 04       		.uleb128 0x4
 1576 01b9 51       		.byte	0x51
 1577 01ba 93       		.byte	0x93
 1578 01bb 04       		.uleb128 0x4
 1579 01bc 00000000 		.4byte	0
 1580 01c0 00000000 		.4byte	0
 1581              	.LLST13:
 1582 01c4 00000000 		.4byte	.LVL28
 1583 01c8 07000000 		.4byte	.LVL29-1
 1584 01cc 0100     		.2byte	0x1
 1585 01ce 50       		.byte	0x50
 1586 01cf 07000000 		.4byte	.LVL29-1
 1587 01d3 08000000 		.4byte	.LVL29
 1588 01d7 0400     		.2byte	0x4
 1589 01d9 F3       		.byte	0xf3
 1590 01da 01       		.uleb128 0x1
 1591 01db 50       		.byte	0x50
 1592 01dc 9F       		.byte	0x9f
 1593 01dd 08000000 		.4byte	.LVL29
 1594 01e1 24000000 		.4byte	.LVL32
 1595 01e5 0100     		.2byte	0x1
 1596 01e7 50       		.byte	0x50
 1597 01e8 00000000 		.4byte	0
 1598 01ec 00000000 		.4byte	0
ARM GAS  C:\Users\teru\AppData\Local\Temp\ccdKGzld.s 			page 31


 1599              	.LLST14:
 1600 01f0 1E000000 		.4byte	.LVL31
 1601 01f4 28000000 		.4byte	.LVL33
 1602 01f8 0100     		.2byte	0x1
 1603 01fa 54       		.byte	0x54
 1604 01fb 2A000000 		.4byte	.LVL34
 1605 01ff 5A000000 		.4byte	.LFE10
 1606 0203 0100     		.2byte	0x1
 1607 0205 54       		.byte	0x54
 1608 0206 00000000 		.4byte	0
 1609 020a 00000000 		.4byte	0
 1610              	.LLST15:
 1611 020e 1E000000 		.4byte	.LVL31
 1612 0212 24000000 		.4byte	.LVL32
 1613 0216 0100     		.2byte	0x1
 1614 0218 54       		.byte	0x54
 1615 0219 24000000 		.4byte	.LVL32
 1616 021d 5A000000 		.4byte	.LFE10
 1617 0221 0100     		.2byte	0x1
 1618 0223 58       		.byte	0x58
 1619 0224 00000000 		.4byte	0
 1620 0228 00000000 		.4byte	0
 1621              	.LLST16:
 1622 022c 48000000 		.4byte	.LVL37
 1623 0230 50000000 		.4byte	.LVL39
 1624 0234 0100     		.2byte	0x1
 1625 0236 50       		.byte	0x50
 1626 0237 00000000 		.4byte	0
 1627 023b 00000000 		.4byte	0
 1628              	.LLST17:
 1629 023f 1E000000 		.4byte	.LVL31
 1630 0243 24000000 		.4byte	.LVL32
 1631 0247 0200     		.2byte	0x2
 1632 0249 33       		.byte	0x33
 1633 024a 9F       		.byte	0x9f
 1634 024b 24000000 		.4byte	.LVL32
 1635 024f 5A000000 		.4byte	.LFE10
 1636 0253 0100     		.2byte	0x1
 1637 0255 55       		.byte	0x55
 1638 0256 00000000 		.4byte	0
 1639 025a 00000000 		.4byte	0
 1640              	.LLST18:
 1641 025e 00000000 		.4byte	.LVL40
 1642 0262 07000000 		.4byte	.LVL41-1
 1643 0266 0100     		.2byte	0x1
 1644 0268 50       		.byte	0x50
 1645 0269 07000000 		.4byte	.LVL41-1
 1646 026d 08000000 		.4byte	.LVL41
 1647 0271 0400     		.2byte	0x4
 1648 0273 F3       		.byte	0xf3
 1649 0274 01       		.uleb128 0x1
 1650 0275 50       		.byte	0x50
 1651 0276 9F       		.byte	0x9f
 1652 0277 08000000 		.4byte	.LVL41
 1653 027b 26000000 		.4byte	.LVL44
 1654 027f 0100     		.2byte	0x1
 1655 0281 50       		.byte	0x50
ARM GAS  C:\Users\teru\AppData\Local\Temp\ccdKGzld.s 			page 32


 1656 0282 00000000 		.4byte	0
 1657 0286 00000000 		.4byte	0
 1658              	.LLST19:
 1659 028a 1E000000 		.4byte	.LVL43
 1660 028e 2A000000 		.4byte	.LVL45
 1661 0292 0100     		.2byte	0x1
 1662 0294 54       		.byte	0x54
 1663 0295 2C000000 		.4byte	.LVL46
 1664 0299 5C000000 		.4byte	.LFE11
 1665 029d 0100     		.2byte	0x1
 1666 029f 54       		.byte	0x54
 1667 02a0 00000000 		.4byte	0
 1668 02a4 00000000 		.4byte	0
 1669              	.LLST20:
 1670 02a8 1E000000 		.4byte	.LVL43
 1671 02ac 26000000 		.4byte	.LVL44
 1672 02b0 0400     		.2byte	0x4
 1673 02b2 40       		.byte	0x40
 1674 02b3 3C       		.byte	0x3c
 1675 02b4 24       		.byte	0x24
 1676 02b5 9F       		.byte	0x9f
 1677 02b6 26000000 		.4byte	.LVL44
 1678 02ba 5C000000 		.4byte	.LFE11
 1679 02be 0100     		.2byte	0x1
 1680 02c0 58       		.byte	0x58
 1681 02c1 00000000 		.4byte	0
 1682 02c5 00000000 		.4byte	0
 1683              	.LLST21:
 1684 02c9 4A000000 		.4byte	.LVL49
 1685 02cd 52000000 		.4byte	.LVL51
 1686 02d1 0100     		.2byte	0x1
 1687 02d3 50       		.byte	0x50
 1688 02d4 00000000 		.4byte	0
 1689 02d8 00000000 		.4byte	0
 1690              	.LLST22:
 1691 02dc 1E000000 		.4byte	.LVL43
 1692 02e0 26000000 		.4byte	.LVL44
 1693 02e4 0200     		.2byte	0x2
 1694 02e6 32       		.byte	0x32
 1695 02e7 9F       		.byte	0x9f
 1696 02e8 26000000 		.4byte	.LVL44
 1697 02ec 5C000000 		.4byte	.LFE11
 1698 02f0 0100     		.2byte	0x1
 1699 02f2 55       		.byte	0x55
 1700 02f3 00000000 		.4byte	0
 1701 02f7 00000000 		.4byte	0
 1702              		.section	.debug_aranges,"",%progbits
 1703 0000 3C000000 		.4byte	0x3c
 1704 0004 0200     		.2byte	0x2
 1705 0006 00000000 		.4byte	.Ldebug_info0
 1706 000a 04       		.byte	0x4
 1707 000b 00       		.byte	0
 1708 000c 0000     		.2byte	0
 1709 000e 0000     		.2byte	0
 1710 0010 00000000 		.4byte	.LFB7
 1711 0014 40000000 		.4byte	.LFE7-.LFB7
 1712 0018 00000000 		.4byte	.LFB8
ARM GAS  C:\Users\teru\AppData\Local\Temp\ccdKGzld.s 			page 33


 1713 001c 52000000 		.4byte	.LFE8-.LFB8
 1714 0020 00000000 		.4byte	.LFB9
 1715 0024 7C000000 		.4byte	.LFE9-.LFB9
 1716 0028 00000000 		.4byte	.LFB10
 1717 002c 5A000000 		.4byte	.LFE10-.LFB10
 1718 0030 00000000 		.4byte	.LFB11
 1719 0034 5C000000 		.4byte	.LFE11-.LFB11
 1720 0038 00000000 		.4byte	0
 1721 003c 00000000 		.4byte	0
 1722              		.section	.debug_ranges,"",%progbits
 1723              	.Ldebug_ranges0:
 1724 0000 1E000000 		.4byte	.LBB13
 1725 0004 20000000 		.4byte	.LBE13
 1726 0008 24000000 		.4byte	.LBB14
 1727 000c 56000000 		.4byte	.LBE14
 1728 0010 00000000 		.4byte	0
 1729 0014 00000000 		.4byte	0
 1730 0018 00000000 		.4byte	.LFB7
 1731 001c 40000000 		.4byte	.LFE7
 1732 0020 00000000 		.4byte	.LFB8
 1733 0024 52000000 		.4byte	.LFE8
 1734 0028 00000000 		.4byte	.LFB9
 1735 002c 7C000000 		.4byte	.LFE9
 1736 0030 00000000 		.4byte	.LFB10
 1737 0034 5A000000 		.4byte	.LFE10
 1738 0038 00000000 		.4byte	.LFB11
 1739 003c 5C000000 		.4byte	.LFE11
 1740 0040 00000000 		.4byte	0
 1741 0044 00000000 		.4byte	0
 1742              		.section	.debug_line,"",%progbits
 1743              	.Ldebug_line0:
 1744 0000 13030000 		.section	.debug_str,"MS",%progbits,1
 1744      02003702 
 1744      00000201 
 1744      FB0E0D00 
 1744      01010101 
 1745              	.LASF14:
 1746 0000 696E7436 		.ascii	"int64_t\000"
 1746      345F7400 
 1747              	.LASF17:
 1748 0008 73697A65 		.ascii	"size_t\000"
 1748      5F7400
 1749              	.LASF37:
 1750 000f 443A5C75 		.ascii	"D:\\user\\teru\\Documents\\PSoC Creator\\BlackBeans"
 1750      7365725C 
 1750      74657275 
 1750      5C446F63 
 1750      756D656E 
 1751 003d 5C426C61 		.ascii	"\\BlackBeans.cydsn\000"
 1751      636B4265 
 1751      616E732E 
 1751      63796473 
 1751      6E00
 1752              	.LASF32:
 1753 004f 636F7331 		.ascii	"cos1516\000"
 1753      35313600 
 1754              	.LASF5:
ARM GAS  C:\Users\teru\AppData\Local\Temp\ccdKGzld.s 			page 34


 1755 0057 5F5F696E 		.ascii	"__int32_t\000"
 1755      7433325F 
 1755      7400
 1756              	.LASF24:
 1757 0061 61627336 		.ascii	"abs64\000"
 1757      3400
 1758              	.LASF2:
 1759 0067 73686F72 		.ascii	"short int\000"
 1759      7420696E 
 1759      7400
 1760              	.LASF35:
 1761 0071 474E5520 		.ascii	"GNU C11 5.4.1 20160609 (release) [ARM/embedded-5-br"
 1761      43313120 
 1761      352E342E 
 1761      31203230 
 1761      31363036 
 1762 00a4 616E6368 		.ascii	"anch revision 237715] -mcpu=cortex-m3 -mthumb -g -O"
 1762      20726576 
 1762      6973696F 
 1762      6E203233 
 1762      37373135 
 1763 00d7 67202D66 		.ascii	"g -funsigned-char -ffunction-sections -ffat-lto-obj"
 1763      756E7369 
 1763      676E6564 
 1763      2D636861 
 1763      72202D66 
 1764 010a 65637473 		.ascii	"ects\000"
 1764      00
 1765              	.LASF38:
 1766 010f 5F5F6675 		.ascii	"__func__\000"
 1766      6E635F5F 
 1766      00
 1767              	.LASF22:
 1768 0118 666C6F61 		.ascii	"float\000"
 1768      7400
 1769              	.LASF33:
 1770 011e 5F5F6173 		.ascii	"__assert_func\000"
 1770      73657274 
 1770      5F66756E 
 1770      6300
 1771              	.LASF1:
 1772 012c 756E7369 		.ascii	"unsigned char\000"
 1772      676E6564 
 1772      20636861 
 1772      7200
 1773              	.LASF7:
 1774 013a 6C6F6E67 		.ascii	"long unsigned int\000"
 1774      20756E73 
 1774      69676E65 
 1774      6420696E 
 1774      7400
 1775              	.LASF3:
 1776 014c 73686F72 		.ascii	"short unsigned int\000"
 1776      7420756E 
 1776      7369676E 
 1776      65642069 
 1776      6E7400
ARM GAS  C:\Users\teru\AppData\Local\Temp\ccdKGzld.s 			page 35


 1777              	.LASF31:
 1778 015f 73696E31 		.ascii	"sin1516\000"
 1778      35313600 
 1779              	.LASF34:
 1780 0167 636C6970 		.ascii	"clip1516_rad\000"
 1780      31353136 
 1780      5F726164 
 1780      00
 1781              	.LASF30:
 1782 0174 65787031 		.ascii	"exp1516\000"
 1782      35313600 
 1783              	.LASF8:
 1784 017c 5F5F696E 		.ascii	"__int64_t\000"
 1784      7436345F 
 1784      7400
 1785              	.LASF16:
 1786 0186 71333133 		.ascii	"q3132_t\000"
 1786      325F7400 
 1787              	.LASF21:
 1788 018e 646F7562 		.ascii	"double\000"
 1788      6C6500
 1789              	.LASF6:
 1790 0195 5F5F7569 		.ascii	"__uint32_t\000"
 1790      6E743332 
 1790      5F7400
 1791              	.LASF23:
 1792 01a0 61627333 		.ascii	"abs32\000"
 1792      3200
 1793              	.LASF36:
 1794 01a6 6473706D 		.ascii	"dspmath.c\000"
 1794      6174682E 
 1794      6300
 1795              	.LASF11:
 1796 01b0 756E7369 		.ascii	"unsigned int\000"
 1796      676E6564 
 1796      20696E74 
 1796      00
 1797              	.LASF10:
 1798 01bd 6C6F6E67 		.ascii	"long long unsigned int\000"
 1798      206C6F6E 
 1798      6720756E 
 1798      7369676E 
 1798      65642069 
 1799              	.LASF28:
 1800 01d4 6C696D69 		.ascii	"limit\000"
 1800      7400
 1801              	.LASF12:
 1802 01da 696E7433 		.ascii	"int32_t\000"
 1802      325F7400 
 1803              	.LASF19:
 1804 01e2 73697A65 		.ascii	"sizetype\000"
 1804      74797065 
 1804      00
 1805              	.LASF29:
 1806 01eb 64696666 		.ascii	"diff\000"
 1806      00
 1807              	.LASF9:
ARM GAS  C:\Users\teru\AppData\Local\Temp\ccdKGzld.s 			page 36


 1808 01f0 6C6F6E67 		.ascii	"long long int\000"
 1808      206C6F6E 
 1808      6720696E 
 1808      7400
 1809              	.LASF20:
 1810 01fe 63686172 		.ascii	"char\000"
 1810      00
 1811              	.LASF15:
 1812 0203 71313531 		.ascii	"q1516_t\000"
 1812      365F7400 
 1813              	.LASF13:
 1814 020b 75696E74 		.ascii	"uint32_t\000"
 1814      33325F74 
 1814      00
 1815              	.LASF4:
 1816 0214 6C6F6E67 		.ascii	"long int\000"
 1816      20696E74 
 1816      00
 1817              	.LASF25:
 1818 021d 66616374 		.ascii	"fact\000"
 1818      00
 1819              	.LASF18:
 1820 0222 6C6F6E67 		.ascii	"long double\000"
 1820      20646F75 
 1820      626C6500 
 1821              	.LASF0:
 1822 022e 7369676E 		.ascii	"signed char\000"
 1822      65642063 
 1822      68617200 
 1823              	.LASF26:
 1824 023a 73717274 		.ascii	"sqrt1516\000"
 1824      31353136 
 1824      00
 1825              	.LASF27:
 1826 0243 6D656D6F 		.ascii	"memo\000"
 1826      00
 1827              		.ident	"GCC: (GNU Tools for ARM Embedded Processors) 5.4.1 20160609 (release) [ARM/embedded-5-bran
