ARM GAS  C:\Users\teru\AppData\Local\Temp\ccUg4PEj.s 			page 1


   1              		.syntax unified
   2              		.cpu cortex-m3
   3              		.fpu softvfp
   4              		.eabi_attribute 20, 1
   5              		.eabi_attribute 21, 1
   6              		.eabi_attribute 23, 3
   7              		.eabi_attribute 24, 1
   8              		.eabi_attribute 25, 1
   9              		.eabi_attribute 26, 1
  10              		.eabi_attribute 30, 1
  11              		.eabi_attribute 34, 1
  12              		.eabi_attribute 18, 4
  13              		.thumb
  14              		.syntax unified
  15              		.file	"main.c"
  16              		.text
  17              	.Ltext0:
  18              		.cfi_sections	.debug_frame
  19              		.section	.text.main,"ax",%progbits
  20              		.align	2
  21              		.global	main
  22              		.thumb
  23              		.thumb_func
  24              		.type	main, %function
  25              	main:
  26              	.LFB65:
  27              		.file 1 "main.c"
   1:main.c        **** /* ========================================
   2:main.c        ****  *
   3:main.c        ****  * Copyright YOUR COMPANY, THE YEAR
   4:main.c        ****  * All Rights Reserved
   5:main.c        ****  * UNPUBLISHED, LICENSED SOFTWARE.
   6:main.c        ****  *
   7:main.c        ****  * CONFIDENTIAL AND PROPRIETARY INFORMATION
   8:main.c        ****  * WHICH IS THE PROPERTY OF your company.
   9:main.c        ****  *
  10:main.c        ****  * ========================================
  11:main.c        **** */
  12:main.c        **** #include "project.h"
  13:main.c        **** 
  14:main.c        **** #include <string.h>
  15:main.c        **** #include <stdbool.h>
  16:main.c        **** #include <stdlib.h>
  17:main.c        **** #include "dspmath.h"
  18:main.c        **** 
  19:main.c        **** int main(void){
  28              		.loc 1 19 0
  29              		.cfi_startproc
  30              		@ args = 0, pretend = 0, frame = 16
  31              		@ frame_needed = 0, uses_anonymous_args = 0
  32 0000 10B5     		push	{r4, lr}
  33              		.cfi_def_cfa_offset 8
  34              		.cfi_offset 4, -8
  35              		.cfi_offset 14, -4
  36 0002 84B0     		sub	sp, sp, #16
  37              		.cfi_def_cfa_offset 24
  20:main.c        ****     UART_Start();
ARM GAS  C:\Users\teru\AppData\Local\Temp\ccUg4PEj.s 			page 2


  38              		.loc 1 20 0
  39 0004 FFF7FEFF 		bl	UART_Start
  40              	.LVL0:
  21:main.c        ****     CyGlobalIntEnable; /* Enable global interrupts. */
  41              		.loc 1 21 0
  42              		.syntax unified
  43              	@ 21 "main.c" 1
  44 0008 62B6     		CPSIE   i
  45              	@ 0 "" 2
  22:main.c        **** 
  23:main.c        ****     int n=fact(16);
  46              		.loc 1 23 0
  47              		.thumb
  48              		.syntax unified
  49 000a 1020     		movs	r0, #16
  50 000c FFF7FEFF 		bl	fact
  51              	.LVL1:
  52 0010 0446     		mov	r4, r0
  53              	.LVL2:
  24:main.c        ****     char buffer[16];
  25:main.c        ****     UART_PutString(itoa(n,buffer,10));
  54              		.loc 1 25 0
  55 0012 0A22     		movs	r2, #10
  56 0014 6946     		mov	r1, sp
  57 0016 FFF7FEFF 		bl	itoa
  58              	.LVL3:
  59 001a FFF7FEFF 		bl	UART_PutString
  60              	.LVL4:
  61              	.L2:
  26:main.c        ****     /* Place your initialization/startup code here (e.g. MyInst_Start()) */
  27:main.c        ****     while(true){
  28:main.c        ****         while(UART_GetRxBufferSize()==0);
  62              		.loc 1 28 0 discriminator 1
  63 001e FFF7FEFF 		bl	UART_GetRxBufferSize
  64              	.LVL5:
  65 0022 0028     		cmp	r0, #0
  66 0024 FBD0     		beq	.L2
  29:main.c        ****         UART_PutChar(UART_GetChar());
  67              		.loc 1 29 0
  68 0026 FFF7FEFF 		bl	UART_GetChar
  69              	.LVL6:
  70 002a FFF7FEFF 		bl	UART_PutChar
  71              	.LVL7:
  30:main.c        ****         UART_PutString(itoa(n,buffer,10));
  72              		.loc 1 30 0
  73 002e 0A22     		movs	r2, #10
  74 0030 6946     		mov	r1, sp
  75 0032 2046     		mov	r0, r4
  76 0034 FFF7FEFF 		bl	itoa
  77              	.LVL8:
  78 0038 FFF7FEFF 		bl	UART_PutString
  79              	.LVL9:
  31:main.c        ****         UART_PutCRLF(1);
  80              		.loc 1 31 0
  81 003c 0120     		movs	r0, #1
  82 003e FFF7FEFF 		bl	UART_PutCRLF
  83              	.LVL10:
ARM GAS  C:\Users\teru\AppData\Local\Temp\ccUg4PEj.s 			page 3


  32:main.c        ****     }
  84              		.loc 1 32 0
  85 0042 ECE7     		b	.L2
  86              		.cfi_endproc
  87              	.LFE65:
  88              		.size	main, .-main
  89              		.text
  90              	.Letext0:
  91              		.file 2 "c:\\program files (x86)\\cypress\\psoc creator\\4.2\\psoc creator\\import\\gnu\\arm\\5.4.
  92              		.file 3 "c:\\program files (x86)\\cypress\\psoc creator\\4.2\\psoc creator\\import\\gnu\\arm\\5.4.
  93              		.file 4 "Generated_Source\\PSoC5/UART.h"
  94              		.file 5 "dspmath.h"
  95              		.file 6 "c:\\program files (x86)\\cypress\\psoc creator\\4.2\\psoc creator\\import\\gnu\\arm\\5.4.
  96              		.file 7 "Generated_Source\\PSoC5/core_cm3.h"
  97              		.section	.debug_info,"",%progbits
  98              	.Ldebug_info0:
  99 0000 E5010000 		.4byte	0x1e5
 100 0004 0400     		.2byte	0x4
 101 0006 00000000 		.4byte	.Ldebug_abbrev0
 102 000a 04       		.byte	0x4
 103 000b 01       		.uleb128 0x1
 104 000c 4A000000 		.4byte	.LASF25
 105 0010 0C       		.byte	0xc
 106 0011 A7010000 		.4byte	.LASF26
 107 0015 00000000 		.4byte	.LASF27
 108 0019 00000000 		.4byte	.Ldebug_ranges0+0
 109 001d 00000000 		.4byte	0
 110 0021 00000000 		.4byte	.Ldebug_line0
 111 0025 02       		.uleb128 0x2
 112 0026 01       		.byte	0x1
 113 0027 06       		.byte	0x6
 114 0028 00020000 		.4byte	.LASF0
 115 002c 02       		.uleb128 0x2
 116 002d 01       		.byte	0x1
 117 002e 08       		.byte	0x8
 118 002f F3000000 		.4byte	.LASF1
 119 0033 02       		.uleb128 0x2
 120 0034 02       		.byte	0x2
 121 0035 05       		.byte	0x5
 122 0036 C0010000 		.4byte	.LASF2
 123 003a 02       		.uleb128 0x2
 124 003b 02       		.byte	0x2
 125 003c 07       		.byte	0x7
 126 003d 13010000 		.4byte	.LASF3
 127 0041 03       		.uleb128 0x3
 128 0042 40000000 		.4byte	.LASF9
 129 0046 02       		.byte	0x2
 130 0047 3F       		.byte	0x3f
 131 0048 4C000000 		.4byte	0x4c
 132 004c 02       		.uleb128 0x2
 133 004d 04       		.byte	0x4
 134 004e 05       		.byte	0x5
 135 004f E6010000 		.4byte	.LASF4
 136 0053 02       		.uleb128 0x2
 137 0054 04       		.byte	0x4
 138 0055 07       		.byte	0x7
 139 0056 01010000 		.4byte	.LASF5
ARM GAS  C:\Users\teru\AppData\Local\Temp\ccUg4PEj.s 			page 4


 140 005a 02       		.uleb128 0x2
 141 005b 08       		.byte	0x8
 142 005c 05       		.byte	0x5
 143 005d 99010000 		.4byte	.LASF6
 144 0061 02       		.uleb128 0x2
 145 0062 08       		.byte	0x8
 146 0063 07       		.byte	0x7
 147 0064 57010000 		.4byte	.LASF7
 148 0068 04       		.uleb128 0x4
 149 0069 04       		.byte	0x4
 150 006a 05       		.byte	0x5
 151 006b 696E7400 		.ascii	"int\000"
 152 006f 02       		.uleb128 0x2
 153 0070 04       		.byte	0x4
 154 0071 07       		.byte	0x7
 155 0072 4A010000 		.4byte	.LASF8
 156 0076 03       		.uleb128 0x3
 157 0077 7B010000 		.4byte	.LASF10
 158 007b 03       		.byte	0x3
 159 007c 2C       		.byte	0x2c
 160 007d 41000000 		.4byte	0x41
 161 0081 02       		.uleb128 0x2
 162 0082 04       		.byte	0x4
 163 0083 04       		.byte	0x4
 164 0084 E8000000 		.4byte	.LASF11
 165 0088 02       		.uleb128 0x2
 166 0089 08       		.byte	0x8
 167 008a 04       		.byte	0x4
 168 008b 3E010000 		.4byte	.LASF12
 169 008f 02       		.uleb128 0x2
 170 0090 01       		.byte	0x1
 171 0091 08       		.byte	0x8
 172 0092 AE010000 		.4byte	.LASF13
 173 0096 02       		.uleb128 0x2
 174 0097 08       		.byte	0x8
 175 0098 04       		.byte	0x4
 176 0099 F4010000 		.4byte	.LASF14
 177 009d 02       		.uleb128 0x2
 178 009e 04       		.byte	0x4
 179 009f 07       		.byte	0x7
 180 00a0 90010000 		.4byte	.LASF15
 181 00a4 05       		.uleb128 0x5
 182 00a5 45010000 		.4byte	.LASF28
 183 00a9 01       		.byte	0x1
 184 00aa 13       		.byte	0x13
 185 00ab 68000000 		.4byte	0x68
 186 00af 00000000 		.4byte	.LFB65
 187 00b3 44000000 		.4byte	.LFE65-.LFB65
 188 00b7 01       		.uleb128 0x1
 189 00b8 9C       		.byte	0x9c
 190 00b9 6F010000 		.4byte	0x16f
 191 00bd 06       		.uleb128 0x6
 192 00be 6E00     		.ascii	"n\000"
 193 00c0 01       		.byte	0x1
 194 00c1 17       		.byte	0x17
 195 00c2 68000000 		.4byte	0x68
 196 00c6 00000000 		.4byte	.LLST0
ARM GAS  C:\Users\teru\AppData\Local\Temp\ccUg4PEj.s 			page 5


 197 00ca 07       		.uleb128 0x7
 198 00cb CA010000 		.4byte	.LASF16
 199 00cf 01       		.byte	0x1
 200 00d0 18       		.byte	0x18
 201 00d1 6F010000 		.4byte	0x16f
 202 00d5 02       		.uleb128 0x2
 203 00d6 91       		.byte	0x91
 204 00d7 68       		.sleb128 -24
 205 00d8 08       		.uleb128 0x8
 206 00d9 08000000 		.4byte	.LVL0
 207 00dd 90010000 		.4byte	0x190
 208 00e1 09       		.uleb128 0x9
 209 00e2 10000000 		.4byte	.LVL1
 210 00e6 9B010000 		.4byte	0x19b
 211 00ea F4000000 		.4byte	0xf4
 212 00ee 0A       		.uleb128 0xa
 213 00ef 01       		.uleb128 0x1
 214 00f0 50       		.byte	0x50
 215 00f1 01       		.uleb128 0x1
 216 00f2 40       		.byte	0x40
 217 00f3 00       		.byte	0
 218 00f4 09       		.uleb128 0x9
 219 00f5 1A000000 		.4byte	.LVL3
 220 00f9 A6010000 		.4byte	0x1a6
 221 00fd 13010000 		.4byte	0x113
 222 0101 0A       		.uleb128 0xa
 223 0102 01       		.uleb128 0x1
 224 0103 50       		.byte	0x50
 225 0104 02       		.uleb128 0x2
 226 0105 74       		.byte	0x74
 227 0106 00       		.sleb128 0
 228 0107 0A       		.uleb128 0xa
 229 0108 01       		.uleb128 0x1
 230 0109 51       		.byte	0x51
 231 010a 02       		.uleb128 0x2
 232 010b 7D       		.byte	0x7d
 233 010c 00       		.sleb128 0
 234 010d 0A       		.uleb128 0xa
 235 010e 01       		.uleb128 0x1
 236 010f 52       		.byte	0x52
 237 0110 01       		.uleb128 0x1
 238 0111 3A       		.byte	0x3a
 239 0112 00       		.byte	0
 240 0113 08       		.uleb128 0x8
 241 0114 1E000000 		.4byte	.LVL4
 242 0118 B1010000 		.4byte	0x1b1
 243 011c 08       		.uleb128 0x8
 244 011d 22000000 		.4byte	.LVL5
 245 0121 BC010000 		.4byte	0x1bc
 246 0125 08       		.uleb128 0x8
 247 0126 2A000000 		.4byte	.LVL6
 248 012a C7010000 		.4byte	0x1c7
 249 012e 08       		.uleb128 0x8
 250 012f 2E000000 		.4byte	.LVL7
 251 0133 D2010000 		.4byte	0x1d2
 252 0137 09       		.uleb128 0x9
 253 0138 38000000 		.4byte	.LVL8
ARM GAS  C:\Users\teru\AppData\Local\Temp\ccUg4PEj.s 			page 6


 254 013c A6010000 		.4byte	0x1a6
 255 0140 56010000 		.4byte	0x156
 256 0144 0A       		.uleb128 0xa
 257 0145 01       		.uleb128 0x1
 258 0146 50       		.byte	0x50
 259 0147 02       		.uleb128 0x2
 260 0148 74       		.byte	0x74
 261 0149 00       		.sleb128 0
 262 014a 0A       		.uleb128 0xa
 263 014b 01       		.uleb128 0x1
 264 014c 51       		.byte	0x51
 265 014d 02       		.uleb128 0x2
 266 014e 7D       		.byte	0x7d
 267 014f 00       		.sleb128 0
 268 0150 0A       		.uleb128 0xa
 269 0151 01       		.uleb128 0x1
 270 0152 52       		.byte	0x52
 271 0153 01       		.uleb128 0x1
 272 0154 3A       		.byte	0x3a
 273 0155 00       		.byte	0
 274 0156 08       		.uleb128 0x8
 275 0157 3C000000 		.4byte	.LVL9
 276 015b B1010000 		.4byte	0x1b1
 277 015f 0B       		.uleb128 0xb
 278 0160 42000000 		.4byte	.LVL10
 279 0164 DD010000 		.4byte	0x1dd
 280 0168 0A       		.uleb128 0xa
 281 0169 01       		.uleb128 0x1
 282 016a 50       		.byte	0x50
 283 016b 01       		.uleb128 0x1
 284 016c 31       		.byte	0x31
 285 016d 00       		.byte	0
 286 016e 00       		.byte	0
 287 016f 0C       		.uleb128 0xc
 288 0170 8F000000 		.4byte	0x8f
 289 0174 7F010000 		.4byte	0x17f
 290 0178 0D       		.uleb128 0xd
 291 0179 9D000000 		.4byte	0x9d
 292 017d 0F       		.byte	0xf
 293 017e 00       		.byte	0
 294 017f 0E       		.uleb128 0xe
 295 0180 31010000 		.4byte	.LASF29
 296 0184 07       		.byte	0x7
 297 0185 1207     		.2byte	0x712
 298 0187 8B010000 		.4byte	0x18b
 299 018b 0F       		.uleb128 0xf
 300 018c 76000000 		.4byte	0x76
 301 0190 10       		.uleb128 0x10
 302 0191 26010000 		.4byte	.LASF17
 303 0195 26010000 		.4byte	.LASF17
 304 0199 04       		.byte	0x4
 305 019a 54       		.byte	0x54
 306 019b 10       		.uleb128 0x10
 307 019c EF010000 		.4byte	.LASF18
 308 01a0 EF010000 		.4byte	.LASF18
 309 01a4 05       		.byte	0x5
 310 01a5 0E       		.byte	0xe
ARM GAS  C:\Users\teru\AppData\Local\Temp\ccUg4PEj.s 			page 7


 311 01a6 10       		.uleb128 0x10
 312 01a7 EE000000 		.4byte	.LASF19
 313 01ab EE000000 		.4byte	.LASF19
 314 01af 06       		.byte	0x6
 315 01b0 CB       		.byte	0xcb
 316 01b1 10       		.uleb128 0x10
 317 01b2 0C020000 		.4byte	.LASF20
 318 01b6 0C020000 		.4byte	.LASF20
 319 01ba 04       		.byte	0x4
 320 01bb 8B       		.byte	0x8b
 321 01bc 10       		.uleb128 0x10
 322 01bd D1010000 		.4byte	.LASF21
 323 01c1 D1010000 		.4byte	.LASF21
 324 01c5 04       		.byte	0x4
 325 01c6 73       		.byte	0x73
 326 01c7 10       		.uleb128 0x10
 327 01c8 B3010000 		.4byte	.LASF22
 328 01cc B3010000 		.4byte	.LASF22
 329 01d0 04       		.byte	0x4
 330 01d1 71       		.byte	0x71
 331 01d2 10       		.uleb128 0x10
 332 01d3 83010000 		.4byte	.LASF23
 333 01d7 83010000 		.4byte	.LASF23
 334 01db 04       		.byte	0x4
 335 01dc 8A       		.byte	0x8a
 336 01dd 10       		.uleb128 0x10
 337 01de 6E010000 		.4byte	.LASF24
 338 01e2 6E010000 		.4byte	.LASF24
 339 01e6 04       		.byte	0x4
 340 01e7 8E       		.byte	0x8e
 341 01e8 00       		.byte	0
 342              		.section	.debug_abbrev,"",%progbits
 343              	.Ldebug_abbrev0:
 344 0000 01       		.uleb128 0x1
 345 0001 11       		.uleb128 0x11
 346 0002 01       		.byte	0x1
 347 0003 25       		.uleb128 0x25
 348 0004 0E       		.uleb128 0xe
 349 0005 13       		.uleb128 0x13
 350 0006 0B       		.uleb128 0xb
 351 0007 03       		.uleb128 0x3
 352 0008 0E       		.uleb128 0xe
 353 0009 1B       		.uleb128 0x1b
 354 000a 0E       		.uleb128 0xe
 355 000b 55       		.uleb128 0x55
 356 000c 17       		.uleb128 0x17
 357 000d 11       		.uleb128 0x11
 358 000e 01       		.uleb128 0x1
 359 000f 10       		.uleb128 0x10
 360 0010 17       		.uleb128 0x17
 361 0011 00       		.byte	0
 362 0012 00       		.byte	0
 363 0013 02       		.uleb128 0x2
 364 0014 24       		.uleb128 0x24
 365 0015 00       		.byte	0
 366 0016 0B       		.uleb128 0xb
 367 0017 0B       		.uleb128 0xb
ARM GAS  C:\Users\teru\AppData\Local\Temp\ccUg4PEj.s 			page 8


 368 0018 3E       		.uleb128 0x3e
 369 0019 0B       		.uleb128 0xb
 370 001a 03       		.uleb128 0x3
 371 001b 0E       		.uleb128 0xe
 372 001c 00       		.byte	0
 373 001d 00       		.byte	0
 374 001e 03       		.uleb128 0x3
 375 001f 16       		.uleb128 0x16
 376 0020 00       		.byte	0
 377 0021 03       		.uleb128 0x3
 378 0022 0E       		.uleb128 0xe
 379 0023 3A       		.uleb128 0x3a
 380 0024 0B       		.uleb128 0xb
 381 0025 3B       		.uleb128 0x3b
 382 0026 0B       		.uleb128 0xb
 383 0027 49       		.uleb128 0x49
 384 0028 13       		.uleb128 0x13
 385 0029 00       		.byte	0
 386 002a 00       		.byte	0
 387 002b 04       		.uleb128 0x4
 388 002c 24       		.uleb128 0x24
 389 002d 00       		.byte	0
 390 002e 0B       		.uleb128 0xb
 391 002f 0B       		.uleb128 0xb
 392 0030 3E       		.uleb128 0x3e
 393 0031 0B       		.uleb128 0xb
 394 0032 03       		.uleb128 0x3
 395 0033 08       		.uleb128 0x8
 396 0034 00       		.byte	0
 397 0035 00       		.byte	0
 398 0036 05       		.uleb128 0x5
 399 0037 2E       		.uleb128 0x2e
 400 0038 01       		.byte	0x1
 401 0039 3F       		.uleb128 0x3f
 402 003a 19       		.uleb128 0x19
 403 003b 03       		.uleb128 0x3
 404 003c 0E       		.uleb128 0xe
 405 003d 3A       		.uleb128 0x3a
 406 003e 0B       		.uleb128 0xb
 407 003f 3B       		.uleb128 0x3b
 408 0040 0B       		.uleb128 0xb
 409 0041 27       		.uleb128 0x27
 410 0042 19       		.uleb128 0x19
 411 0043 49       		.uleb128 0x49
 412 0044 13       		.uleb128 0x13
 413 0045 8701     		.uleb128 0x87
 414 0047 19       		.uleb128 0x19
 415 0048 11       		.uleb128 0x11
 416 0049 01       		.uleb128 0x1
 417 004a 12       		.uleb128 0x12
 418 004b 06       		.uleb128 0x6
 419 004c 40       		.uleb128 0x40
 420 004d 18       		.uleb128 0x18
 421 004e 9742     		.uleb128 0x2117
 422 0050 19       		.uleb128 0x19
 423 0051 01       		.uleb128 0x1
 424 0052 13       		.uleb128 0x13
ARM GAS  C:\Users\teru\AppData\Local\Temp\ccUg4PEj.s 			page 9


 425 0053 00       		.byte	0
 426 0054 00       		.byte	0
 427 0055 06       		.uleb128 0x6
 428 0056 34       		.uleb128 0x34
 429 0057 00       		.byte	0
 430 0058 03       		.uleb128 0x3
 431 0059 08       		.uleb128 0x8
 432 005a 3A       		.uleb128 0x3a
 433 005b 0B       		.uleb128 0xb
 434 005c 3B       		.uleb128 0x3b
 435 005d 0B       		.uleb128 0xb
 436 005e 49       		.uleb128 0x49
 437 005f 13       		.uleb128 0x13
 438 0060 02       		.uleb128 0x2
 439 0061 17       		.uleb128 0x17
 440 0062 00       		.byte	0
 441 0063 00       		.byte	0
 442 0064 07       		.uleb128 0x7
 443 0065 34       		.uleb128 0x34
 444 0066 00       		.byte	0
 445 0067 03       		.uleb128 0x3
 446 0068 0E       		.uleb128 0xe
 447 0069 3A       		.uleb128 0x3a
 448 006a 0B       		.uleb128 0xb
 449 006b 3B       		.uleb128 0x3b
 450 006c 0B       		.uleb128 0xb
 451 006d 49       		.uleb128 0x49
 452 006e 13       		.uleb128 0x13
 453 006f 02       		.uleb128 0x2
 454 0070 18       		.uleb128 0x18
 455 0071 00       		.byte	0
 456 0072 00       		.byte	0
 457 0073 08       		.uleb128 0x8
 458 0074 898201   		.uleb128 0x4109
 459 0077 00       		.byte	0
 460 0078 11       		.uleb128 0x11
 461 0079 01       		.uleb128 0x1
 462 007a 31       		.uleb128 0x31
 463 007b 13       		.uleb128 0x13
 464 007c 00       		.byte	0
 465 007d 00       		.byte	0
 466 007e 09       		.uleb128 0x9
 467 007f 898201   		.uleb128 0x4109
 468 0082 01       		.byte	0x1
 469 0083 11       		.uleb128 0x11
 470 0084 01       		.uleb128 0x1
 471 0085 31       		.uleb128 0x31
 472 0086 13       		.uleb128 0x13
 473 0087 01       		.uleb128 0x1
 474 0088 13       		.uleb128 0x13
 475 0089 00       		.byte	0
 476 008a 00       		.byte	0
 477 008b 0A       		.uleb128 0xa
 478 008c 8A8201   		.uleb128 0x410a
 479 008f 00       		.byte	0
 480 0090 02       		.uleb128 0x2
 481 0091 18       		.uleb128 0x18
ARM GAS  C:\Users\teru\AppData\Local\Temp\ccUg4PEj.s 			page 10


 482 0092 9142     		.uleb128 0x2111
 483 0094 18       		.uleb128 0x18
 484 0095 00       		.byte	0
 485 0096 00       		.byte	0
 486 0097 0B       		.uleb128 0xb
 487 0098 898201   		.uleb128 0x4109
 488 009b 01       		.byte	0x1
 489 009c 11       		.uleb128 0x11
 490 009d 01       		.uleb128 0x1
 491 009e 31       		.uleb128 0x31
 492 009f 13       		.uleb128 0x13
 493 00a0 00       		.byte	0
 494 00a1 00       		.byte	0
 495 00a2 0C       		.uleb128 0xc
 496 00a3 01       		.uleb128 0x1
 497 00a4 01       		.byte	0x1
 498 00a5 49       		.uleb128 0x49
 499 00a6 13       		.uleb128 0x13
 500 00a7 01       		.uleb128 0x1
 501 00a8 13       		.uleb128 0x13
 502 00a9 00       		.byte	0
 503 00aa 00       		.byte	0
 504 00ab 0D       		.uleb128 0xd
 505 00ac 21       		.uleb128 0x21
 506 00ad 00       		.byte	0
 507 00ae 49       		.uleb128 0x49
 508 00af 13       		.uleb128 0x13
 509 00b0 2F       		.uleb128 0x2f
 510 00b1 0B       		.uleb128 0xb
 511 00b2 00       		.byte	0
 512 00b3 00       		.byte	0
 513 00b4 0E       		.uleb128 0xe
 514 00b5 34       		.uleb128 0x34
 515 00b6 00       		.byte	0
 516 00b7 03       		.uleb128 0x3
 517 00b8 0E       		.uleb128 0xe
 518 00b9 3A       		.uleb128 0x3a
 519 00ba 0B       		.uleb128 0xb
 520 00bb 3B       		.uleb128 0x3b
 521 00bc 05       		.uleb128 0x5
 522 00bd 49       		.uleb128 0x49
 523 00be 13       		.uleb128 0x13
 524 00bf 3F       		.uleb128 0x3f
 525 00c0 19       		.uleb128 0x19
 526 00c1 3C       		.uleb128 0x3c
 527 00c2 19       		.uleb128 0x19
 528 00c3 00       		.byte	0
 529 00c4 00       		.byte	0
 530 00c5 0F       		.uleb128 0xf
 531 00c6 35       		.uleb128 0x35
 532 00c7 00       		.byte	0
 533 00c8 49       		.uleb128 0x49
 534 00c9 13       		.uleb128 0x13
 535 00ca 00       		.byte	0
 536 00cb 00       		.byte	0
 537 00cc 10       		.uleb128 0x10
 538 00cd 2E       		.uleb128 0x2e
ARM GAS  C:\Users\teru\AppData\Local\Temp\ccUg4PEj.s 			page 11


 539 00ce 00       		.byte	0
 540 00cf 3F       		.uleb128 0x3f
 541 00d0 19       		.uleb128 0x19
 542 00d1 3C       		.uleb128 0x3c
 543 00d2 19       		.uleb128 0x19
 544 00d3 6E       		.uleb128 0x6e
 545 00d4 0E       		.uleb128 0xe
 546 00d5 03       		.uleb128 0x3
 547 00d6 0E       		.uleb128 0xe
 548 00d7 3A       		.uleb128 0x3a
 549 00d8 0B       		.uleb128 0xb
 550 00d9 3B       		.uleb128 0x3b
 551 00da 0B       		.uleb128 0xb
 552 00db 00       		.byte	0
 553 00dc 00       		.byte	0
 554 00dd 00       		.byte	0
 555              		.section	.debug_loc,"",%progbits
 556              	.Ldebug_loc0:
 557              	.LLST0:
 558 0000 12000000 		.4byte	.LVL2
 559 0004 19000000 		.4byte	.LVL3-1
 560 0008 0100     		.2byte	0x1
 561 000a 50       		.byte	0x50
 562 000b 19000000 		.4byte	.LVL3-1
 563 000f 44000000 		.4byte	.LFE65
 564 0013 0100     		.2byte	0x1
 565 0015 54       		.byte	0x54
 566 0016 00000000 		.4byte	0
 567 001a 00000000 		.4byte	0
 568              		.section	.debug_aranges,"",%progbits
 569 0000 1C000000 		.4byte	0x1c
 570 0004 0200     		.2byte	0x2
 571 0006 00000000 		.4byte	.Ldebug_info0
 572 000a 04       		.byte	0x4
 573 000b 00       		.byte	0
 574 000c 0000     		.2byte	0
 575 000e 0000     		.2byte	0
 576 0010 00000000 		.4byte	.LFB65
 577 0014 44000000 		.4byte	.LFE65-.LFB65
 578 0018 00000000 		.4byte	0
 579 001c 00000000 		.4byte	0
 580              		.section	.debug_ranges,"",%progbits
 581              	.Ldebug_ranges0:
 582 0000 00000000 		.4byte	.LFB65
 583 0004 44000000 		.4byte	.LFE65
 584 0008 00000000 		.4byte	0
 585 000c 00000000 		.4byte	0
 586              		.section	.debug_line,"",%progbits
 587              	.Ldebug_line0:
 588 0000 EC010000 		.section	.debug_str,"MS",%progbits,1
 588      0200CA01 
 588      00000201 
 588      FB0E0D00 
 588      01010101 
 589              	.LASF27:
 590 0000 443A5C75 		.ascii	"D:\\user\\teru\\Documents\\PSoC Creator\\BlackBeans"
 590      7365725C 
ARM GAS  C:\Users\teru\AppData\Local\Temp\ccUg4PEj.s 			page 12


 590      74657275 
 590      5C446F63 
 590      756D656E 
 591 002e 5C426C61 		.ascii	"\\BlackBeans.cydsn\000"
 591      636B4265 
 591      616E732E 
 591      63796473 
 591      6E00
 592              	.LASF9:
 593 0040 5F5F696E 		.ascii	"__int32_t\000"
 593      7433325F 
 593      7400
 594              	.LASF25:
 595 004a 474E5520 		.ascii	"GNU C11 5.4.1 20160609 (release) [ARM/embedded-5-br"
 595      43313120 
 595      352E342E 
 595      31203230 
 595      31363036 
 596 007d 616E6368 		.ascii	"anch revision 237715] -mcpu=cortex-m3 -mthumb -g -O"
 596      20726576 
 596      6973696F 
 596      6E203233 
 596      37373135 
 597 00b0 67202D66 		.ascii	"g -funsigned-char -ffunction-sections -ffat-lto-obj"
 597      756E7369 
 597      676E6564 
 597      2D636861 
 597      72202D66 
 598 00e3 65637473 		.ascii	"ects\000"
 598      00
 599              	.LASF11:
 600 00e8 666C6F61 		.ascii	"float\000"
 600      7400
 601              	.LASF19:
 602 00ee 69746F61 		.ascii	"itoa\000"
 602      00
 603              	.LASF1:
 604 00f3 756E7369 		.ascii	"unsigned char\000"
 604      676E6564 
 604      20636861 
 604      7200
 605              	.LASF5:
 606 0101 6C6F6E67 		.ascii	"long unsigned int\000"
 606      20756E73 
 606      69676E65 
 606      6420696E 
 606      7400
 607              	.LASF3:
 608 0113 73686F72 		.ascii	"short unsigned int\000"
 608      7420756E 
 608      7369676E 
 608      65642069 
 608      6E7400
 609              	.LASF17:
 610 0126 55415254 		.ascii	"UART_Start\000"
 610      5F537461 
 610      727400
ARM GAS  C:\Users\teru\AppData\Local\Temp\ccUg4PEj.s 			page 13


 611              	.LASF29:
 612 0131 49544D5F 		.ascii	"ITM_RxBuffer\000"
 612      52784275 
 612      66666572 
 612      00
 613              	.LASF12:
 614 013e 646F7562 		.ascii	"double\000"
 614      6C6500
 615              	.LASF28:
 616 0145 6D61696E 		.ascii	"main\000"
 616      00
 617              	.LASF8:
 618 014a 756E7369 		.ascii	"unsigned int\000"
 618      676E6564 
 618      20696E74 
 618      00
 619              	.LASF7:
 620 0157 6C6F6E67 		.ascii	"long long unsigned int\000"
 620      206C6F6E 
 620      6720756E 
 620      7369676E 
 620      65642069 
 621              	.LASF24:
 622 016e 55415254 		.ascii	"UART_PutCRLF\000"
 622      5F507574 
 622      43524C46 
 622      00
 623              	.LASF10:
 624 017b 696E7433 		.ascii	"int32_t\000"
 624      325F7400 
 625              	.LASF23:
 626 0183 55415254 		.ascii	"UART_PutChar\000"
 626      5F507574 
 626      43686172 
 626      00
 627              	.LASF15:
 628 0190 73697A65 		.ascii	"sizetype\000"
 628      74797065 
 628      00
 629              	.LASF6:
 630 0199 6C6F6E67 		.ascii	"long long int\000"
 630      206C6F6E 
 630      6720696E 
 630      7400
 631              	.LASF26:
 632 01a7 6D61696E 		.ascii	"main.c\000"
 632      2E6300
 633              	.LASF13:
 634 01ae 63686172 		.ascii	"char\000"
 634      00
 635              	.LASF22:
 636 01b3 55415254 		.ascii	"UART_GetChar\000"
 636      5F476574 
 636      43686172 
 636      00
 637              	.LASF2:
 638 01c0 73686F72 		.ascii	"short int\000"
ARM GAS  C:\Users\teru\AppData\Local\Temp\ccUg4PEj.s 			page 14


 638      7420696E 
 638      7400
 639              	.LASF16:
 640 01ca 62756666 		.ascii	"buffer\000"
 640      657200
 641              	.LASF21:
 642 01d1 55415254 		.ascii	"UART_GetRxBufferSize\000"
 642      5F476574 
 642      52784275 
 642      66666572 
 642      53697A65 
 643              	.LASF4:
 644 01e6 6C6F6E67 		.ascii	"long int\000"
 644      20696E74 
 644      00
 645              	.LASF18:
 646 01ef 66616374 		.ascii	"fact\000"
 646      00
 647              	.LASF14:
 648 01f4 6C6F6E67 		.ascii	"long double\000"
 648      20646F75 
 648      626C6500 
 649              	.LASF0:
 650 0200 7369676E 		.ascii	"signed char\000"
 650      65642063 
 650      68617200 
 651              	.LASF20:
 652 020c 55415254 		.ascii	"UART_PutString\000"
 652      5F507574 
 652      53747269 
 652      6E6700
 653              		.ident	"GCC: (GNU Tools for ARM Embedded Processors) 5.4.1 20160609 (release) [ARM/embedded-5-bran
