ARM GAS  C:\Users\teru\AppData\Local\Temp\ccF9FdoB.s 			page 1


   1              		.syntax unified
   2              		.cpu cortex-m3
   3              		.fpu softvfp
   4              		.eabi_attribute 20, 1
   5              		.eabi_attribute 21, 1
   6              		.eabi_attribute 23, 3
   7              		.eabi_attribute 24, 1
   8              		.eabi_attribute 25, 1
   9              		.eabi_attribute 26, 1
  10              		.eabi_attribute 30, 1
  11              		.eabi_attribute 34, 1
  12              		.eabi_attribute 18, 4
  13              		.thumb
  14              		.syntax unified
  15              		.file	"pidc.c"
  16              		.text
  17              	.Ltext0:
  18              		.cfi_sections	.debug_frame
  19              	.Letext0:
  20              		.section	.debug_line,"",%progbits
  21              	.Ldebug_line0:
  22              		.section	.debug_str,"MS",%progbits,1
  23              	.LASF0:
  24 0000 474E5520 		.ascii	"GNU C++ 5.4.1 20160609 (release) [ARM/embedded-5-br"
  24      432B2B20 
  24      352E342E 
  24      31203230 
  24      31363036 
  25 0033 616E6368 		.ascii	"anch revision 237715] -mcpu=cortex-m3 -mthumb -g -O"
  25      20726576 
  25      6973696F 
  25      6E203233 
  25      37373135 
  26 0066 67202D66 		.ascii	"g -funsigned-char -ffunction-sections -ffat-lto-obj"
  26      756E7369 
  26      676E6564 
  26      2D636861 
  26      72202D66 
  27 0099 65637473 		.ascii	"ects\000"
  27      00
  28              	.LASF1:
  29 009e 443A5C75 		.ascii	"D:\\user\\teru\\Documents\\PSoC Creator\\BlackBeans"
  29      7365725C 
  29      74657275 
  29      5C446F63 
  29      756D656E 
  30 00cc 5C426C61 		.ascii	"\\BlackBeans.cydsn\000"
  30      636B4265 
  30      616E732E 
  30      63796473 
  30      6E00
  31              	.LASF2:
  32 00de 70696463 		.ascii	"pidc.c\000"
  32      2E6300
  33              		.ident	"GCC: (GNU Tools for ARM Embedded Processors) 5.4.1 20160609 (release) [ARM/embedded-5-bran
