#***************************************************************************

#sjplacer

#Version:            1.1

#Build Date:         Dec  5 2017 15:35:27

#File Generated:     Mar 31 2019 05:31:39

#Purpose:            

#Copyright (C) 2010-2011 by Softjin Technologies Pvt Ltd. All rights reserved.

#***************************************************************************

Executing : C:\Program Files (x86)\Cypress\PSoC Creator\4.2\PSoC Creator\bin/sjplacer.exe --proj-name BlackBeans --netlist-vh2 BlackBeans_p.vh2 --arch p35_udb4x6 --arch-file C:\Program Files (x86)\Cypress\PSoC Creator\4.2\PSoC Creator\dev\arch/udbdsi_4x6_24.cydata --ip-file C:\Program Files (x86)\Cypress\PSoC Creator\4.2\PSoC Creator\dev\psoc5/psoc5lp/ip_blocks.cydata --rrg-file C:\Program Files (x86)\Cypress\PSoC Creator\4.2\PSoC Creator\dev\psoc5/psoc5lp/route_arch-rrg.cydata --irq-file C:\Program Files (x86)\Cypress\PSoC Creator\4.2\PSoC Creator\dev\psoc5/psoc5lp/irqconn.cydata --drq-file C:\Program Files (x86)\Cypress\PSoC Creator\4.2\PSoC Creator\dev\psoc5/psoc5lp/dmaconn.cydata --dsi-conn-file C:\Program Files (x86)\Cypress\PSoC Creator\4.2\PSoC Creator\dev\psoc5/psoc5lp/dsiconn.cydata --pins-file pins_68-QFN.xml --lib-file BlackBeans_p.lib --sdc-file BlackBeans.sdc --io-pcf BlackBeans.pci --outdir .

		Softjin Techologies Placer, Version 1.1

Build Date : Dec  5 2017	15:33:41

D2004: Option and Settings Summary
=============================================================
Netlist vh2 file          - BlackBeans_p.vh2
Architecture file         - C:\Program Files (x86)\Cypress\PSoC Creator\4.2\PSoC Creator\dev\arch/udbdsi_4x6_24.cydata
Package                   - 
Defparam file             - 
SDC file                  - BlackBeans.sdc
Output directory          - .
Timing library            - BlackBeans_p.lib
IO Placement file         - BlackBeans.pci

D2050: Starting reading inputs for placer
=============================================================
D2065: Reading netlist file : "BlackBeans_p.vh2"
D2065: Reading arch file : "C:\Program Files (x86)\Cypress\PSoC Creator\4.2\PSoC Creator\dev\arch/udbdsi_4x6_24.cydata"
D2051: Reading of inputs for placer completed successfully

D2053: Starting placement of the design
=============================================================

Phase 2
Phase 3

Design Statistics after Packing
    Number of Combinational MCs 	:	24
    Number of Sequential MCs    	:	50
    Number of DPs               	:	7
    Number of Controls          	:	5
    Number of Status            	:	5
    Number of SyncCells         	:	6
    Number of count7cells       	:	1

Device Utilization Summary after Packing
    Macrocells                  :	74/192
    UDBS                        :	13/24
    IOs                         :	15/72


D2088: Phase 3, elapsed time : 0.0 (sec)

Phase 4
D2088: Phase 4, elapsed time : 0.0 (sec)

Phase 5
D2088: Phase 5, elapsed time : 0.0 (sec)

Phase 6

######################################################################
Placement Timing Summary

The timing summary is based on estimated routing delays after
placement. For final timing report, please carry out the timing
analysis after routing.
======================================================================

######################################################################
                     Clock Summary 
======================================================================
Number of clocks: 7
Clock: BLDCClock            | Frequency:  55.3 MHz | Target:  24.0 MHz
Clock: CyBUS_CLK            | Frequency:  55.3 MHz | Target:  72.0 MHz
Clock: CyILO                | Frequency: N/A       | Target:   0.1 MHz
Clock: CyIMO                | Frequency: N/A       | Target:  24.0 MHz
Clock: CyMASTER_CLK         | Frequency: N/A       | Target:  72.0 MHz
Clock: CyPLL_OUT            | Frequency: N/A       | Target:  72.0 MHz
Clock: UART_IntClock        | Frequency:  42.7 MHz | Target:   0.1 MHz

======================================================================
                     End of Clock Summary
######################################################################

D2088: Phase 6, elapsed time : 0.0 (sec)

Phase 7
######################################################################
                     Clock Summary 
======================================================================
Number of clocks: 7
Clock: BLDCClock            | Frequency:  44.5 MHz | Target:  24.0 MHz
Clock: CyBUS_CLK            | Frequency:  56.9 MHz | Target:  72.0 MHz
Clock: CyILO                | Frequency: N/A       | Target:   0.1 MHz
Clock: CyIMO                | Frequency: N/A       | Target:  24.0 MHz
Clock: CyMASTER_CLK         | Frequency: N/A       | Target:  72.0 MHz
Clock: CyPLL_OUT            | Frequency: N/A       | Target:  72.0 MHz
Clock: UART_IntClock        | Frequency:  66.4 MHz | Target:   0.1 MHz

======================================================================
                     End of Clock Summary
######################################################################
D2088: Phase 7, elapsed time : 1.0 (sec)

Final Design Statistics
    Number of Combinational MCs 	:	24
    Number of Sequential MCs    	:	50
    Number of DPs               	:	7
    Number of Controls          	:	5
    Number of Status            	:	5
    Number of SyncCells         	:	6
    Number of count7cells       	:	1
    Number of IOs       	:	15

Device Utilization Summary
    Macrocells                  :	74/192
    IOs                         :	15/72



######################################################################
Placement Timing Summary

The timing summary is based on estimated routing delays after
placement. For final timing report, please carry out the timing
analysis after routing.
======================================================================


######################################################################
                     Clock Summary 
======================================================================
Number of clocks: 7
Clock: BLDCClock            | Frequency:  53.0 MHz | Target:  24.0 MHz
Clock: CyBUS_CLK            | Frequency:  67.7 MHz | Target:  72.0 MHz
Clock: CyILO                | Frequency: N/A       | Target:   0.1 MHz
Clock: CyIMO                | Frequency: N/A       | Target:  24.0 MHz
Clock: CyMASTER_CLK         | Frequency: N/A       | Target:  72.0 MHz
Clock: CyPLL_OUT            | Frequency: N/A       | Target:  72.0 MHz
Clock: UART_IntClock        | Frequency:  49.0 MHz | Target:   0.1 MHz

======================================================================
                     End of Clock Summary
######################################################################

Phase 8
D2088: Phase 8, elapsed time : 0.0 (sec)

D2054: Placement of the design completed successfully

I2076: Total run-time: 1.8 sec.

